dm1lc3M6Ly9leUpoWkdRaU9pSXlNQzR5TlRVdU1qUTRMakUyT1NJc0ltRnBaQ0k2TUN3aWFHOXpk
Q0k2SWlJc0ltbGtJam9pTnpRNU5qazJOR1l0WWpVek5TMDBNalkyTFRrd00yVXRPRFZqT1RnMllU
RTFPRFJoSWl3aWJtVjBJam9pZDNNaUxDSndZWFJvSWpvaUx5SXNJbkJ2Y25RaU9qZ3dMQ0p3Y3lJ
NkluZDNkeTU1YjNWdVpXVmtMbmRwYmlJc0luUnNjeUk2SWlJc0luUjVjR1VpT2lKaGRYUnZJaXdp
YzJWamRYSnBkSGtpT2lKaGRYUnZJaXdpYzJ0cGNDMWpaWEowTFhabGNtbG1lU0k2ZEhKMVpTd2lj
MjVwSWpvaUluMD0Kdm1lc3M6Ly9leUp3Y3lJNkluZDNkeTU1YjNWdVpXVmtMbmRwYmlJc0ltRmta
Q0k2SW5kM2R5NXJaWEp1Wld4ekxtSnBaQ0lzSW5CdmNuUWlPaUk0TUNJc0ltbGtJam9pTWpWbFl6
TTVaamN0TjJOa1pDMDBZek5qTFdKak0yTXROakJsT1dFNE9USTNZalJoSWl3aVlXbGtJam9pTUNJ
c0ltNWxkQ0k2SW5keklpd2lkSGx3WlNJNkltNXZibVVpTENKb2IzTjBJam9pTDNkeklpd2lkR3h6
SWpvaWJtOXVaU0o5CnZtZXNzOi8vZXlKaFpHUWlPaUl6TkM0eE5EVXVNVFExTGpjMklpd2lZV2xr
SWpvd0xDSm9iM04wSWpvaVkyeGhjMmcyTG5OemNpMW1jbVZsTG5oNWVpSXNJbWxrSWpvaU5XWTJO
R1poTmpVdE4ySXhOQzAwT1dNMUxUazFOR1F0WVdFeE5XTTJZbVpqWVdOa0lpd2libVYwSWpvaWQz
TWlMQ0p3WVhSb0lqb2lMMlJ2Ym1kMFlXbDNZVzVuTG1OdmJTSXNJbkJ2Y25RaU9qUTBNeXdpY0hN
aU9pSjNkM2N1ZVc5MWJtVmxaQzUzYVc0aUxDSjBiSE1pT2lKMGJITWlMQ0owZVhCbElqb2lZWFYw
YnlJc0luTmxZM1Z5YVhSNUlqb2lZWFYwYnlJc0luTnJhWEF0WTJWeWRDMTJaWEpwWm5raU9uUnlk
V1VzSW5OdWFTSTZJaUo5CnZtZXNzOi8vZXlKMklqb2lNaUlzSW5Ceklqb2lkM2QzTG5sdmRXNWxa
V1F1ZDJsdUlpd2lZV1JrSWpvaU1UVTFMakkwT0M0eU5ERXVOVElpTENKd2IzSjBJam9pTkRReklp
d2lhV1FpT2lJNE1XUTVNMlkyTWkweE5XRXlMVFE1T1RRdFlXUmlPUzB3WWpWa09UQTJZV0ZqTjJV
aUxDSmhhV1FpT2lJd0lpd2ljMk41SWpvaVlYVjBieUlzSW01bGRDSTZJbmR6SWl3aWRIbHdaU0k2
SW01dmJtVWlMQ0pvYjNOMElqb2lNVFUxTGpJME9DNHlOREV1TlRJaUxDSndZWFJvSWpvaUx5SXNJ
blJzY3lJNkluUnNjeUlzSW5OdWFTSTZJaUlzSW1Gc2NHNGlPaUlpZlE9PQp2bWVzczovL2V5SjJJ
am9pTWlJc0luQnpJam9pZDNkM0xubHZkVzVsWldRdWQybHVJaXdpWVdSa0lqb2lNVEUzTGpVd0xq
RTNNaTQ0T1NJc0luQnZjblFpT2pFNU9EZzVMQ0pwWkNJNklqZzRNekJtT1dKaExXSXpNREF0TkRF
NVppMDVNbVpqTFdSa05XSTFZamd5WkdFMlppSXNJbUZwWkNJNk1Dd2libVYwSWpvaWRHTndJaXdp
ZEhsd1pTSTZJbTV2Ym1VaUxDSm9iM04wSWpvaUlpd2ljR0YwYUNJNklpSXNJblJzY3lJNkltNXZi
bVVpZlE9PQp2bWVzczovL2V5SmhaR1FpT2lJME5pNHhPREl1TVRBM0xqRXpNQ0lzSW5ZaU9qSXNJ
bkJ6SWpvaWQzZDNMbmx2ZFc1bFpXUXVkMmx1SWl3aWNHOXlkQ0k2SWpRME15SXNJbWxrSWpvaU9U
VTBPV0V5WTJZdE1USTVZaTAwTTJFeExUZzRaR0l0WldZM1pqWTBPR1JsTnpSaElpd2lZV2xrSWpv
aU5qUWlMQ0p6WTNraU9pSmhkWFJ2SWl3aWJtVjBJam9pZDNNaUxDSjBlWEJsSWpvaUlpd2lhRzl6
ZENJNkluZDNkeTQzTmpjek9EWTVPUzU0ZVhvaUxDSjBiSE1pT2lKMGJITWlMQ0p3WVhSb0lqb2lM
M0JoZEdndk1EUXhOakk1TVRFd056RXlJbjA9CnZtZXNzOi8vZXlKMklqb2lNaUlzSW5Ceklqb2lk
M2QzTG5sdmRXNWxaV1F1ZDJsdUlpd2lZV1JrSWpvaU1URTVMakl6Tnk0ME15NHlNVGNpTENKd2Iz
SjBJam9pTkRReklpd2lkSGx3WlNJNkltNXZibVVpTENKcFpDSTZJamd4WkRrelpqWXlMVEUxWVRJ
dE5EazVOQzFoWkdJNUxUQmlOV1E1TURaaFlXTTNaU0lzSW1GcFpDSTZJakFpTENKdVpYUWlPaUoz
Y3lJc0luQmhkR2dpT2lJdklpd2lhRzl6ZENJNkluUm5kVzVwZG5OMFlYSXVNVFk0TFRFek9DMDVO
QzB4T1RRdWMzTnNhWEF1YVc4aUxDSjBiSE1pT2lKMGJITWlmUT09CnZtZXNzOi8vZXlKaFpHUWlP
aUl4T1RndU5ERXVNakF6TGpNaUxDSmhhV1FpT2pBc0ltaHZjM1FpT2lKc1p6RXVZMlpqWkc0ekxu
aDVlaUlzSW1sa0lqb2lNek5oWVRVM1pHWXRNV001TXkwME16RTRMVGxtWTJVdFpUZzFNRFF6TjJW
bE56Z3hJaXdpYm1WMElqb2lkM01pTENKd1lYUm9Jam9pTDJSdmJtZDBZV2wzWVc1bkxtTnZiU0lz
SW5CdmNuUWlPalEwTXl3aWNITWlPaUozZDNjdWVXOTFibVZsWkM1M2FXNGlMQ0owYkhNaU9pSjBi
SE1pTENKMGVYQmxJam9pWVhWMGJ5SXNJbk5sWTNWeWFYUjVJam9pWVhWMGJ5SXNJbk5yYVhBdFky
VnlkQzEyWlhKcFpua2lPblJ5ZFdVc0luTnVhU0k2SWlKOQp2bWVzczovL2V5SmhaR1FpT2lKMk1u
VnpNREl1YVhONFlTNTBiM0FpTENKb2IzTjBJam9pSWl3aWFXUWlPaUlpTENKdVpYUWlPaUozY3lJ
c0luQmhkR2dpT2lJdmNtRjVJaXdpY0c5eWRDSTZJalEwTXlJc0luQnpJam9pZDNkM0xubHZkVzVs
WldRdWQybHVJaXdpZEd4eklqb2lkR3h6SWl3aWRpSTZNaXdpWVdsa0lqb3dMQ0owZVhCbElqb2li
bTl1WlNKOQp2bWVzczovL2V5SjJJam9pTWlJc0luQnpJam9pZDNkM0xubHZkVzVsWldRdWQybHVJ
aXdpWVdSa0lqb2lORGt1TWpNMUxqY3pMakV5TlNJc0luQnZjblFpT2pnd0xDSnBaQ0k2SWpobFky
TXhZak0wTFRVMU56SXROR05qTlMwNE56ZzNMV1UzTm1VMll6STVZMlExWWlJc0ltRnBaQ0k2TUN3
aWJtVjBJam9pZEdOd0lpd2lkSGx3WlNJNkltaDBkSEFpTENKb2IzTjBJam9pSWl3aWNHRjBhQ0k2
SWk4aUxDSjBiSE1pT2lKdWIyNWxJbjA9CnZtZXNzOi8vZXlKb2IzTjBJam9pSWl3aWNHRjBhQ0k2
SWk5blpYUjNaV0YwYUdWeUlpd2ljRzl5ZENJNklqUTBNeUlzSW5Sc2N5STZJblJzY3lJc0luQnpJ
am9pZDNkM0xubHZkVzVsWldRdWQybHVJaXdpYVdRaU9pSXdaRGcyWkdFd01pMDJZekV4TFRFeFpX
UXRPREZoWkMwd01EQXdNVGN3TWpJd01EZ2lMQ0poWkdRaU9pSmhiM0F1YzNObWNtVmxMbkoxSWl3
aWRpSTZJaklpTENKaGFXUWlPaUkyTkNJc0ltNWxkQ0k2SW5keklpd2lkSGx3WlNJNkltNXZibVVp
ZlE9PQp2bWVzczovL2V5SmhaR1FpT2lKalpHNHVZMmhwWjNWaExuUnJJaXdpWVdsa0lqb3dMQ0pv
YjNOMElqb2lkakl1WTJocFozVmhMblJySWl3aWFXUWlPaUptWm1abVptWm1aaTFtWm1abUxXWm1a
bVl0Wm1abVppMW1abVptWm1abVptWm1abVlpTENKdVpYUWlPaUozY3lJc0luQmhkR2dpT2lJdmRt
MWxjM01pTENKd2IzSjBJam8wTkRNc0luQnpJam9pZDNkM0xubHZkVzVsWldRdWQybHVJaXdpZEd4
eklqb2lkR3h6SWl3aWRIbHdaU0k2SW1GMWRHOGlMQ0p6WldOMWNtbDBlU0k2SW1GMWRHOGlMQ0p6
YTJsd0xXTmxjblF0ZG1WeWFXWjVJanAwY25WbExDSnpibWtpT2lKMk1pNWphR2xuZFdFdWRHc2lm
UT09CnZtZXNzOi8vZXlKaFpHUWlPaUl4TmpjdU1URTBMalkzTGpJMUlpd2lZV2xrSWpvd0xDSm9i
M04wSWpvaU1EQTFaR2RrWmk1d1lXZGxjeTVrWlhZaUxDSnBaQ0k2SWpZMU1qRTRabVU0TFdRNVl6
SXROR1V3TnkwNU5XSmlMV05pTm1Vek56bGhORFF3WWlJc0ltNWxkQ0k2SW5keklpd2ljR0YwYUNJ
NklpODJOVEl4T0dabE9DMWtPV015TFRSbE1EY3RPVFZpWWkxallqWmxNemM1WVRRME1HSXRkbTBp
TENKd2IzSjBJam8wTkRNc0luQnpJam9pZDNkM0xubHZkVzVsWldRdWQybHVJaXdpZEd4eklqb2lk
R3h6SWl3aWRIbHdaU0k2SW1GMWRHOGlMQ0p6WldOMWNtbDBlU0k2SW1GMWRHOGlMQ0p6YTJsd0xX
TmxjblF0ZG1WeWFXWjVJanAwY25WbExDSnpibWtpT2lJaWZRPT0Kdm1lc3M6Ly9leUoySWpvaU1p
SXNJbkJ6SWpvaWQzZDNMbmx2ZFc1bFpXUXVkMmx1SWl3aVlXUmtJam9pTVRZeExqTTFMakV5TGpF
aUxDSndiM0owSWpvaU5EUXpJaXdpYVdRaU9pSTJOVEl4T0dabE9DMWtPV015TFRSbE1EY3RPVFZp
WWkxallqWmxNemM1WVRRME1HSWlMQ0poYVdRaU9pSXdJaXdpYzJONUlqb2lZWFYwYnlJc0ltNWxk
Q0k2SW5keklpd2lkSGx3WlNJNklpSXNJbWh2YzNRaU9pSXdNREpvYm1kb0xuQmhaMlZ6TG1SbGRp
SXNJbkJoZEdnaU9pSXZOalV5TVRobVpUZ3RaRGxqTWkwMFpUQTNMVGsxWW1JdFkySTJaVE0zT1dF
ME5EQmlMWFp0SWl3aWRHeHpJam9pZEd4ekluMD0Kdm1lc3M6Ly9leUoySWpvaU1pSXNJbkJ6SWpv
aWQzZDNMbmx2ZFc1bFpXUXVkMmx1SWl3aVlXUmtJam9pTVRjeUxqWTBMakUwT0M0eE1URWlMQ0p3
YjNKMElqb2lORFF6SWl3aWFXUWlPaUptTXpNNU5UZGxPQzB6TnpKbExUUm1ZbUV0T1RsbFpDMW1O
R1JpTXpKalkyVTVaVFVpTENKaGFXUWlPaUl3SWl3aWMyTjVJam9pWVhWMGJ5SXNJbTVsZENJNklu
ZHpJaXdpZEhsd1pTSTZJbTV2Ym1VaUxDSm9iM04wSWpvaVpuSXlMbU5tWTJSdU5DNTRlWG9pTENK
d1lYUm9Jam9pTDNKaGVTSXNJblJzY3lJNkluUnNjeUlzSW5OdWFTSTZJaUo5CnZtZXNzOi8vZXlK
Mklqb2lNaUlzSW5Ceklqb2lkM2QzTG5sdmRXNWxaV1F1ZDJsdUlpd2lZV1JrSWpvaU1UY3lMalkw
TGpFMU1DNHhOekFpTENKd2IzSjBJam9pTkRReklpd2lhV1FpT2lJMk5USXhPR1psT0Mxa09XTXlM
VFJsTURjdE9UVmlZaTFqWWpabE16YzVZVFEwTUdJaUxDSmhhV1FpT2lJd0lpd2ljMk41SWpvaVlY
VjBieUlzSW01bGRDSTZJbmR6SWl3aWRIbHdaU0k2SWlJc0ltaHZjM1FpT2lJd01ERm1jbWN1Y0dG
blpYTXVaR1YySWl3aWNHRjBhQ0k2SWk4Mk5USXhPR1psT0Mxa09XTXlMVFJsTURjdE9UVmlZaTFq
WWpabE16YzVZVFEwTUdJdGRtMGlMQ0owYkhNaU9pSjBiSE1pZlE9PQp2bWVzczovL2V5SjJJam9p
TWlJc0luQnpJam9pZDNkM0xubHZkVzVsWldRdWQybHVJaXdpWVdSa0lqb2lNVFEyTGpVMkxqRXdO
QzR5TXpZaUxDSndiM0owSWpvaU5EUXpJaXdpYVdRaU9pSTRNV1E1TTJZMk1pMHhOV0V5TFRRNU9U
UXRZV1JpT1Mwd1lqVmtPVEEyWVdGak4yVWlMQ0poYVdRaU9pSXdJaXdpYzJONUlqb2lZWFYwYnlJ
c0ltNWxkQ0k2SW5keklpd2lkSGx3WlNJNkltNXZibVVpTENKb2IzTjBJam9pTVRRMkxqVTJMakV3
TkM0eU16WWlMQ0p3WVhSb0lqb2lMeUlzSW5Sc2N5STZJblJzY3lJc0luTnVhU0k2SWlJc0ltRnNj
RzRpT2lJaWZRPT0Kdm1lc3M6Ly9leUoySWpvaU1pSXNJbkJ6SWpvaWQzZDNMbmx2ZFc1bFpXUXVk
Mmx1SWl3aVlXUmtJam9pY0c5M1pYSnpaWEoyYVdObExtTnZiU0lzSW5CdmNuUWlPaUkwTkRNaUxD
SnBaQ0k2SWpBM05qUmhOVGs0TFRneVl6UXROR0kwTVMxaVlURXdMVFUxTVdFMk1qVmlaV1ZrTlNJ
c0ltRnBaQ0k2SWpBaUxDSnpZM2tpT2lKaGRYUnZJaXdpYm1WMElqb2lkM01pTENKMGVYQmxJam9p
Ym05dVpTSXNJbWh2YzNRaU9pSWlMQ0p3WVhSb0lqb2lkV3N5TG5ZeWNtRjVjMlZ5ZGk1amIyMGlM
Q0owYkhNaU9pSjBiSE1pTENKemJta2lPaUlpTENKaGJIQnVJam9pSW4wPQp2bWVzczovL2V5Smha
R1FpT2lJeE9UZ3VOREV1TWpFeUxqRTFOU0lzSW1GcFpDSTZNQ3dpYUc5emRDSTZJbXhuTVM1alpt
Tmtiakl1ZUhsNklpd2lhV1FpT2lJeU5qZGhPV1l6T0MwME1HUTRMVFJsWkRZdFlXSTFPQzFqWVda
ak5qZGxPV001TXpNaUxDSnVaWFFpT2lKM2N5SXNJbkJoZEdnaU9pSXZWa2hQVGs5R1dqTWlMQ0p3
YjNKMElqbzBORE1zSW5Ceklqb2lkM2QzTG5sdmRXNWxaV1F1ZDJsdUlpd2lkR3h6SWpvaWRHeHpJ
aXdpZEhsd1pTSTZJbUYxZEc4aUxDSnpaV04xY21sMGVTSTZJbUYxZEc4aUxDSnphMmx3TFdObGNu
UXRkbVZ5YVdaNUlqcDBjblZsTENKemJta2lPaUlpZlE9PQp2bWVzczovL2V5SmhaR1FpT2lJeE16
a3VNVFl5TGpReExqTTVJaXdpWVdsa0lqb3dMQ0pvYjNOMElqb2lNVE01TGpFMk1pNDBNUzR6T1NJ
c0ltbGtJam9pTlRnek1qVmhOVFV0WW1RNU1pMDBOREUzTFdGbU1URXRPREZsWVRkak56a3pPR1Uw
SWl3aWJtVjBJam9pZDNNaUxDSndZWFJvSWpvaUwycGpibVlpTENKd2IzSjBJam95TXpRek1pd2lj
SE1pT2lKM2QzY3VlVzkxYm1WbFpDNTNhVzRpTENKMGJITWlPaUlpTENKMGVYQmxJam9pWVhWMGJ5
SXNJbk5sWTNWeWFYUjVJam9pWVhWMGJ5SXNJbk5yYVhBdFkyVnlkQzEyWlhKcFpua2lPblJ5ZFdV
c0luTnVhU0k2SWlKOQp2bWVzczovL2V5SjJJam9pTWlJc0luQnpJam9pZDNkM0xubHZkVzVsWldR
dWQybHVJaXdpWVdSa0lqb2lNVFF4TGpFd01TNHhNVFF1TVRNeklpd2ljRzl5ZENJNklqUTBNeUlz
SW1sa0lqb2labU5tWVdWak9URXROakE1TmkwME5HUTRMVGsxTm1NdE56ZzJPR1E1WlRnM05HSXhJ
aXdpWVdsa0lqb2lNQ0lzSW5OamVTSTZJbUYxZEc4aUxDSnVaWFFpT2lKM2N5SXNJblI1Y0dVaU9p
SnViMjVsSWl3aWFHOXpkQ0k2SW14bk1TNWpabU5rYmpFdWVIbDZJaXdpY0dGMGFDSTZJaTl5WVhr
aUxDSjBiSE1pT2lKMGJITWlMQ0p6Ym1raU9pSWlmUT09CnZtZXNzOi8vZXlKMklqb2lNaUlzSW5C
eklqb2lkM2QzTG5sdmRXNWxaV1F1ZDJsdUlpd2lZV1JrSWpvaU1UQTJMamMxTGpJeE9DNHhNVElp
TENKd2IzSjBJam9pTkRReklpd2lkSGx3WlNJNkltNXZibVVpTENKcFpDSTZJamt4TmpRMlpqbGhM
V0kwWlRrdE5HRmpZUzFpWm1VekxUZzRPVEppTTJVMU9HWmxOeUlzSW1GcFpDSTZJakFpTENKdVpY
UWlPaUozY3lJc0luQmhkR2dpT2lJdmNtRjVJaXdpYUc5emRDSTZJbXhuTXpBdVkyWmpaRzR6TG5o
NWVpSXNJblJzY3lJNkluUnNjeUo5CnZtZXNzOi8vZXlKMklqb2lNaUlzSW5Ceklqb2lkM2QzTG5s
dmRXNWxaV1F1ZDJsdUlpd2lZV1JrSWpvaU1USTBMakl5TVM0eE16RXVNVGMySWl3aWNHOXlkQ0k2
TlRBM09UY3NJbWxrSWpvaVptRTBZalptT0dZdE1USTJOQzAwTldWakxUazJOVEV0TmpFMk1HTXhN
bU5oWW1NMUlpd2lZV2xrSWpvd0xDSnVaWFFpT2lKMFkzQWlMQ0owZVhCbElqb2lhSFIwY0NJc0lt
aHZjM1FpT2lJaUxDSndZWFJvSWpvaUx5SXNJblJzY3lJNkltNXZibVVpZlE9PQp2bWVzczovL2V5
SmhaR1FpT2lJeU15NHlNalF1TXpBdU56QWlMQ0poYVdRaU9pSTJOQ0lzSW1WdVkzSjVjSFJwYjI0
aU9pSmhkWFJ2SWl3aWFHOXpkQ0k2SW5kM2R5NDJOelF4TmpVMk1pNTRlWG9pTENKcFpDSTZJalF4
T0RBME9HRm1MV0V5T1RNdE5HSTVPUzA1WWpCakxUazRZMkV6TlRnd1pHUXlOQ0lzSW01bGRDSTZJ
bmR6SWl3aWNHRjBhQ0k2SWk5d1lYUm9Mek15TVRFeE16SXlNVEV6TVNJc0luQnZjblFpT2lJME5E
TWlMQ0p3Y3lJNkluZDNkeTU1YjNWdVpXVmtMbmRwYmlJc0luTmxZM1Z5YVhSNUlqb2lZWFYwYnlJ
c0luTnJhWEF0WTJWeWRDMTJaWEpwWm5raU9tWmhiSE5sTENKMGJITWlPaUowYkhNaUxDSjBlWEJs
SWpvaVpIUnNjeUlzSW5WeWJGOW5jbTkxY0NJNkluUXViV1V2Y21sd1lXOXFhV1ZrYVdGdUlpd2lk
aUk2SWpJaWZRPT0Kdm1lc3M6Ly9leUpoWkdRaU9pSTFNUzQ0T1M0eE1EQXVNVEFpTENKaGFXUWlP
alkwTENKb2IzTjBJam9pSWl3aWFXUWlPaUk0TTJFME1qUmtPQzAwWW1OaUxUUmpaV1V0WWpBeE5p
MHlZemhtTVdSaU5HRTVNakVpTENKdVpYUWlPaUozY3lJc0luQmhkR2dpT2lJdmNHRjBhQzh5TkRN
MU16VXpNakk1TURZaUxDSndiM0owSWpvME5ETXNJbkJ6SWpvaWQzZDNMbmx2ZFc1bFpXUXVkMmx1
SWl3aWRHeHpJam9pZEd4eklpd2lkSGx3WlNJNkltRjFkRzhpTENKelpXTjFjbWwwZVNJNkltRjFk
RzhpTENKemEybHdMV05sY25RdGRtVnlhV1o1SWpwMGNuVmxMQ0p6Ym1raU9pSWlmUT09CnZtZXNz
Oi8vZXlKMklqb2lNaUlzSW5Ceklqb2lkM2QzTG5sdmRXNWxaV1F1ZDJsdUlpd2lZV1JrSWpvaU1U
UXhMakV3TVM0eE1UVXVNVEl3SWl3aWNHOXlkQ0k2SWpRME15SXNJblI1Y0dVaU9pSnViMjVsSWl3
aWFXUWlPaUk1TVRZME5tWTVZUzFpTkdVNUxUUmhZMkV0WW1abE15MDRPRGt5WWpObE5UaG1aVGNp
TENKaGFXUWlPaUl3SWl3aWJtVjBJam9pZDNNaUxDSndZWFJvSWpvaUwzSmhlU0lzSW1odmMzUWlP
aUpzWnpNd0xtTm1ZMlJ1TXk1NGVYb2lMQ0owYkhNaU9pSjBiSE1pZlE9PQp2bWVzczovL2V5Smha
R1FpT2lJeE5EUXVNVEkyTGpJeE5DNHlNVGdpTENKaGFXUWlPakFzSW1odmMzUWlPaUlpTENKcFpD
STZJakkzTlRkbVpEWXlMV1pqWmpBdE5EazBOaTA1WWpRMkxURmlOamszTnpReE5UYzFZaUlzSW01
bGRDSTZJbmR6SWl3aWNHRjBhQ0k2SWk5dE1TSXNJbkJ2Y25RaU9qUTBNeXdpY0hNaU9pSjNkM2N1
ZVc5MWJtVmxaQzUzYVc0aUxDSjBiSE1pT2lKMGJITWlMQ0owZVhCbElqb2lZWFYwYnlJc0luTmxZ
M1Z5YVhSNUlqb2lZWFYwYnlJc0luTnJhWEF0WTJWeWRDMTJaWEpwWm5raU9uUnlkV1VzSW5OdWFT
STZJaUo5CnZtZXNzOi8vZXlKMklqb2lNaUlzSW5Ceklqb2lkM2QzTG5sdmRXNWxaV1F1ZDJsdUlp
d2lZV1JrSWpvaU1UUXhMakV3TVM0eE1UVXVNakFpTENKd2IzSjBJam9pTkRReklpd2lhV1FpT2lJ
eE56WmlOVGs0WmkwME5EVmlMVFF4WVdNdE9XUXlZUzAwTXpCak5XTTBaR1l5Tm1FaUxDSmhhV1Fp
T2lJd0lpd2ljMk41SWpvaVlYVjBieUlzSW01bGRDSTZJbmR6SWl3aWRIbHdaU0k2SW01dmJtVWlM
Q0pvYjNOMElqb2lJaXdpY0dGMGFDSTZJbU5zWVhOb01TNTBjblZ0Y0RJd01qTXVibVYwSWl3aWRH
eHpJam9pZEd4eklpd2ljMjVwSWpvaUlpd2lZV3h3YmlJNklpSjkKdm1lc3M6Ly9leUoySWpvaU1p
SXNJbkJ6SWpvaWQzZDNMbmx2ZFc1bFpXUXVkMmx1SWl3aVlXUmtJam9pTkRVdU5qUXVNakl1TlRV
aUxDSndiM0owSWpvaU5EUXpJaXdpZEhsd1pTSTZJbTV2Ym1VaUxDSnBaQ0k2SWpFeE9UY3pNakZq
TFdWaU5Ua3ROREUxT1MwNU5UbG1MVFZrT0RGbU5UTmpNVGM1TWlJc0ltRnBaQ0k2SWpBaUxDSnVa
WFFpT2lKM2N5SXNJbkJoZEdnaU9pSXZJaXdpYUc5emRDSTZJbWd4TGpnd01EZzNOaTU0ZVhvaUxD
SjBiSE1pT2lKMGJITWlmUT09CnZtZXNzOi8vZXlKaFpHUWlPaUl4TkRFdU1UQXhMakV4TlM0eE5q
QWlMQ0poYVdRaU9qQXNJbWh2YzNRaU9pSmpiR0Z6YURZdWMzTnlMV1p5WldVdWVIbDZJaXdpYVdR
aU9pSTFaalkwWm1FMk5TMDNZakUwTFRRNVl6VXRPVFUwWkMxaFlURTFZelppWm1OaFkyUWlMQ0p1
WlhRaU9pSjNjeUlzSW5CaGRHZ2lPaUl2Wkc5dVozUmhhWGRoYm1jdVkyOXRJaXdpY0c5eWRDSTZO
RFF6TENKd2N5STZJbmQzZHk1NWIzVnVaV1ZrTG5kcGJpSXNJblJzY3lJNkluUnNjeUlzSW5SNWNH
VWlPaUpoZFhSdklpd2ljMlZqZFhKcGRIa2lPaUpoZFhSdklpd2ljMnRwY0MxalpYSjBMWFpsY21s
bWVTSTZkSEoxWlN3aWMyNXBJam9pSW4wPQp2bWVzczovL2V5SjJJam9pTWlJc0luQnpJam9pZDNk
M0xubHZkVzVsWldRdWQybHVJaXdpWVdSa0lqb2lNVGs0TGpReExqSXdNeTR5SWl3aWNHOXlkQ0k2
SWpRME15SXNJblI1Y0dVaU9pSnViMjVsSWl3aWFXUWlPaUl4TnpaaU5UazRaaTAwTkRWaUxUUXhZ
V010T1dReVlTMDBNekJqTldNMFpHWXlObUVpTENKaGFXUWlPaUl3SWl3aWJtVjBJam9pZDNNaUxD
SndZWFJvSWpvaUwyUnZibWQwWVdsM1lXNW5MbU52YlNJc0ltaHZjM1FpT2lKamJHRnphREV1ZEhK
MWJYQXlNREl6TG01bGRDSXNJblJzY3lJNkluUnNjeUo5CnZtZXNzOi8vZXlKMklqb2lNaUlzSW5C
eklqb2lkM2QzTG5sdmRXNWxaV1F1ZDJsdUlpd2lZV1JrSWpvaWRXNXBkbk4wWVhJdE1UQTBMVEl3
T0MweE1UY3RPRFl1Ym1sd0xtbHZJaXdpY0c5eWRDSTZJalEwTXlJc0luUjVjR1VpT2lKdWIyNWxJ
aXdpYVdRaU9pSXpNamhpTWpVME55MWtNVFF4TFRSa1pqUXRZVGMyWlMwMFpqRmpNbVV6TmpGbU5X
TWlMQ0poYVdRaU9pSXdJaXdpYm1WMElqb2lkM01pTENKd1lYUm9Jam9pTHlJc0ltaHZjM1FpT2lK
MWJtbDJjM1JoY2kweE1EUXRNakE0TFRFeE55MDROaTV1YVhBdWFXOGlMQ0owYkhNaU9pSjBiSE1p
ZlE9PQp2bWVzczovL2V5SjJJam9pTWlJc0luQnpJam9pZDNkM0xubHZkVzVsWldRdWQybHVJaXdp
WVdSa0lqb2lNakU1TGpjMkxqRXpMakUyT1NJc0luQnZjblFpT2lJME5ETWlMQ0owZVhCbElqb2li
bTl1WlNJc0ltbGtJam9pT0RGa09UTm1Oakl0TVRWaE1pMDBPVGswTFdGa1lqa3RNR0kxWkRrd05t
RmhZemRsSWl3aVlXbGtJam9pTUNJc0ltNWxkQ0k2SW5keklpd2ljR0YwYUNJNklpOGlMQ0pvYjNO
MElqb2lkR2QxYm1sMmMzUmhjaTR4TmpndE1UTTRMVGswTFRFNU5DNXpjMnhwY0M1cGJ5SXNJblJz
Y3lJNkluUnNjeUo5CnZtZXNzOi8vZXlKMklqb2lNaUlzSW5Ceklqb2lkM2QzTG5sdmRXNWxaV1F1
ZDJsdUlpd2lZV1JrSWpvaU1UY3lMalkwTGpFMU5DNHlNaklpTENKd2IzSjBJam9pTkRReklpd2lh
V1FpT2lKbVkyWmhaV001TVMwMk1EazJMVFEwWkRndE9UVTJZeTAzT0RZNFpEbGxPRGMwWWpFaUxD
SmhhV1FpT2lJd0lpd2ljMk41SWpvaVlYVjBieUlzSW01bGRDSTZJbmR6SWl3aWRIbHdaU0k2SW01
dmJtVWlMQ0pvYjNOMElqb2liR2N4TG1ObVkyUnVNUzU0ZVhvaUxDSndZWFJvSWpvaUwzSmhlU0lz
SW5Sc2N5STZJblJzY3lJc0luTnVhU0k2SWlJc0ltRnNjRzRpT2lJaWZRPT0Kdm1lc3M6Ly9leUoy
SWpvaU1pSXNJbkJ6SWpvaWQzZDNMbmx2ZFc1bFpXUXVkMmx1SWl3aVlXUmtJam9pZW1aakxuZHBi
bVJ2ZDNOMWNHUmhkR1V4TG1OdmJTSXNJbkJ2Y25RaU9pSTBORE1pTENKcFpDSTZJamhrTUdKaVpq
RXpMV1V4WldZdE5ERTVaQzFpTURVMExUSXdPREUxTnpjME1qTXpZaUlzSW1GcFpDSTZJakFpTENK
dVpYUWlPaUozY3lJc0luUjVjR1VpT2lKdWIyNWxJaXdpYUc5emRDSTZJbWhwYm1WMExtZDFiMnhw
WTJobGJtY3VZM2x2ZFNJc0luQmhkR2dpT2lJdmJXVnBlbWhwZVhWaGJpOW9hVzVsZEQ5bFpEMHlN
RFE0SWl3aWRHeHpJam9pZEd4ekluMD0Kdm1lc3M6Ly9leUpoWkdRaU9pSXhNamd1TVRRdU1UWXlM
alE0SWl3aVlXbGtJam93TENKb2IzTjBJam9pWTJ4aGMyZzJMbk56Y2kxbWNtVmxMbmg1ZWlJc0lt
bGtJam9pTldZMk5HWmhOalV0TjJJeE5DMDBPV00xTFRrMU5HUXRZV0V4TldNMlltWmpZV05rSWl3
aWJtVjBJam9pZDNNaUxDSndZWFJvSWpvaUwyUnZibWQwWVdsM1lXNW5MbU52YlNJc0luQnZjblFp
T2pRME15d2ljSE1pT2lKM2QzY3VlVzkxYm1WbFpDNTNhVzRpTENKMGJITWlPaUowYkhNaUxDSjBl
WEJsSWpvaVlYVjBieUlzSW5ObFkzVnlhWFI1SWpvaVlYVjBieUlzSW5OcmFYQXRZMlZ5ZEMxMlpY
SnBabmtpT25SeWRXVXNJbk51YVNJNklpSjkKdm1lc3M6Ly9leUpoWkdRaU9pSjBaM1Z1YVhaemRH
RnlMVEV4T1MweU16Y3RORE10T1RZdWMzTnNhWEF1YVc4aUxDSmhhV1FpT2pZMExDSm9iM04wSWpv
aWRtNHpMblJvWVc1b2FHRnBkbkJ1TG01aGJXVXVkbTRpTENKcFpDSTZJbVEzWmpKaU5Ua3lMVEps
TlRZdE5HRXhNaTA0WmpJMExUSXdaalUxWWpReU1tVm1NaUlzSW01bGRDSTZJbmR6SWl3aWNHRjBh
Q0k2SWk4aUxDSndiM0owSWpvNE1Dd2ljSE1pT2lKM2QzY3VlVzkxYm1WbFpDNTNhVzRpTENKMGJI
TWlPaUlpTENKMGVYQmxJam9pWVhWMGJ5SXNJbk5sWTNWeWFYUjVJam9pWVhWMGJ5SXNJbk5yYVhB
dFkyVnlkQzEyWlhKcFpua2lPblJ5ZFdVc0luTnVhU0k2SWlKOQp2bWVzczovL2V5SmhaR1FpT2lJ
eE56SXVOalF1TVRVekxqRTFNQ0lzSW1GcFpDSTZNQ3dpYUc5emRDSTZJbU5zWVhOb05pNXpjM0l0
Wm5KbFpTNTRlWG9pTENKcFpDSTZJalZtTmpSbVlUWTFMVGRpTVRRdE5EbGpOUzA1TlRSa0xXRmhN
VFZqTm1KbVkyRmpaQ0lzSW01bGRDSTZJbmR6SWl3aWNHRjBhQ0k2SWk5a2IyNW5kR0ZwZDJGdVp5
NWpiMjBpTENKd2IzSjBJam8wTkRNc0luQnpJam9pZDNkM0xubHZkVzVsWldRdWQybHVJaXdpZEd4
eklqb2lkR3h6SWl3aWRIbHdaU0k2SW1GMWRHOGlMQ0p6WldOMWNtbDBlU0k2SW1GMWRHOGlMQ0p6
YTJsd0xXTmxjblF0ZG1WeWFXWjVJanAwY25WbExDSnpibWtpT2lJaWZRPT0Kdm1lc3M6Ly9leUpo
WkdRaU9pSm9lVzVsYzJOdmJuTjBjblZqZEdsdmJpNWpiMjBpTENKaGFXUWlPakFzSW1odmMzUWlP
aUp6WnpFdGRqSnlZWGt1YzNOb2EybDBMbTl5WnlJc0ltbGtJam9pWXpZM05EZGtZVFF0Wm1JeVpT
MDBZVEpoTFdKa1lqY3RPRFl4TkdKa1pEWmlNR0l6SWl3aWJtVjBJam9pZDNNaUxDSndZWFJvSWpv
aUwzTnphR3RwZEM4ME1ERTBOVEkyT1Rjdk5qTTFZalEyTkRreU1URTBNUzhpTENKd2IzSjBJam8w
TkRNc0luQnpJam9pZDNkM0xubHZkVzVsWldRdWQybHVJaXdpZEd4eklqb2lkR3h6SWl3aWRIbHda
U0k2SW1GMWRHOGlMQ0p6WldOMWNtbDBlU0k2SW1GMWRHOGlMQ0p6YTJsd0xXTmxjblF0ZG1WeWFX
WjVJanAwY25WbExDSnpibWtpT2lJaWZRPT0Kdm1lc3M6Ly9leUpoWkdRaU9pSXhNRE11TVRRM0xq
RXlOaTR4TWpjaUxDSmhhV1FpT2lJd0lpd2laVzVqY25sd2RHbHZiaUk2SW1GMWRHOGlMQ0pvYjNO
MElqb2lNVEF6TGpFME55NHhNall1TVRJM0lpd2lhV1FpT2lKak9EWXpaR1E1WkMwMU5XWXlMVFEy
TVRVdFlqRmhNUzAxTkRsa1lUQTVPRGN5TW1VaUxDSnVaWFFpT2lKM2N5SXNJbkJoZEdnaU9pSXZi
bXR3ZG5CdUxuTnBkR1VpTENKd2IzSjBJam9pT0RBaUxDSndjeUk2SW5kM2R5NTViM1Z1WldWa0xu
ZHBiaUlzSW5ObFkzVnlhWFI1SWpvaVlYVjBieUlzSW5OcmFYQXRZMlZ5ZEMxMlpYSnBabmtpT21a
aGJITmxMQ0owYkhNaU9pSWlMQ0owZVhCbElqb2libTl1WlNJc0luVnliRjluY205MWNDSTZJblF1
YldVdmNtbHdZVzlxYVdWa2FXRnVJaXdpZGlJNklqSWlmUT09CnZtZXNzOi8vZXlKMklqb2lNaUlz
SW5Ceklqb2lkM2QzTG5sdmRXNWxaV1F1ZDJsdUlpd2lZV1JrSWpvaU5EY3VPVE11TWpNeExqSXhP
Q0lzSW5CdmNuUWlPalV6TURJeUxDSnBaQ0k2SWprMVptUTNOalF5TFRJeE5qQXRORFV5T0MxbE9U
QTVMVE5rTlRJMllqVXpNekF4TXlJc0ltRnBaQ0k2TUN3aWJtVjBJam9pZDNNaUxDSjBlWEJsSWpv
aWJtOXVaU0lzSW1odmMzUWlPaUp6WkM0eE9Ea3VZMjRpTENKd1lYUm9Jam9pTHlJc0luUnNjeUk2
SW01dmJtVWlmUT09CnZtZXNzOi8vZXlKMklqb2lNaUlzSW5Ceklqb2lkM2QzTG5sdmRXNWxaV1F1
ZDJsdUlpd2lZV1JrSWpvaU5EY3VPRGd1TlRJdU1qSXdJaXdpY0c5eWRDSTZJamd3SWl3aWRIbHda
U0k2SW01dmJtVWlMQ0pwWkNJNkltTTVabVU0TXpVNUxUVTROemd0TkRReE15MWpPREJsTFRObVpt
VmhZbU0wTjJJd01pSXNJbUZwWkNJNklqQWlMQ0p1WlhRaU9pSjNjeUlzSW5CaGRHZ2lPaUl2SWl3
aWFHOXpkQ0k2SW5jdU9EQXdPRGMyTG5oNWVpSXNJblJzY3lJNklpSjkKdm1lc3M6Ly9leUoySWpv
aU1pSXNJbkJ6SWpvaWQzZDNMbmx2ZFc1bFpXUXVkMmx1SWl3aVlXUmtJam9pTVRNdU1qSTFMamM0
TGpnNUlpd2ljRzl5ZENJNklqUTBNeUlzSW1sa0lqb2lOV000TlRSbE1tVXRNakExWXkwME16QTVM
VGd6TmpNdFptWTJNR1ZoTjJJeVlURTJJaXdpWVdsa0lqb2lNQ0lzSW5OamVTSTZJbUYxZEc4aUxD
SnVaWFFpT2lKM2N5SXNJblI1Y0dVaU9pSnViMjVsSWl3aWFHOXpkQ0k2SW0xdmMzVnljV2Q2T1da
ME1YazRjbTR1TVRFME5URTNMbmg1ZWlJc0luQmhkR2dpT2lJdlkyZHBMV0pwYmk5aGNHa3ZaR0Yw
WVdac2IzY3ZJaXdpZEd4eklqb2lkR3h6SWl3aWMyNXBJam9pSW4wPQp2bWVzczovL2V5SjJJam9p
TWlJc0luQnpJam9pZDNkM0xubHZkVzVsWldRdWQybHVJaXdpWVdSa0lqb2lOall1TWpFeUxqSXdM
ak1pTENKd2IzSjBJam9pTkRReklpd2lhV1FpT2lJd05EYzVaV0k1WkMwNU9UbGtMVFJpWm1ZdFlX
VXpaaTAwWmpkall6UTBNR05sTkRZaUxDSmhhV1FpT2lJd0lpd2ljMk41SWpvaVlYVjBieUlzSW01
bGRDSTZJbmR6SWl3aWRIbHdaU0k2SW01dmJtVWlMQ0pvYjNOMElqb2lkakp5WVhreUxuTnpjaTFt
Y21WbE1pNTRlWG9pTENKd1lYUm9Jam9pTDJSdmJtZDBZV2wzWVc1bkxtTnZiU0lzSW5Sc2N5STZJ
blJzY3lJc0luTnVhU0k2SWlKOQp2bWVzczovL2V5SjJJam9pTWlJc0luQnpJam9pZDNkM0xubHZk
VzVsWldRdWQybHVJaXdpWVdSa0lqb2lNVFF4TGpFd01TNHhNVFV1TWlJc0luQnZjblFpT2lJME5E
TWlMQ0pwWkNJNkltWXpNemsxTjJVNExUTTNNbVV0TkdaaVlTMDVPV1ZrTFdZMFpHSXpNbU5qWlRs
bE5TSXNJbUZwWkNJNklqQWlMQ0p6WTNraU9pSmhkWFJ2SWl3aWJtVjBJam9pZDNNaUxDSjBlWEJs
SWpvaWJtOXVaU0lzSW1odmMzUWlPaUptY2pJdVkyWmpaRzQwTG5oNWVpSXNJbkJoZEdnaU9pSXZj
bUY1SWl3aWRHeHpJam9pZEd4eklpd2ljMjVwSWpvaUluMD0Kdm1lc3M6Ly9leUoySWpvaU1pSXNJ
bkJ6SWpvaWQzZDNMbmx2ZFc1bFpXUXVkMmx1SWl3aVlXUmtJam9pTVRFM0xqRTJOQzR4T0RVdU1q
SXhJaXdpY0c5eWRDSTZJakUyTVRFeUlpd2lhV1FpT2lKbFpUZzJOekl3TkMwelpqVXlMVE5tWVdZ
dE9HUmxOQzAyWmpReE9EQTVNemxrTjJNaUxDSmhhV1FpT2lJd0lpd2ljMk41SWpvaVlYVjBieUlz
SW01bGRDSTZJblJqY0NJc0luUjVjR1VpT2lKdWIyNWxJaXdpYUc5emRDSTZJakV4Tnk0eE5qUXVN
VGcxTGpJeU1TSXNJbkJoZEdnaU9pSXZJaXdpZEd4eklqb2lJaXdpYzI1cElqb2lJbjA9CnZtZXNz
Oi8vZXlKaFpHUWlPaUl5TUM0eE9EY3VOekF1TkRZaUxDSmhhV1FpT2pBc0ltaHZjM1FpT2lJaUxD
SnBaQ0k2SWpjME9UWTVOalJtTFdJMU16VXROREkyTmkwNU1ETmxMVGcxWXprNE5tRXhOVGcwWVNJ
c0ltNWxkQ0k2SW5keklpd2ljR0YwYUNJNklpOGlMQ0p3YjNKMElqbzRNQ3dpY0hNaU9pSjNkM2N1
ZVc5MWJtVmxaQzUzYVc0aUxDSjBiSE1pT2lJaUxDSjBlWEJsSWpvaVlYVjBieUlzSW5ObFkzVnlh
WFI1SWpvaVlYVjBieUlzSW5OcmFYQXRZMlZ5ZEMxMlpYSnBabmtpT25SeWRXVXNJbk51YVNJNklp
SjkKdm1lc3M6Ly9leUoySWpvaU1pSXNJbkJ6SWpvaWQzZDNMbmx2ZFc1bFpXUXVkMmx1SWl3aVlX
UmtJam9pZDNkM0xtUnBaMmwwWVd4dlkyVmhiaTVqYjIwaUxDSndiM0owSWpvaU9EQWlMQ0pwWkNJ
NklqQmtZakJoTkRjNUxUZzVPVE10TkdVMVlpMWhNREF5TFRZeU9XVTVaVEJpTkRCbE5TSXNJbUZw
WkNJNklqQWlMQ0p6WTNraU9pSmhkWFJ2SWl3aWJtVjBJam9pZDNNaUxDSjBlWEJsSWpvaWJtOXVa
U0lzSW1odmMzUWlPaUp2TURjdWRHZG1ZV3RoTG1OdmJTSXNJbkJoZEdnaU9pSXZZWEJwTDNZekwy
UnZkMjVzYjJGa0xtZGxkRVpwYkdVaUxDSjBiSE1pT2lJaUxDSnpibWtpT2lJaUxDSmhiSEJ1SWpv
aUluMD0Kdm1lc3M6Ly9leUoySWpvaU1pSXNJbkJ6SWpvaWQzZDNMbmx2ZFc1bFpXUXVkMmx1SWl3
aVlXUmtJam9pTWpFNUxqYzJMakV6TGpFNE1DSXNJbkJ2Y25RaU9pSTBORE1pTENKcFpDSTZJalZt
TmpSbVlUWTFMVGRpTVRRdE5EbGpOUzA1TlRSa0xXRmhNVFZqTm1KbVkyRmpaQ0lzSW1GcFpDSTZJ
akFpTENKelkza2lPaUpoZFhSdklpd2libVYwSWpvaWQzTWlMQ0owZVhCbElqb2libTl1WlNJc0lt
aHZjM1FpT2lKamJHRnphRFl1YzNOeUxXWnlaV1V1ZUhsNklpd2ljR0YwYUNJNklpOWtiMjVuZEdG
cGQyRnVaeTVqYjIwaUxDSjBiSE1pT2lKMGJITWlMQ0p6Ym1raU9pSWlMQ0poYkhCdUlqb2lJbjA9
CnZtZXNzOi8vZXlKaFpHUWlPaUl4T1RndU5ERXVNakF6TGpVaUxDSmhhV1FpT2pBc0ltaHZjM1Fp
T2lKc1p6TXdMbU5tWTJSdU15NTRlWG9pTENKcFpDSTZJamt4TmpRMlpqbGhMV0kwWlRrdE5HRmpZ
UzFpWm1VekxUZzRPVEppTTJVMU9HWmxOeUlzSW01bGRDSTZJbmR6SWl3aWNHRjBhQ0k2SWk5eVlY
a2lMQ0p3YjNKMElqbzBORE1zSW5Ceklqb2lkM2QzTG5sdmRXNWxaV1F1ZDJsdUlpd2lkR3h6SWpv
aWRHeHpJaXdpZEhsd1pTSTZJbUYxZEc4aUxDSnpaV04xY21sMGVTSTZJbUYxZEc4aUxDSnphMmx3
TFdObGNuUXRkbVZ5YVdaNUlqcDBjblZsTENKemJta2lPaUlpZlE9PQp2bWVzczovL2V5SjJJam9p
TWlJc0luQnpJam9pZDNkM0xubHZkVzVsWldRdWQybHVJaXdpWVdSa0lqb2laMmN4TG5SaGJtZHNk
UzU0ZVhvaUxDSndiM0owSWpvaU9EQWlMQ0pwWkNJNklqQmtZakJoTkRjNUxUZzVPVE10TkdVMVlp
MWhNREF5TFRZeU9XVTVaVEJpTkRCbE5TSXNJbUZwWkNJNklqQWlMQ0p6WTNraU9pSmhkWFJ2SWl3
aWJtVjBJam9pZDNNaUxDSjBlWEJsSWpvaWJtOXVaU0lzSW1odmMzUWlPaUp2TURjdWRHZG1ZV3Ro
TG1OdmJTSXNJbkJoZEdnaU9pSXZZWEJwTDNZekwyUnZkMjVzYjJGa0xtZGxkRVpwYkdVaUxDSjBi
SE1pT2lJaUxDSnpibWtpT2lJaUxDSmhiSEJ1SWpvaUluMD0Kdm1lc3M6Ly9leUpoWkdRaU9pSXhP
RFV1TWpVd0xqSXlNQzR4TXpRaUxDSmhhV1FpT2lJMk5DSXNJbVZ1WTNKNWNIUnBiMjRpT2lKaGRY
UnZJaXdpYUc5emRDSTZJbmQzZHk0MU5qYzFPVEEzTWk1NGVYb2lMQ0pwWkNJNklqUXhPREEwT0dG
bUxXRXlPVE10TkdJNU9TMDVZakJqTFRrNFkyRXpOVGd3WkdReU5DSXNJbTVsZENJNkluZHpJaXdp
Y0dGMGFDSTZJaTl3WVhSb0x6TXlNVEV4TXpJeU1URXpNU0lzSW5CdmNuUWlPaUkwTkRNaUxDSndj
eUk2SW5kM2R5NTViM1Z1WldWa0xuZHBiaUlzSW5ObFkzVnlhWFI1SWpvaVlYVjBieUlzSW5OcmFY
QXRZMlZ5ZEMxMlpYSnBabmtpT21aaGJITmxMQ0owYkhNaU9pSjBiSE1pTENKMGVYQmxJam9pWkhS
c2N5SXNJblZ5YkY5bmNtOTFjQ0k2SW5RdWJXVXZjbWx3WVc5cWFXVmthV0Z1SWl3aWRpSTZJaklp
ZlE9PQp2bWVzczovL2V5SjJJam9pTWlJc0luQnpJam9pZDNkM0xubHZkVzVsWldRdWQybHVJaXdp
WVdSa0lqb2lORFV1TmpRdU1qSXVOaUlzSW5CdmNuUWlPaUkwTkRNaUxDSjBlWEJsSWpvaWJtOXVa
U0lzSW1sa0lqb2lNV1kwTXpJeVpURXRNR1UzWlMwMFlXWXlMV05qTURrdE9EUTJOalpoWXpFMU5q
RTJJaXdpWVdsa0lqb2lNQ0lzSW01bGRDSTZJbmR6SWl3aWNHRjBhQ0k2SWk4aUxDSm9iM04wSWpv
aWR6RXVPREF3T0RjMkxuaDVlaUlzSW5Sc2N5STZJblJzY3lKOQp2bWVzczovL2V5SjJJam9pTWlJ
c0luQnpJam9pZDNkM0xubHZkVzVsWldRdWQybHVJaXdpWVdSa0lqb2lNVGs0TGpReExqSXhNaTR4
TWpJaUxDSndiM0owSWpvaU5EUXpJaXdpZEhsd1pTSTZJbTV2Ym1VaUxDSnBaQ0k2SW1aalptRmxZ
emt4TFRZd09UWXRORFJrT0MwNU5UWmpMVGM0Tmpoa09XVTROelJpTVNJc0ltRnBaQ0k2SWpBaUxD
SnVaWFFpT2lKM2N5SXNJbkJoZEdnaU9pSXZjbUY1SWl3aWFHOXpkQ0k2SW14bk1TNWpabU5rYmpF
dWVIbDZJaXdpZEd4eklqb2lkR3h6SW4wPQp2bWVzczovL2V5SmhaR1FpT2lKcmNqSXVjMkZ1Wm1W
dU1EQXhMbkJwWTNNaUxDSmhhV1FpT2pBc0ltaHZjM1FpT2lKM2QzY3ViV2xqY205emIyWjBMbU52
YlNJc0ltbGtJam9pT0RCbE9UUmhaall0WlRReVlTMDBaR0pqTFRobU5HSXRZelZtT1RsaVpqazNa
RE5rSWl3aWJtVjBJam9pZDNNaUxDSndZWFJvSWpvaUwzcG9MV051SWl3aWNHOXlkQ0k2TkRRekxD
SndjeUk2SW5kM2R5NTViM1Z1WldWa0xuZHBiaUlzSW5Sc2N5STZJblJzY3lJc0luUjVjR1VpT2lK
aGRYUnZJaXdpYzJWamRYSnBkSGtpT2lKaGRYUnZJaXdpYzJ0cGNDMWpaWEowTFhabGNtbG1lU0k2
ZEhKMVpTd2ljMjVwSWpvaUluMD0Kdm1lc3M6Ly9leUoySWpvaU1pSXNJbkJ6SWpvaWQzZDNMbmx2
ZFc1bFpXUXVkMmx1SWl3aVlXUmtJam9pTVRBMExqSTJMamt1TnpRaUxDSndiM0owSWpvaU5EUXpJ
aXdpYVdRaU9pSm1ObU14WW1GaVpTMDBNVFpsTFRRM1pERXRPRGN5Tmkwd05EazJOemhsTWpWak4y
RWlMQ0poYVdRaU9pSXdJaXdpYzJONUlqb2lZWFYwYnlJc0ltNWxkQ0k2SW5keklpd2lkSGx3WlNJ
NkltNXZibVVpTENKb2IzTjBJam9pSWl3aWNHRjBhQ0k2SW5Wek1pNTJNbkpoZVhObGNuWXVZMjl0
SWl3aWRHeHpJam9pZEd4eklpd2ljMjVwSWpvaUlpd2lZV3h3YmlJNklpSjkKdm1lc3M6Ly9leUoy
SWpvaU1pSXNJbkJ6SWpvaWQzZDNMbmx2ZFc1bFpXUXVkMmx1SWl3aVlXUmtJam9pTVRFM0xqRTJO
QzR4T0RVdU1qSXlJaXdpY0c5eWRDSTZJakUyTVRBM0lpd2lhV1FpT2lKbFpUZzJOekl3TkMwelpq
VXlMVE5tWVdZdE9HUmxOQzAyWmpReE9EQTVNemxrTjJNaUxDSmhhV1FpT2lJd0lpd2ljMk41SWpv
aVlYVjBieUlzSW01bGRDSTZJblJqY0NJc0luUjVjR1VpT2lKdWIyNWxJaXdpYUc5emRDSTZJakV4
Tnk0eE5qUXVNVGcxTGpJeU1pSXNJbkJoZEdnaU9pSXZJaXdpZEd4eklqb2lJaXdpYzI1cElqb2lJ
bjA9CnZtZXNzOi8vZXlKaFpHUWlPaUl4TWpndU1UUXVNVFF3TGpJMU5DSXNJbUZwWkNJNk1Dd2lh
Rzl6ZENJNkluWXljbUY1TWk1emMzSXRabkpsWlRJdWVIbDZJaXdpYVdRaU9pSXdORGM1WldJNVpD
MDVPVGxrTFRSaVptWXRZV1V6WmkwMFpqZGpZelEwTUdObE5EWWlMQ0p1WlhRaU9pSjNjeUlzSW5C
aGRHZ2lPaUl2Wkc5dVozUmhhWGRoYm1jdVkyOXRJaXdpY0c5eWRDSTZORFF6TENKd2N5STZJbmQz
ZHk1NWIzVnVaV1ZrTG5kcGJpSXNJblJzY3lJNkluUnNjeUlzSW5SNWNHVWlPaUpoZFhSdklpd2lj
MlZqZFhKcGRIa2lPaUpoZFhSdklpd2ljMnRwY0MxalpYSjBMWFpsY21sbWVTSTZkSEoxWlN3aWMy
NXBJam9pSW4wPQp2bWVzczovL2V5SmhaR1FpT2lKMk1uVnpNRE11YVhONFlTNTBiM0FpTENKb2Iz
TjBJam9pSWl3aWFXUWlPaUlpTENKdVpYUWlPaUozY3lJc0luQmhkR2dpT2lJdmNtRjVJaXdpY0c5
eWRDSTZJalEwTXlJc0luQnpJam9pZDNkM0xubHZkVzVsWldRdWQybHVJaXdpZEd4eklqb2lkR3h6
SWl3aWRpSTZNaXdpWVdsa0lqb3dMQ0owZVhCbElqb2libTl1WlNKOQp2bWVzczovL2V5SjJJam9p
TWlJc0luQnpJam9pZDNkM0xubHZkVzVsWldRdWQybHVJaXdpWVdSa0lqb2lNVFEwTGpJMExqRTFN
QzR4TWpZaUxDSndiM0owSWpvaU5EUXpJaXdpZEhsd1pTSTZJbTV2Ym1VaUxDSnBaQ0k2SWpneFpE
a3paall5TFRFMVlUSXRORGs1TkMxaFpHSTVMVEJpTldRNU1EWmhZV00zWlNJc0ltRnBaQ0k2SWpB
aUxDSnVaWFFpT2lKM2N5SXNJbkJoZEdnaU9pSXZJaXdpYUc5emRDSTZJaUlzSW5Sc2N5STZJblJz
Y3lKOQp2bWVzczovL2V5SjJJam9pTWlJc0luQnpJam9pZDNkM0xubHZkVzVsWldRdWQybHVJaXdp
WVdSa0lqb2lkbUYxTVM0d1ltRmtMbU52YlNJc0luQnZjblFpT2lJME5ETWlMQ0owZVhCbElqb2li
bTl1WlNJc0ltbGtJam9pT1RJM01EazBaRE10WkRZM09DMDBOell6TFRnMU9URXRaVEkwTUdRd1lt
TmhaVGczSWl3aVlXbGtJam9pTUNJc0ltNWxkQ0k2SW5keklpd2ljR0YwYUNJNklpOWphR0YwSWl3
aWFHOXpkQ0k2SW5aaGRURXVNR0poWkM1amIyMGlMQ0owYkhNaU9pSjBiSE1pZlE9PQp2bWVzczov
L2V5SjJJam9pTWlJc0luQnpJam9pZDNkM0xubHZkVzVsWldRdWQybHVJaXdpWVdSa0lqb2lNUzR4
T0RBNExtTm1JaXdpY0c5eWRDSTZJalEwTXlJc0luUjVjR1VpT2lKdWIyNWxJaXdpYVdRaU9pSm1a
bVptWm1abVppMW1abVptTFdabVptWXRabVptWmkxbVptWm1abVptWm1abVptWWlMQ0poYVdRaU9p
SXdJaXdpYm1WMElqb2lkM01pTENKd1lYUm9Jam9pTDNadFpYTnpJaXdpYUc5emRDSTZJbll5TG1O
b2FXZDFZUzUwYXlJc0luUnNjeUk2SW5Sc2N5SjkKdm1lc3M6Ly9leUpoWkdRaU9pSXhOREV1TVRB
eExqRXhOUzR4TURBaUxDSmhhV1FpT2pBc0ltaHZjM1FpT2lKc1p6RXVZMlpqWkc0eUxuaDVlaUlz
SW1sa0lqb2lNalkzWVRsbU16Z3ROREJrT0MwMFpXUTJMV0ZpTlRndFkyRm1ZelkzWlRsak9UTXpJ
aXdpYm1WMElqb2lkM01pTENKd1lYUm9Jam9pTDFaSVQwNVBSbG96SWl3aWNHOXlkQ0k2TkRRekxD
SndjeUk2SW5kM2R5NTViM1Z1WldWa0xuZHBiaUlzSW5Sc2N5STZJblJzY3lJc0luUjVjR1VpT2lK
aGRYUnZJaXdpYzJWamRYSnBkSGtpT2lKaGRYUnZJaXdpYzJ0cGNDMWpaWEowTFhabGNtbG1lU0k2
ZEhKMVpTd2ljMjVwSWpvaUluMD0Kdm1lc3M6Ly9leUoySWpvaU1pSXNJbkJ6SWpvaWQzZDNMbmx2
ZFc1bFpXUXVkMmx1SWl3aVlXUmtJam9pTVRVeUxqWTVMakl6TUM0eE56QWlMQ0p3YjNKMElqb2lP
REFpTENKMGVYQmxJam9pYm05dVpTSXNJbWxrSWpvaU5tRmhNalJrWldRdE5XWXhOUzAwT0dNM0xU
aGpZbUV0TTJVeVlURTFPV1EyWWpjM0lpd2lZV2xrSWpvaU1DSXNJbTVsZENJNkluZHpJaXdpY0dG
MGFDSTZJaThpTENKb2IzTjBJam9pTVRVeUxqWTVMakl6TUM0eE56QWlMQ0owYkhNaU9pSWlmUT09
CnZtZXNzOi8vZXlKMklqb2lNaUlzSW5Ceklqb2lkM2QzTG5sdmRXNWxaV1F1ZDJsdUlpd2lZV1Jr
SWpvaU1UUTJMakU1TUM0eUxqVTBJaXdpY0c5eWRDSTZJalEwTXlJc0ltbGtJam9pTW1FME9URTRa
R1V0WVdSalpTMDBZelJsTFdGaE1EQXRPRGhoTkRJeU4yTm1ObVZoSWl3aVlXbGtJam9pTUNJc0lu
TmplU0k2SW1GMWRHOGlMQ0p1WlhRaU9pSjNjeUlzSW5SNWNHVWlPaUp1YjI1bElpd2lhRzl6ZENJ
NklpSXNJbkJoZEdnaU9pSXhORFl1TVRrd0xqSXVOVFFpTENKMGJITWlPaUowYkhNaUxDSnpibWtp
T2lJaUxDSmhiSEJ1SWpvaUluMD0Kdm1lc3M6Ly9leUoySWpvaU1pSXNJbkJ6SWpvaWQzZDNMbmx2
ZFc1bFpXUXVkMmx1SWl3aVlXUmtJam9pYW0wdWFuTm9jM2g0ZUhrdWRHOXdJaXdpY0c5eWRDSTZJ
alEwTXlJc0luUjVjR1VpT2lKdWIyNWxJaXdpYVdRaU9pSmhZekk1WldZME1pMDNNVEF3TFRSbVpH
UXRZVFZsWlMwMVltSXdOMkl4TkRabE5qRWlMQ0poYVdRaU9pSXdJaXdpYm1WMElqb2lkM01pTENK
d1lYUm9Jam9pTDAxdmEyOXVZVTF2Wkc5cmFVMXJkakpTWlc1MGNua2lMQ0pvYjNOMElqb2lhbTB1
YW5Ob2MzaDRlSGt1ZEc5d0lpd2lkR3h6SWpvaWRHeHpJbjA9CnZtZXNzOi8vZXlKaFpHUWlPaUl5
TUM0eU16a3VNVFUzTGpFNE9TSXNJbUZwWkNJNklqQWlMQ0pvYjNOMElqb2lZWHBvYXpJdWMyOTFk
R2h3WVhKckxtbGpkU0lzSW1sa0lqb2lZVE5sT0Rjd1l6QXRNemRtTkMwMFlXRTFMVGxtWVdJdE5H
TmtPVFJrWWpObFpHSmpJaXdpYm1WMElqb2lkM01pTENKd1lYUm9Jam9pTDNKMWJpSXNJbkJ2Y25R
aU9qRXdNREU0TENKd2N5STZJbmQzZHk1NWIzVnVaV1ZrTG5kcGJpSXNJblJzY3lJNkluUnNjeUlz
SW5SNWNHVWlPaUp1YjI1bElpd2lkaUk2SWpJaWZRPT0Kdm1lc3M6Ly9leUoySWpvaU1pSXNJbkJ6
SWpvaWQzZDNMbmx2ZFc1bFpXUXVkMmx1SWl3aVlXUmtJam9pTVRBMkxqRXlMakUyT0M0eE15SXNJ
bkJ2Y25RaU9qRXpNVFUyTENKcFpDSTZJamxpWmpSalltRTBMVGxsT1dVdE5HUmhOQzA0WlRZMUxX
WTNZelE0TjJNMU16bGtaaUlzSW1GcFpDSTZNQ3dpYm1WMElqb2lkM01pTENKMGVYQmxJam9pYm05
dVpTSXNJbWh2YzNRaU9pSmhMakU0T1M1amJpSXNJbkJoZEdnaU9pSXZJaXdpZEd4eklqb2libTl1
WlNKOQp2bWVzczovL2V5SmhaR1FpT2lKNmFIVjViMjVuTG1oMVkyeHZkV1F0Wkc1ekxuaDVlaUlz
SW1GcFpDSTZNQ3dpYUc5emRDSTZJaUlzSW1sa0lqb2lOR05sTWpGaE1URXRORFJtWlMwME9ERTBM
V0UyTXprdE5HSTNZMkZtTlRBeE1ETXhJaXdpYm1WMElqb2lkM01pTENKd1lYUm9Jam9pTHlJc0lu
QnZjblFpT2pRME15d2ljSE1pT2lKM2QzY3VlVzkxYm1WbFpDNTNhVzRpTENKMGJITWlPaUowYkhN
aUxDSjBlWEJsSWpvaVlYVjBieUlzSW5ObFkzVnlhWFI1SWpvaVlYVjBieUlzSW5OcmFYQXRZMlZ5
ZEMxMlpYSnBabmtpT25SeWRXVXNJbk51YVNJNklpSjkKdm1lc3M6Ly9leUpoWkdRaU9pSmpZVEl1
ZGpKeVlYbHpaWEoyTG1OdmJTSXNJbUZwWkNJNk1Dd2lhRzl6ZENJNkltTmhNaTUyTW5KaGVYTmxj
bll1WTI5dElpd2lhV1FpT2lKbE0yVmlZVE5oWXkwMVltVmhMVFF3T1dZdFlXTTFZeTAyWXprMk5H
VXdOR1F3WXpRaUxDSnVaWFFpT2lKM2N5SXNJbkJoZEdnaU9pSXZjM05vYjJObFlXNGlMQ0p3YjNK
MElqbzRNQ3dpY0hNaU9pSjNkM2N1ZVc5MWJtVmxaQzUzYVc0aUxDSjBiSE1pT2lJaUxDSjBlWEJs
SWpvaVlYVjBieUlzSW5ObFkzVnlhWFI1SWpvaVlYVjBieUlzSW5OcmFYQXRZMlZ5ZEMxMlpYSnBa
bmtpT25SeWRXVXNJbk51YVNJNklpSjkKdm1lc3M6Ly9leUpoWkdRaU9pSTFNaTR4TXpFdU1qRTRM
akUyTWlJc0luWWlPaUl5SWl3aWNITWlPaUozZDNjdWVXOTFibVZsWkM1M2FXNGlMQ0p3YjNKMElq
bzFNakl3TXl3aWFXUWlPaUptT0dReU5HWXdOaTB4TlRFekxUTXpabU10WW1ZME9TMHpOR0ZqTWpN
eFptUTJOalVpTENKaGFXUWlPaUl5SWl3aWJtVjBJam9pZEdOd0lpd2lkSGx3WlNJNklpSXNJbWh2
YzNRaU9pSWlMQ0p3WVhSb0lqb2lMeUlzSW5Sc2N5STZJaUo5CnZtZXNzOi8vZXlKMklqb2lNaUlz
SW5Ceklqb2lkM2QzTG5sdmRXNWxaV1F1ZDJsdUlpd2lZV1JrSWpvaU1UZ3lMall4TGpRd0xqRXhO
U0lzSW5CdmNuUWlPakl6T0RRMkxDSnBaQ0k2SWprMVlXVTNNelUzTFdJMFpqVXROR1ptTlMwNU9E
aGhMV016WWpVeVpEVmxZV0ppWXlJc0ltRnBaQ0k2TUN3aWJtVjBJam9pZEdOd0lpd2lkSGx3WlNJ
NkltNXZibVVpTENKb2IzTjBJam9pSWl3aWNHRjBhQ0k2SWlJc0luUnNjeUk2SW01dmJtVWlmUT09
CnZtZXNzOi8vZXlKaFpHUWlPaUl4TmpndU1UTTRMakUzTVM0Mk5TSXNJbUZwWkNJNk1Dd2lhRzl6
ZENJNklpSXNJbWxrSWpvaU5HRm1ObVprT1dFdFpUaGlOQzAwTm1ZeUxXUmhNMkV0TWpBM1pqUTFO
emMyTlRaaklpd2libVYwSWpvaWRHTndJaXdpY0dGMGFDSTZJaUlzSW5CdmNuUWlPalEwTXl3aWNI
TWlPaUozZDNjdWVXOTFibVZsWkM1M2FXNGlMQ0owYkhNaU9pSjBiSE1pTENKMGVYQmxJam9pWVhW
MGJ5SXNJbk5sWTNWeWFYUjVJam9pWVhWMGJ5SXNJbk5yYVhBdFkyVnlkQzEyWlhKcFpua2lPblJ5
ZFdVc0luTnVhU0k2SWlKOQp2bWVzczovL2V5SjJJam9pTWlJc0luQnpJam9pZDNkM0xubHZkVzVs
WldRdWQybHVJaXdpWVdSa0lqb2lNVFF4TGpFd01TNHhNVFF1TVRBd0lpd2ljRzl5ZENJNklqUTBN
eUlzSW1sa0lqb2lORFkzT1dZd01HVXRPVEJqWlMwME16QmtMVGszTVRRdE5tRXhPVE0yTjJKaE1U
RXlJaXdpWVdsa0lqb2lNQ0lzSW5OamVTSTZJbUYxZEc4aUxDSnVaWFFpT2lKM2N5SXNJblI1Y0dV
aU9pSnViMjVsSWl3aWFHOXpkQ0k2SW5ZeWNtRjVNUzU2YUhWcWFXTnVNaTV2Y21jaUxDSndZWFJv
SWpvaUwyUnZibWQwWVdsM1lXNW5MbU52YlNJc0luUnNjeUk2SW5Sc2N5SXNJbk51YVNJNklpSXNJ
bUZzY0c0aU9pSWlmUT09CnZtZXNzOi8vZXlKMklqb2lNaUlzSW5Ceklqb2lkM2QzTG5sdmRXNWxa
V1F1ZDJsdUlpd2lZV1JrSWpvaU1UUXhMakV3TVM0eE1UUXVNalVpTENKd2IzSjBJam9pTkRReklp
d2lhV1FpT2lJNU1UWTBObVk1WVMxaU5HVTVMVFJoWTJFdFltWmxNeTA0T0RreVlqTmxOVGhtWlRj
aUxDSmhhV1FpT2lJd0lpd2ljMk41SWpvaVlYVjBieUlzSW01bGRDSTZJbmR6SWl3aWRIbHdaU0k2
SW01dmJtVWlMQ0pvYjNOMElqb2liR2N6TUM1alptTmtiak11ZUhsNklpd2ljR0YwYUNJNklpOXlZ
WGtpTENKMGJITWlPaUowYkhNaUxDSnpibWtpT2lJaWZRPT0Kdm1lc3M6Ly9leUpoWkdRaU9pSnJj
akV1YzJGdVptVnVNREF4TG5CcFkzTWlMQ0poYVdRaU9qQXNJbWh2YzNRaU9pSjNkM2N1YldsamNt
OXpiMlowTG1OdmJTSXNJbWxrSWpvaU9EQmxPVFJoWmpZdFpUUXlZUzAwWkdKakxUaG1OR0l0WXpW
bU9UbGlaamszWkROa0lpd2libVYwSWpvaWQzTWlMQ0p3WVhSb0lqb2lMM3BvTFdOdUlpd2ljRzl5
ZENJNk5EUXpMQ0p3Y3lJNkluZDNkeTU1YjNWdVpXVmtMbmRwYmlJc0luUnNjeUk2SW5Sc2N5SXNJ
blI1Y0dVaU9pSmhkWFJ2SWl3aWMyVmpkWEpwZEhraU9pSmhkWFJ2SWl3aWMydHBjQzFqWlhKMExY
WmxjbWxtZVNJNmRISjFaU3dpYzI1cElqb2lJbjA9CnZtZXNzOi8vZXlKaFpHUWlPaUl4TURRdU1U
a3VNakl1TWpRNUlpd2lZV2xrSWpvd0xDSm9iM04wSWpvaWNtRnJjMjFoY25RdVpHOXdZVzFwYm1V
dVoyRWlMQ0pwWkNJNkltVTRaRGRsWWpJekxXUTNPV1V0TkRKbFl5MW1aakprTFRobE1EZzNNV05s
WXpGbVl5SXNJbTVsZENJNkluZHpJaXdpY0dGMGFDSTZJaThpTENKd2IzSjBJam80TUN3aWNITWlP
aUozZDNjdWVXOTFibVZsWkM1M2FXNGlMQ0owYkhNaU9pSWlMQ0owZVhCbElqb2lZWFYwYnlJc0lu
TmxZM1Z5YVhSNUlqb2lZWFYwYnlJc0luTnJhWEF0WTJWeWRDMTJaWEpwWm5raU9uUnlkV1VzSW5O
dWFTSTZJaUo5CnZtZXNzOi8vZXlKd2N5STZJbmQzZHk1NWIzVnVaV1ZrTG5kcGJpSXNJbUZrWkNJ
NkluZDNkeTVyWlhKdVpXeHpMbUpwWkNJc0luQnZjblFpT2lJME5ETWlMQ0pwWkNJNklqWmpOMk0x
WlROaExUY3pZV1F0TkRZM1lTMHhNalF4TFRJd05qazROMlJoWVRBMFppSXNJbUZwWkNJNklqQWlM
Q0p1WlhRaU9pSjNjeUlzSW5SNWNHVWlPaUp1YjI1bElpd2lhRzl6ZENJNklpOTNjeUlzSW5Sc2N5
STZJblJzY3lKOQo=
dm1lc3M6Ly9leUpoWkdRaU9pSXlNQzR5TlRVdU1qUTRMakUyT1NJc0ltRnBaQ0k2TUN3aWFHOXpk
Q0k2SWlJc0ltbGtJam9pTnpRNU5qazJOR1l0WWpVek5TMDBNalkyTFRrd00yVXRPRFZqT1RnMllU
RTFPRFJoSWl3aWJtVjBJam9pZDNNaUxDSndZWFJvSWpvaUx5SXNJbkJ2Y25RaU9qZ3dMQ0p3Y3lJ
NkluZDNkeTU1YjNWdVpXVmtMbmRwYmlJc0luUnNjeUk2SWlJc0luUjVjR1VpT2lKaGRYUnZJaXdp
YzJWamRYSnBkSGtpT2lKaGRYUnZJaXdpYzJ0cGNDMWpaWEowTFhabGNtbG1lU0k2ZEhKMVpTd2lj
MjVwSWpvaUluMD0Kdm1lc3M6Ly9leUp3Y3lJNkluZDNkeTU1YjNWdVpXVmtMbmRwYmlJc0ltRmta
Q0k2SW5kM2R5NXJaWEp1Wld4ekxtSnBaQ0lzSW5CdmNuUWlPaUk0TUNJc0ltbGtJam9pTWpWbFl6
TTVaamN0TjJOa1pDMDBZek5qTFdKak0yTXROakJsT1dFNE9USTNZalJoSWl3aVlXbGtJam9pTUNJ
c0ltNWxkQ0k2SW5keklpd2lkSGx3WlNJNkltNXZibVVpTENKb2IzTjBJam9pTDNkeklpd2lkR3h6
SWpvaWJtOXVaU0o5CnZtZXNzOi8vZXlKaFpHUWlPaUl6TkM0eE5EVXVNVFExTGpjMklpd2lZV2xr
SWpvd0xDSm9iM04wSWpvaVkyeGhjMmcyTG5OemNpMW1jbVZsTG5oNWVpSXNJbWxrSWpvaU5XWTJO
R1poTmpVdE4ySXhOQzAwT1dNMUxUazFOR1F0WVdFeE5XTTJZbVpqWVdOa0lpd2libVYwSWpvaWQz
TWlMQ0p3WVhSb0lqb2lMMlJ2Ym1kMFlXbDNZVzVuTG1OdmJTSXNJbkJ2Y25RaU9qUTBNeXdpY0hN
aU9pSjNkM2N1ZVc5MWJtVmxaQzUzYVc0aUxDSjBiSE1pT2lKMGJITWlMQ0owZVhCbElqb2lZWFYw
YnlJc0luTmxZM1Z5YVhSNUlqb2lZWFYwYnlJc0luTnJhWEF0WTJWeWRDMTJaWEpwWm5raU9uUnlk
V1VzSW5OdWFTSTZJaUo5CnZtZXNzOi8vZXlKMklqb2lNaUlzSW5Ceklqb2lkM2QzTG5sdmRXNWxa
V1F1ZDJsdUlpd2lZV1JrSWpvaU1UVTFMakkwT0M0eU5ERXVOVElpTENKd2IzSjBJam9pTkRReklp
d2lhV1FpT2lJNE1XUTVNMlkyTWkweE5XRXlMVFE1T1RRdFlXUmlPUzB3WWpWa09UQTJZV0ZqTjJV
aUxDSmhhV1FpT2lJd0lpd2ljMk41SWpvaVlYVjBieUlzSW01bGRDSTZJbmR6SWl3aWRIbHdaU0k2
SW01dmJtVWlMQ0pvYjNOMElqb2lNVFUxTGpJME9DNHlOREV1TlRJaUxDSndZWFJvSWpvaUx5SXNJ
blJzY3lJNkluUnNjeUlzSW5OdWFTSTZJaUlzSW1Gc2NHNGlPaUlpZlE9PQp2bWVzczovL2V5SjJJ
am9pTWlJc0luQnpJam9pZDNkM0xubHZkVzVsWldRdWQybHVJaXdpWVdSa0lqb2lNVEUzTGpVd0xq
RTNNaTQ0T1NJc0luQnZjblFpT2pFNU9EZzVMQ0pwWkNJNklqZzRNekJtT1dKaExXSXpNREF0TkRF
NVppMDVNbVpqTFdSa05XSTFZamd5WkdFMlppSXNJbUZwWkNJNk1Dd2libVYwSWpvaWRHTndJaXdp
ZEhsd1pTSTZJbTV2Ym1VaUxDSm9iM04wSWpvaUlpd2ljR0YwYUNJNklpSXNJblJzY3lJNkltNXZi
bVVpZlE9PQp2bWVzczovL2V5SmhaR1FpT2lJME5pNHhPREl1TVRBM0xqRXpNQ0lzSW5ZaU9qSXNJ
bkJ6SWpvaWQzZDNMbmx2ZFc1bFpXUXVkMmx1SWl3aWNHOXlkQ0k2SWpRME15SXNJbWxrSWpvaU9U
VTBPV0V5WTJZdE1USTVZaTAwTTJFeExUZzRaR0l0WldZM1pqWTBPR1JsTnpSaElpd2lZV2xrSWpv
aU5qUWlMQ0p6WTNraU9pSmhkWFJ2SWl3aWJtVjBJam9pZDNNaUxDSjBlWEJsSWpvaUlpd2lhRzl6
ZENJNkluZDNkeTQzTmpjek9EWTVPUzU0ZVhvaUxDSjBiSE1pT2lKMGJITWlMQ0p3WVhSb0lqb2lM
M0JoZEdndk1EUXhOakk1TVRFd056RXlJbjA9CnZtZXNzOi8vZXlKMklqb2lNaUlzSW5Ceklqb2lk
M2QzTG5sdmRXNWxaV1F1ZDJsdUlpd2lZV1JrSWpvaU1URTVMakl6Tnk0ME15NHlNVGNpTENKd2Iz
SjBJam9pTkRReklpd2lkSGx3WlNJNkltNXZibVVpTENKcFpDSTZJamd4WkRrelpqWXlMVEUxWVRJ
dE5EazVOQzFoWkdJNUxUQmlOV1E1TURaaFlXTTNaU0lzSW1GcFpDSTZJakFpTENKdVpYUWlPaUoz
Y3lJc0luQmhkR2dpT2lJdklpd2lhRzl6ZENJNkluUm5kVzVwZG5OMFlYSXVNVFk0TFRFek9DMDVO
QzB4T1RRdWMzTnNhWEF1YVc4aUxDSjBiSE1pT2lKMGJITWlmUT09CnZtZXNzOi8vZXlKaFpHUWlP
aUl4T1RndU5ERXVNakF6TGpNaUxDSmhhV1FpT2pBc0ltaHZjM1FpT2lKc1p6RXVZMlpqWkc0ekxu
aDVlaUlzSW1sa0lqb2lNek5oWVRVM1pHWXRNV001TXkwME16RTRMVGxtWTJVdFpUZzFNRFF6TjJW
bE56Z3hJaXdpYm1WMElqb2lkM01pTENKd1lYUm9Jam9pTDJSdmJtZDBZV2wzWVc1bkxtTnZiU0lz
SW5CdmNuUWlPalEwTXl3aWNITWlPaUozZDNjdWVXOTFibVZsWkM1M2FXNGlMQ0owYkhNaU9pSjBi
SE1pTENKMGVYQmxJam9pWVhWMGJ5SXNJbk5sWTNWeWFYUjVJam9pWVhWMGJ5SXNJbk5yYVhBdFky
VnlkQzEyWlhKcFpua2lPblJ5ZFdVc0luTnVhU0k2SWlKOQp2bWVzczovL2V5SmhaR1FpT2lKMk1u
VnpNREl1YVhONFlTNTBiM0FpTENKb2IzTjBJam9pSWl3aWFXUWlPaUlpTENKdVpYUWlPaUozY3lJ
c0luQmhkR2dpT2lJdmNtRjVJaXdpY0c5eWRDSTZJalEwTXlJc0luQnpJam9pZDNkM0xubHZkVzVs
WldRdWQybHVJaXdpZEd4eklqb2lkR3h6SWl3aWRpSTZNaXdpWVdsa0lqb3dMQ0owZVhCbElqb2li
bTl1WlNKOQp2bWVzczovL2V5SjJJam9pTWlJc0luQnpJam9pZDNkM0xubHZkVzVsWldRdWQybHVJ
aXdpWVdSa0lqb2lORGt1TWpNMUxqY3pMakV5TlNJc0luQnZjblFpT2pnd0xDSnBaQ0k2SWpobFky
TXhZak0wTFRVMU56SXROR05qTlMwNE56ZzNMV1UzTm1VMll6STVZMlExWWlJc0ltRnBaQ0k2TUN3
aWJtVjBJam9pZEdOd0lpd2lkSGx3WlNJNkltaDBkSEFpTENKb2IzTjBJam9pSWl3aWNHRjBhQ0k2
SWk4aUxDSjBiSE1pT2lKdWIyNWxJbjA9CnZtZXNzOi8vZXlKb2IzTjBJam9pSWl3aWNHRjBhQ0k2
SWk5blpYUjNaV0YwYUdWeUlpd2ljRzl5ZENJNklqUTBNeUlzSW5Sc2N5STZJblJzY3lJc0luQnpJ
am9pZDNkM0xubHZkVzVsWldRdWQybHVJaXdpYVdRaU9pSXdaRGcyWkdFd01pMDJZekV4TFRFeFpX
UXRPREZoWkMwd01EQXdNVGN3TWpJd01EZ2lMQ0poWkdRaU9pSmhiM0F1YzNObWNtVmxMbkoxSWl3
aWRpSTZJaklpTENKaGFXUWlPaUkyTkNJc0ltNWxkQ0k2SW5keklpd2lkSGx3WlNJNkltNXZibVVp
ZlE9PQp2bWVzczovL2V5SmhaR1FpT2lKalpHNHVZMmhwWjNWaExuUnJJaXdpWVdsa0lqb3dMQ0pv
YjNOMElqb2lkakl1WTJocFozVmhMblJySWl3aWFXUWlPaUptWm1abVptWm1aaTFtWm1abUxXWm1a
bVl0Wm1abVppMW1abVptWm1abVptWm1abVlpTENKdVpYUWlPaUozY3lJc0luQmhkR2dpT2lJdmRt
MWxjM01pTENKd2IzSjBJam8wTkRNc0luQnpJam9pZDNkM0xubHZkVzVsWldRdWQybHVJaXdpZEd4
eklqb2lkR3h6SWl3aWRIbHdaU0k2SW1GMWRHOGlMQ0p6WldOMWNtbDBlU0k2SW1GMWRHOGlMQ0p6
YTJsd0xXTmxjblF0ZG1WeWFXWjVJanAwY25WbExDSnpibWtpT2lKMk1pNWphR2xuZFdFdWRHc2lm
UT09CnZtZXNzOi8vZXlKaFpHUWlPaUl4TmpjdU1URTBMalkzTGpJMUlpd2lZV2xrSWpvd0xDSm9i
M04wSWpvaU1EQTFaR2RrWmk1d1lXZGxjeTVrWlhZaUxDSnBaQ0k2SWpZMU1qRTRabVU0TFdRNVl6
SXROR1V3TnkwNU5XSmlMV05pTm1Vek56bGhORFF3WWlJc0ltNWxkQ0k2SW5keklpd2ljR0YwYUNJ
NklpODJOVEl4T0dabE9DMWtPV015TFRSbE1EY3RPVFZpWWkxallqWmxNemM1WVRRME1HSXRkbTBp
TENKd2IzSjBJam8wTkRNc0luQnpJam9pZDNkM0xubHZkVzVsWldRdWQybHVJaXdpZEd4eklqb2lk
R3h6SWl3aWRIbHdaU0k2SW1GMWRHOGlMQ0p6WldOMWNtbDBlU0k2SW1GMWRHOGlMQ0p6YTJsd0xX
TmxjblF0ZG1WeWFXWjVJanAwY25WbExDSnpibWtpT2lJaWZRPT0Kdm1lc3M6Ly9leUoySWpvaU1p
SXNJbkJ6SWpvaWQzZDNMbmx2ZFc1bFpXUXVkMmx1SWl3aVlXUmtJam9pTVRZeExqTTFMakV5TGpF
aUxDSndiM0owSWpvaU5EUXpJaXdpYVdRaU9pSTJOVEl4T0dabE9DMWtPV015TFRSbE1EY3RPVFZp
WWkxallqWmxNemM1WVRRME1HSWlMQ0poYVdRaU9pSXdJaXdpYzJONUlqb2lZWFYwYnlJc0ltNWxk
Q0k2SW5keklpd2lkSGx3WlNJNklpSXNJbWh2YzNRaU9pSXdNREpvYm1kb0xuQmhaMlZ6TG1SbGRp
SXNJbkJoZEdnaU9pSXZOalV5TVRobVpUZ3RaRGxqTWkwMFpUQTNMVGsxWW1JdFkySTJaVE0zT1dF
ME5EQmlMWFp0SWl3aWRHeHpJam9pZEd4ekluMD0Kdm1lc3M6Ly9leUoySWpvaU1pSXNJbkJ6SWpv
aWQzZDNMbmx2ZFc1bFpXUXVkMmx1SWl3aVlXUmtJam9pTVRjeUxqWTBMakUwT0M0eE1URWlMQ0p3
YjNKMElqb2lORFF6SWl3aWFXUWlPaUptTXpNNU5UZGxPQzB6TnpKbExUUm1ZbUV0T1RsbFpDMW1O
R1JpTXpKalkyVTVaVFVpTENKaGFXUWlPaUl3SWl3aWMyTjVJam9pWVhWMGJ5SXNJbTVsZENJNklu
ZHpJaXdpZEhsd1pTSTZJbTV2Ym1VaUxDSm9iM04wSWpvaVpuSXlMbU5tWTJSdU5DNTRlWG9pTENK
d1lYUm9Jam9pTDNKaGVTSXNJblJzY3lJNkluUnNjeUlzSW5OdWFTSTZJaUo5CnZtZXNzOi8vZXlK
Mklqb2lNaUlzSW5Ceklqb2lkM2QzTG5sdmRXNWxaV1F1ZDJsdUlpd2lZV1JrSWpvaU1UY3lMalkw
TGpFMU1DNHhOekFpTENKd2IzSjBJam9pTkRReklpd2lhV1FpT2lJMk5USXhPR1psT0Mxa09XTXlM
VFJsTURjdE9UVmlZaTFqWWpabE16YzVZVFEwTUdJaUxDSmhhV1FpT2lJd0lpd2ljMk41SWpvaVlY
VjBieUlzSW01bGRDSTZJbmR6SWl3aWRIbHdaU0k2SWlJc0ltaHZjM1FpT2lJd01ERm1jbWN1Y0dG
blpYTXVaR1YySWl3aWNHRjBhQ0k2SWk4Mk5USXhPR1psT0Mxa09XTXlMVFJsTURjdE9UVmlZaTFq
WWpabE16YzVZVFEwTUdJdGRtMGlMQ0owYkhNaU9pSjBiSE1pZlE9PQp2bWVzczovL2V5SjJJam9p
TWlJc0luQnpJam9pZDNkM0xubHZkVzVsWldRdWQybHVJaXdpWVdSa0lqb2lNVFEyTGpVMkxqRXdO
QzR5TXpZaUxDSndiM0owSWpvaU5EUXpJaXdpYVdRaU9pSTRNV1E1TTJZMk1pMHhOV0V5TFRRNU9U
UXRZV1JpT1Mwd1lqVmtPVEEyWVdGak4yVWlMQ0poYVdRaU9pSXdJaXdpYzJONUlqb2lZWFYwYnlJ
c0ltNWxkQ0k2SW5keklpd2lkSGx3WlNJNkltNXZibVVpTENKb2IzTjBJam9pTVRRMkxqVTJMakV3
TkM0eU16WWlMQ0p3WVhSb0lqb2lMeUlzSW5Sc2N5STZJblJzY3lJc0luTnVhU0k2SWlJc0ltRnNj
RzRpT2lJaWZRPT0Kdm1lc3M6Ly9leUoySWpvaU1pSXNJbkJ6SWpvaWQzZDNMbmx2ZFc1bFpXUXVk
Mmx1SWl3aVlXUmtJam9pY0c5M1pYSnpaWEoyYVdObExtTnZiU0lzSW5CdmNuUWlPaUkwTkRNaUxD
SnBaQ0k2SWpBM05qUmhOVGs0TFRneVl6UXROR0kwTVMxaVlURXdMVFUxTVdFMk1qVmlaV1ZrTlNJ
c0ltRnBaQ0k2SWpBaUxDSnpZM2tpT2lKaGRYUnZJaXdpYm1WMElqb2lkM01pTENKMGVYQmxJam9p
Ym05dVpTSXNJbWh2YzNRaU9pSWlMQ0p3WVhSb0lqb2lkV3N5TG5ZeWNtRjVjMlZ5ZGk1amIyMGlM
Q0owYkhNaU9pSjBiSE1pTENKemJta2lPaUlpTENKaGJIQnVJam9pSW4wPQp2bWVzczovL2V5Smha
R1FpT2lJeE9UZ3VOREV1TWpFeUxqRTFOU0lzSW1GcFpDSTZNQ3dpYUc5emRDSTZJbXhuTVM1alpt
Tmtiakl1ZUhsNklpd2lhV1FpT2lJeU5qZGhPV1l6T0MwME1HUTRMVFJsWkRZdFlXSTFPQzFqWVda
ak5qZGxPV001TXpNaUxDSnVaWFFpT2lKM2N5SXNJbkJoZEdnaU9pSXZWa2hQVGs5R1dqTWlMQ0p3
YjNKMElqbzBORE1zSW5Ceklqb2lkM2QzTG5sdmRXNWxaV1F1ZDJsdUlpd2lkR3h6SWpvaWRHeHpJ
aXdpZEhsd1pTSTZJbUYxZEc4aUxDSnpaV04xY21sMGVTSTZJbUYxZEc4aUxDSnphMmx3TFdObGNu
UXRkbVZ5YVdaNUlqcDBjblZsTENKemJta2lPaUlpZlE9PQp2bWVzczovL2V5SmhaR1FpT2lJeE16
a3VNVFl5TGpReExqTTVJaXdpWVdsa0lqb3dMQ0pvYjNOMElqb2lNVE01TGpFMk1pNDBNUzR6T1NJ
c0ltbGtJam9pTlRnek1qVmhOVFV0WW1RNU1pMDBOREUzTFdGbU1URXRPREZsWVRkak56a3pPR1Uw
SWl3aWJtVjBJam9pZDNNaUxDSndZWFJvSWpvaUwycGpibVlpTENKd2IzSjBJam95TXpRek1pd2lj
SE1pT2lKM2QzY3VlVzkxYm1WbFpDNTNhVzRpTENKMGJITWlPaUlpTENKMGVYQmxJam9pWVhWMGJ5
SXNJbk5sWTNWeWFYUjVJam9pWVhWMGJ5SXNJbk5yYVhBdFkyVnlkQzEyWlhKcFpua2lPblJ5ZFdV
c0luTnVhU0k2SWlKOQp2bWVzczovL2V5SjJJam9pTWlJc0luQnpJam9pZDNkM0xubHZkVzVsWldR
dWQybHVJaXdpWVdSa0lqb2lNVFF4TGpFd01TNHhNVFF1TVRNeklpd2ljRzl5ZENJNklqUTBNeUlz
SW1sa0lqb2labU5tWVdWak9URXROakE1TmkwME5HUTRMVGsxTm1NdE56ZzJPR1E1WlRnM05HSXhJ
aXdpWVdsa0lqb2lNQ0lzSW5OamVTSTZJbUYxZEc4aUxDSnVaWFFpT2lKM2N5SXNJblI1Y0dVaU9p
SnViMjVsSWl3aWFHOXpkQ0k2SW14bk1TNWpabU5rYmpFdWVIbDZJaXdpY0dGMGFDSTZJaTl5WVhr
aUxDSjBiSE1pT2lKMGJITWlMQ0p6Ym1raU9pSWlmUT09CnZtZXNzOi8vZXlKMklqb2lNaUlzSW5C
eklqb2lkM2QzTG5sdmRXNWxaV1F1ZDJsdUlpd2lZV1JrSWpvaU1UQTJMamMxTGpJeE9DNHhNVElp
TENKd2IzSjBJam9pTkRReklpd2lkSGx3WlNJNkltNXZibVVpTENKcFpDSTZJamt4TmpRMlpqbGhM
V0kwWlRrdE5HRmpZUzFpWm1VekxUZzRPVEppTTJVMU9HWmxOeUlzSW1GcFpDSTZJakFpTENKdVpY
UWlPaUozY3lJc0luQmhkR2dpT2lJdmNtRjVJaXdpYUc5emRDSTZJbXhuTXpBdVkyWmpaRzR6TG5o
NWVpSXNJblJzY3lJNkluUnNjeUo5CnZtZXNzOi8vZXlKMklqb2lNaUlzSW5Ceklqb2lkM2QzTG5s
dmRXNWxaV1F1ZDJsdUlpd2lZV1JrSWpvaU1USTBMakl5TVM0eE16RXVNVGMySWl3aWNHOXlkQ0k2
TlRBM09UY3NJbWxrSWpvaVptRTBZalptT0dZdE1USTJOQzAwTldWakxUazJOVEV0TmpFMk1HTXhN
bU5oWW1NMUlpd2lZV2xrSWpvd0xDSnVaWFFpT2lKMFkzQWlMQ0owZVhCbElqb2lhSFIwY0NJc0lt
aHZjM1FpT2lJaUxDSndZWFJvSWpvaUx5SXNJblJzY3lJNkltNXZibVVpZlE9PQp2bWVzczovL2V5
SmhaR1FpT2lJeU15NHlNalF1TXpBdU56QWlMQ0poYVdRaU9pSTJOQ0lzSW1WdVkzSjVjSFJwYjI0
aU9pSmhkWFJ2SWl3aWFHOXpkQ0k2SW5kM2R5NDJOelF4TmpVMk1pNTRlWG9pTENKcFpDSTZJalF4
T0RBME9HRm1MV0V5T1RNdE5HSTVPUzA1WWpCakxUazRZMkV6TlRnd1pHUXlOQ0lzSW01bGRDSTZJ
bmR6SWl3aWNHRjBhQ0k2SWk5d1lYUm9Mek15TVRFeE16SXlNVEV6TVNJc0luQnZjblFpT2lJME5E
TWlMQ0p3Y3lJNkluZDNkeTU1YjNWdVpXVmtMbmRwYmlJc0luTmxZM1Z5YVhSNUlqb2lZWFYwYnlJ
c0luTnJhWEF0WTJWeWRDMTJaWEpwWm5raU9tWmhiSE5sTENKMGJITWlPaUowYkhNaUxDSjBlWEJs
SWpvaVpIUnNjeUlzSW5WeWJGOW5jbTkxY0NJNkluUXViV1V2Y21sd1lXOXFhV1ZrYVdGdUlpd2lk
aUk2SWpJaWZRPT0Kdm1lc3M6Ly9leUpoWkdRaU9pSTFNUzQ0T1M0eE1EQXVNVEFpTENKaGFXUWlP
alkwTENKb2IzTjBJam9pSWl3aWFXUWlPaUk0TTJFME1qUmtPQzAwWW1OaUxUUmpaV1V0WWpBeE5p
MHlZemhtTVdSaU5HRTVNakVpTENKdVpYUWlPaUozY3lJc0luQmhkR2dpT2lJdmNHRjBhQzh5TkRN
MU16VXpNakk1TURZaUxDSndiM0owSWpvME5ETXNJbkJ6SWpvaWQzZDNMbmx2ZFc1bFpXUXVkMmx1
SWl3aWRHeHpJam9pZEd4eklpd2lkSGx3WlNJNkltRjFkRzhpTENKelpXTjFjbWwwZVNJNkltRjFk
RzhpTENKemEybHdMV05sY25RdGRtVnlhV1o1SWpwMGNuVmxMQ0p6Ym1raU9pSWlmUT09CnZtZXNz
Oi8vZXlKMklqb2lNaUlzSW5Ceklqb2lkM2QzTG5sdmRXNWxaV1F1ZDJsdUlpd2lZV1JrSWpvaU1U
UXhMakV3TVM0eE1UVXVNVEl3SWl3aWNHOXlkQ0k2SWpRME15SXNJblI1Y0dVaU9pSnViMjVsSWl3
aWFXUWlPaUk1TVRZME5tWTVZUzFpTkdVNUxUUmhZMkV0WW1abE15MDRPRGt5WWpObE5UaG1aVGNp
TENKaGFXUWlPaUl3SWl3aWJtVjBJam9pZDNNaUxDSndZWFJvSWpvaUwzSmhlU0lzSW1odmMzUWlP
aUpzWnpNd0xtTm1ZMlJ1TXk1NGVYb2lMQ0owYkhNaU9pSjBiSE1pZlE9PQp2bWVzczovL2V5Smha
R1FpT2lJeE5EUXVNVEkyTGpJeE5DNHlNVGdpTENKaGFXUWlPakFzSW1odmMzUWlPaUlpTENKcFpD
STZJakkzTlRkbVpEWXlMV1pqWmpBdE5EazBOaTA1WWpRMkxURmlOamszTnpReE5UYzFZaUlzSW01
bGRDSTZJbmR6SWl3aWNHRjBhQ0k2SWk5dE1TSXNJbkJ2Y25RaU9qUTBNeXdpY0hNaU9pSjNkM2N1
ZVc5MWJtVmxaQzUzYVc0aUxDSjBiSE1pT2lKMGJITWlMQ0owZVhCbElqb2lZWFYwYnlJc0luTmxZ
M1Z5YVhSNUlqb2lZWFYwYnlJc0luTnJhWEF0WTJWeWRDMTJaWEpwWm5raU9uUnlkV1VzSW5OdWFT
STZJaUo5CnZtZXNzOi8vZXlKMklqb2lNaUlzSW5Ceklqb2lkM2QzTG5sdmRXNWxaV1F1ZDJsdUlp
d2lZV1JrSWpvaU1UUXhMakV3TVM0eE1UVXVNakFpTENKd2IzSjBJam9pTkRReklpd2lhV1FpT2lJ
eE56WmlOVGs0WmkwME5EVmlMVFF4WVdNdE9XUXlZUzAwTXpCak5XTTBaR1l5Tm1FaUxDSmhhV1Fp
T2lJd0lpd2ljMk41SWpvaVlYVjBieUlzSW01bGRDSTZJbmR6SWl3aWRIbHdaU0k2SW01dmJtVWlM
Q0pvYjNOMElqb2lJaXdpY0dGMGFDSTZJbU5zWVhOb01TNTBjblZ0Y0RJd01qTXVibVYwSWl3aWRH
eHpJam9pZEd4eklpd2ljMjVwSWpvaUlpd2lZV3h3YmlJNklpSjkKdm1lc3M6Ly9leUoySWpvaU1p
SXNJbkJ6SWpvaWQzZDNMbmx2ZFc1bFpXUXVkMmx1SWl3aVlXUmtJam9pTkRVdU5qUXVNakl1TlRV
aUxDSndiM0owSWpvaU5EUXpJaXdpZEhsd1pTSTZJbTV2Ym1VaUxDSnBaQ0k2SWpFeE9UY3pNakZq
TFdWaU5Ua3ROREUxT1MwNU5UbG1MVFZrT0RGbU5UTmpNVGM1TWlJc0ltRnBaQ0k2SWpBaUxDSnVa
WFFpT2lKM2N5SXNJbkJoZEdnaU9pSXZJaXdpYUc5emRDSTZJbWd4TGpnd01EZzNOaTU0ZVhvaUxD
SjBiSE1pT2lKMGJITWlmUT09CnZtZXNzOi8vZXlKaFpHUWlPaUl4TkRFdU1UQXhMakV4TlM0eE5q
QWlMQ0poYVdRaU9qQXNJbWh2YzNRaU9pSmpiR0Z6YURZdWMzTnlMV1p5WldVdWVIbDZJaXdpYVdR
aU9pSTFaalkwWm1FMk5TMDNZakUwTFRRNVl6VXRPVFUwWkMxaFlURTFZelppWm1OaFkyUWlMQ0p1
WlhRaU9pSjNjeUlzSW5CaGRHZ2lPaUl2Wkc5dVozUmhhWGRoYm1jdVkyOXRJaXdpY0c5eWRDSTZO
RFF6TENKd2N5STZJbmQzZHk1NWIzVnVaV1ZrTG5kcGJpSXNJblJzY3lJNkluUnNjeUlzSW5SNWNH
VWlPaUpoZFhSdklpd2ljMlZqZFhKcGRIa2lPaUpoZFhSdklpd2ljMnRwY0MxalpYSjBMWFpsY21s
bWVTSTZkSEoxWlN3aWMyNXBJam9pSW4wPQp2bWVzczovL2V5SjJJam9pTWlJc0luQnpJam9pZDNk
M0xubHZkVzVsWldRdWQybHVJaXdpWVdSa0lqb2lNVGs0TGpReExqSXdNeTR5SWl3aWNHOXlkQ0k2
SWpRME15SXNJblI1Y0dVaU9pSnViMjVsSWl3aWFXUWlPaUl4TnpaaU5UazRaaTAwTkRWaUxUUXhZ
V010T1dReVlTMDBNekJqTldNMFpHWXlObUVpTENKaGFXUWlPaUl3SWl3aWJtVjBJam9pZDNNaUxD
SndZWFJvSWpvaUwyUnZibWQwWVdsM1lXNW5MbU52YlNJc0ltaHZjM1FpT2lKamJHRnphREV1ZEhK
MWJYQXlNREl6TG01bGRDSXNJblJzY3lJNkluUnNjeUo5CnZtZXNzOi8vZXlKMklqb2lNaUlzSW5C
eklqb2lkM2QzTG5sdmRXNWxaV1F1ZDJsdUlpd2lZV1JrSWpvaWRXNXBkbk4wWVhJdE1UQTBMVEl3
T0MweE1UY3RPRFl1Ym1sd0xtbHZJaXdpY0c5eWRDSTZJalEwTXlJc0luUjVjR1VpT2lKdWIyNWxJ
aXdpYVdRaU9pSXpNamhpTWpVME55MWtNVFF4TFRSa1pqUXRZVGMyWlMwMFpqRmpNbVV6TmpGbU5X
TWlMQ0poYVdRaU9pSXdJaXdpYm1WMElqb2lkM01pTENKd1lYUm9Jam9pTHlJc0ltaHZjM1FpT2lK
MWJtbDJjM1JoY2kweE1EUXRNakE0TFRFeE55MDROaTV1YVhBdWFXOGlMQ0owYkhNaU9pSjBiSE1p
ZlE9PQp2bWVzczovL2V5SjJJam9pTWlJc0luQnpJam9pZDNkM0xubHZkVzVsWldRdWQybHVJaXdp
WVdSa0lqb2lNakU1TGpjMkxqRXpMakUyT1NJc0luQnZjblFpT2lJME5ETWlMQ0owZVhCbElqb2li
bTl1WlNJc0ltbGtJam9pT0RGa09UTm1Oakl0TVRWaE1pMDBPVGswTFdGa1lqa3RNR0kxWkRrd05t
RmhZemRsSWl3aVlXbGtJam9pTUNJc0ltNWxkQ0k2SW5keklpd2ljR0YwYUNJNklpOGlMQ0pvYjNO
MElqb2lkR2QxYm1sMmMzUmhjaTR4TmpndE1UTTRMVGswTFRFNU5DNXpjMnhwY0M1cGJ5SXNJblJz
Y3lJNkluUnNjeUo5CnZtZXNzOi8vZXlKMklqb2lNaUlzSW5Ceklqb2lkM2QzTG5sdmRXNWxaV1F1
ZDJsdUlpd2lZV1JrSWpvaU1UY3lMalkwTGpFMU5DNHlNaklpTENKd2IzSjBJam9pTkRReklpd2lh
V1FpT2lKbVkyWmhaV001TVMwMk1EazJMVFEwWkRndE9UVTJZeTAzT0RZNFpEbGxPRGMwWWpFaUxD
SmhhV1FpT2lJd0lpd2ljMk41SWpvaVlYVjBieUlzSW01bGRDSTZJbmR6SWl3aWRIbHdaU0k2SW01
dmJtVWlMQ0pvYjNOMElqb2liR2N4TG1ObVkyUnVNUzU0ZVhvaUxDSndZWFJvSWpvaUwzSmhlU0lz
SW5Sc2N5STZJblJzY3lJc0luTnVhU0k2SWlJc0ltRnNjRzRpT2lJaWZRPT0Kdm1lc3M6Ly9leUoy
SWpvaU1pSXNJbkJ6SWpvaWQzZDNMbmx2ZFc1bFpXUXVkMmx1SWl3aVlXUmtJam9pZW1aakxuZHBi
bVJ2ZDNOMWNHUmhkR1V4TG1OdmJTSXNJbkJ2Y25RaU9pSTBORE1pTENKcFpDSTZJamhrTUdKaVpq
RXpMV1V4WldZdE5ERTVaQzFpTURVMExUSXdPREUxTnpjME1qTXpZaUlzSW1GcFpDSTZJakFpTENK
dVpYUWlPaUozY3lJc0luUjVjR1VpT2lKdWIyNWxJaXdpYUc5emRDSTZJbWhwYm1WMExtZDFiMnhw
WTJobGJtY3VZM2x2ZFNJc0luQmhkR2dpT2lJdmJXVnBlbWhwZVhWaGJpOW9hVzVsZEQ5bFpEMHlN
RFE0SWl3aWRHeHpJam9pZEd4ekluMD0Kdm1lc3M6Ly9leUpoWkdRaU9pSXhNamd1TVRRdU1UWXlM
alE0SWl3aVlXbGtJam93TENKb2IzTjBJam9pWTJ4aGMyZzJMbk56Y2kxbWNtVmxMbmg1ZWlJc0lt
bGtJam9pTldZMk5HWmhOalV0TjJJeE5DMDBPV00xTFRrMU5HUXRZV0V4TldNMlltWmpZV05rSWl3
aWJtVjBJam9pZDNNaUxDSndZWFJvSWpvaUwyUnZibWQwWVdsM1lXNW5MbU52YlNJc0luQnZjblFp
T2pRME15d2ljSE1pT2lKM2QzY3VlVzkxYm1WbFpDNTNhVzRpTENKMGJITWlPaUowYkhNaUxDSjBl
WEJsSWpvaVlYVjBieUlzSW5ObFkzVnlhWFI1SWpvaVlYVjBieUlzSW5OcmFYQXRZMlZ5ZEMxMlpY
SnBabmtpT25SeWRXVXNJbk51YVNJNklpSjkKdm1lc3M6Ly9leUpoWkdRaU9pSjBaM1Z1YVhaemRH
RnlMVEV4T1MweU16Y3RORE10T1RZdWMzTnNhWEF1YVc4aUxDSmhhV1FpT2pZMExDSm9iM04wSWpv
aWRtNHpMblJvWVc1b2FHRnBkbkJ1TG01aGJXVXVkbTRpTENKcFpDSTZJbVEzWmpKaU5Ua3lMVEps
TlRZdE5HRXhNaTA0WmpJMExUSXdaalUxWWpReU1tVm1NaUlzSW01bGRDSTZJbmR6SWl3aWNHRjBh
Q0k2SWk4aUxDSndiM0owSWpvNE1Dd2ljSE1pT2lKM2QzY3VlVzkxYm1WbFpDNTNhVzRpTENKMGJI
TWlPaUlpTENKMGVYQmxJam9pWVhWMGJ5SXNJbk5sWTNWeWFYUjVJam9pWVhWMGJ5SXNJbk5yYVhB
dFkyVnlkQzEyWlhKcFpua2lPblJ5ZFdVc0luTnVhU0k2SWlKOQp2bWVzczovL2V5SmhaR1FpT2lJ
eE56SXVOalF1TVRVekxqRTFNQ0lzSW1GcFpDSTZNQ3dpYUc5emRDSTZJbU5zWVhOb05pNXpjM0l0
Wm5KbFpTNTRlWG9pTENKcFpDSTZJalZtTmpSbVlUWTFMVGRpTVRRdE5EbGpOUzA1TlRSa0xXRmhN
VFZqTm1KbVkyRmpaQ0lzSW01bGRDSTZJbmR6SWl3aWNHRjBhQ0k2SWk5a2IyNW5kR0ZwZDJGdVp5
NWpiMjBpTENKd2IzSjBJam8wTkRNc0luQnpJam9pZDNkM0xubHZkVzVsWldRdWQybHVJaXdpZEd4
eklqb2lkR3h6SWl3aWRIbHdaU0k2SW1GMWRHOGlMQ0p6WldOMWNtbDBlU0k2SW1GMWRHOGlMQ0p6
YTJsd0xXTmxjblF0ZG1WeWFXWjVJanAwY25WbExDSnpibWtpT2lJaWZRPT0Kdm1lc3M6Ly9leUpo
WkdRaU9pSm9lVzVsYzJOdmJuTjBjblZqZEdsdmJpNWpiMjBpTENKaGFXUWlPakFzSW1odmMzUWlP
aUp6WnpFdGRqSnlZWGt1YzNOb2EybDBMbTl5WnlJc0ltbGtJam9pWXpZM05EZGtZVFF0Wm1JeVpT
MDBZVEpoTFdKa1lqY3RPRFl4TkdKa1pEWmlNR0l6SWl3aWJtVjBJam9pZDNNaUxDSndZWFJvSWpv
aUwzTnphR3RwZEM4ME1ERTBOVEkyT1Rjdk5qTTFZalEyTkRreU1URTBNUzhpTENKd2IzSjBJam8w
TkRNc0luQnpJam9pZDNkM0xubHZkVzVsWldRdWQybHVJaXdpZEd4eklqb2lkR3h6SWl3aWRIbHda
U0k2SW1GMWRHOGlMQ0p6WldOMWNtbDBlU0k2SW1GMWRHOGlMQ0p6YTJsd0xXTmxjblF0ZG1WeWFX
WjVJanAwY25WbExDSnpibWtpT2lJaWZRPT0Kdm1lc3M6Ly9leUpoWkdRaU9pSXhNRE11TVRRM0xq
RXlOaTR4TWpjaUxDSmhhV1FpT2lJd0lpd2laVzVqY25sd2RHbHZiaUk2SW1GMWRHOGlMQ0pvYjNO
MElqb2lNVEF6TGpFME55NHhNall1TVRJM0lpd2lhV1FpT2lKak9EWXpaR1E1WkMwMU5XWXlMVFEy
TVRVdFlqRmhNUzAxTkRsa1lUQTVPRGN5TW1VaUxDSnVaWFFpT2lKM2N5SXNJbkJoZEdnaU9pSXZi
bXR3ZG5CdUxuTnBkR1VpTENKd2IzSjBJam9pT0RBaUxDSndjeUk2SW5kM2R5NTViM1Z1WldWa0xu
ZHBiaUlzSW5ObFkzVnlhWFI1SWpvaVlYVjBieUlzSW5OcmFYQXRZMlZ5ZEMxMlpYSnBabmtpT21a
aGJITmxMQ0owYkhNaU9pSWlMQ0owZVhCbElqb2libTl1WlNJc0luVnliRjluY205MWNDSTZJblF1
YldVdmNtbHdZVzlxYVdWa2FXRnVJaXdpZGlJNklqSWlmUT09CnZtZXNzOi8vZXlKMklqb2lNaUlz
SW5Ceklqb2lkM2QzTG5sdmRXNWxaV1F1ZDJsdUlpd2lZV1JrSWpvaU5EY3VPVE11TWpNeExqSXhP
Q0lzSW5CdmNuUWlPalV6TURJeUxDSnBaQ0k2SWprMVptUTNOalF5TFRJeE5qQXRORFV5T0MxbE9U
QTVMVE5rTlRJMllqVXpNekF4TXlJc0ltRnBaQ0k2TUN3aWJtVjBJam9pZDNNaUxDSjBlWEJsSWpv
aWJtOXVaU0lzSW1odmMzUWlPaUp6WkM0eE9Ea3VZMjRpTENKd1lYUm9Jam9pTHlJc0luUnNjeUk2
SW01dmJtVWlmUT09CnZtZXNzOi8vZXlKMklqb2lNaUlzSW5Ceklqb2lkM2QzTG5sdmRXNWxaV1F1
ZDJsdUlpd2lZV1JrSWpvaU5EY3VPRGd1TlRJdU1qSXdJaXdpY0c5eWRDSTZJamd3SWl3aWRIbHda
U0k2SW01dmJtVWlMQ0pwWkNJNkltTTVabVU0TXpVNUxUVTROemd0TkRReE15MWpPREJsTFRObVpt
VmhZbU0wTjJJd01pSXNJbUZwWkNJNklqQWlMQ0p1WlhRaU9pSjNjeUlzSW5CaGRHZ2lPaUl2SWl3
aWFHOXpkQ0k2SW5jdU9EQXdPRGMyTG5oNWVpSXNJblJzY3lJNklpSjkKdm1lc3M6Ly9leUoySWpv
aU1pSXNJbkJ6SWpvaWQzZDNMbmx2ZFc1bFpXUXVkMmx1SWl3aVlXUmtJam9pTVRNdU1qSTFMamM0
TGpnNUlpd2ljRzl5ZENJNklqUTBNeUlzSW1sa0lqb2lOV000TlRSbE1tVXRNakExWXkwME16QTVM
VGd6TmpNdFptWTJNR1ZoTjJJeVlURTJJaXdpWVdsa0lqb2lNQ0lzSW5OamVTSTZJbUYxZEc4aUxD
SnVaWFFpT2lKM2N5SXNJblI1Y0dVaU9pSnViMjVsSWl3aWFHOXpkQ0k2SW0xdmMzVnljV2Q2T1da
ME1YazRjbTR1TVRFME5URTNMbmg1ZWlJc0luQmhkR2dpT2lJdlkyZHBMV0pwYmk5aGNHa3ZaR0Yw
WVdac2IzY3ZJaXdpZEd4eklqb2lkR3h6SWl3aWMyNXBJam9pSW4wPQp2bWVzczovL2V5SjJJam9p
TWlJc0luQnpJam9pZDNkM0xubHZkVzVsWldRdWQybHVJaXdpWVdSa0lqb2lOall1TWpFeUxqSXdM
ak1pTENKd2IzSjBJam9pTkRReklpd2lhV1FpT2lJd05EYzVaV0k1WkMwNU9UbGtMVFJpWm1ZdFlX
VXpaaTAwWmpkall6UTBNR05sTkRZaUxDSmhhV1FpT2lJd0lpd2ljMk41SWpvaVlYVjBieUlzSW01
bGRDSTZJbmR6SWl3aWRIbHdaU0k2SW01dmJtVWlMQ0pvYjNOMElqb2lkakp5WVhreUxuTnpjaTFt
Y21WbE1pNTRlWG9pTENKd1lYUm9Jam9pTDJSdmJtZDBZV2wzWVc1bkxtTnZiU0lzSW5Sc2N5STZJ
blJzY3lJc0luTnVhU0k2SWlKOQp2bWVzczovL2V5SjJJam9pTWlJc0luQnpJam9pZDNkM0xubHZk
VzVsWldRdWQybHVJaXdpWVdSa0lqb2lNVFF4TGpFd01TNHhNVFV1TWlJc0luQnZjblFpT2lJME5E
TWlMQ0pwWkNJNkltWXpNemsxTjJVNExUTTNNbVV0TkdaaVlTMDVPV1ZrTFdZMFpHSXpNbU5qWlRs
bE5TSXNJbUZwWkNJNklqQWlMQ0p6WTNraU9pSmhkWFJ2SWl3aWJtVjBJam9pZDNNaUxDSjBlWEJs
SWpvaWJtOXVaU0lzSW1odmMzUWlPaUptY2pJdVkyWmpaRzQwTG5oNWVpSXNJbkJoZEdnaU9pSXZj
bUY1SWl3aWRHeHpJam9pZEd4eklpd2ljMjVwSWpvaUluMD0Kdm1lc3M6Ly9leUoySWpvaU1pSXNJ
bkJ6SWpvaWQzZDNMbmx2ZFc1bFpXUXVkMmx1SWl3aVlXUmtJam9pTVRFM0xqRTJOQzR4T0RVdU1q
SXhJaXdpY0c5eWRDSTZJakUyTVRFeUlpd2lhV1FpT2lKbFpUZzJOekl3TkMwelpqVXlMVE5tWVdZ
dE9HUmxOQzAyWmpReE9EQTVNemxrTjJNaUxDSmhhV1FpT2lJd0lpd2ljMk41SWpvaVlYVjBieUlz
SW01bGRDSTZJblJqY0NJc0luUjVjR1VpT2lKdWIyNWxJaXdpYUc5emRDSTZJakV4Tnk0eE5qUXVN
VGcxTGpJeU1TSXNJbkJoZEdnaU9pSXZJaXdpZEd4eklqb2lJaXdpYzI1cElqb2lJbjA9CnZtZXNz
Oi8vZXlKaFpHUWlPaUl5TUM0eE9EY3VOekF1TkRZaUxDSmhhV1FpT2pBc0ltaHZjM1FpT2lJaUxD
SnBaQ0k2SWpjME9UWTVOalJtTFdJMU16VXROREkyTmkwNU1ETmxMVGcxWXprNE5tRXhOVGcwWVNJ
c0ltNWxkQ0k2SW5keklpd2ljR0YwYUNJNklpOGlMQ0p3YjNKMElqbzRNQ3dpY0hNaU9pSjNkM2N1
ZVc5MWJtVmxaQzUzYVc0aUxDSjBiSE1pT2lJaUxDSjBlWEJsSWpvaVlYVjBieUlzSW5ObFkzVnlh
WFI1SWpvaVlYVjBieUlzSW5OcmFYQXRZMlZ5ZEMxMlpYSnBabmtpT25SeWRXVXNJbk51YVNJNklp
SjkKdm1lc3M6Ly9leUoySWpvaU1pSXNJbkJ6SWpvaWQzZDNMbmx2ZFc1bFpXUXVkMmx1SWl3aVlX
UmtJam9pZDNkM0xtUnBaMmwwWVd4dlkyVmhiaTVqYjIwaUxDSndiM0owSWpvaU9EQWlMQ0pwWkNJ
NklqQmtZakJoTkRjNUxUZzVPVE10TkdVMVlpMWhNREF5TFRZeU9XVTVaVEJpTkRCbE5TSXNJbUZw
WkNJNklqQWlMQ0p6WTNraU9pSmhkWFJ2SWl3aWJtVjBJam9pZDNNaUxDSjBlWEJsSWpvaWJtOXVa
U0lzSW1odmMzUWlPaUp2TURjdWRHZG1ZV3RoTG1OdmJTSXNJbkJoZEdnaU9pSXZZWEJwTDNZekwy
UnZkMjVzYjJGa0xtZGxkRVpwYkdVaUxDSjBiSE1pT2lJaUxDSnpibWtpT2lJaUxDSmhiSEJ1SWpv
aUluMD0Kdm1lc3M6Ly9leUoySWpvaU1pSXNJbkJ6SWpvaWQzZDNMbmx2ZFc1bFpXUXVkMmx1SWl3
aVlXUmtJam9pTWpFNUxqYzJMakV6TGpFNE1DSXNJbkJ2Y25RaU9pSTBORE1pTENKcFpDSTZJalZt
TmpSbVlUWTFMVGRpTVRRdE5EbGpOUzA1TlRSa0xXRmhNVFZqTm1KbVkyRmpaQ0lzSW1GcFpDSTZJ
akFpTENKelkza2lPaUpoZFhSdklpd2libVYwSWpvaWQzTWlMQ0owZVhCbElqb2libTl1WlNJc0lt
aHZjM1FpT2lKamJHRnphRFl1YzNOeUxXWnlaV1V1ZUhsNklpd2ljR0YwYUNJNklpOWtiMjVuZEdG
cGQyRnVaeTVqYjIwaUxDSjBiSE1pT2lKMGJITWlMQ0p6Ym1raU9pSWlMQ0poYkhCdUlqb2lJbjA9
CnZtZXNzOi8vZXlKaFpHUWlPaUl4T1RndU5ERXVNakF6TGpVaUxDSmhhV1FpT2pBc0ltaHZjM1Fp
T2lKc1p6TXdMbU5tWTJSdU15NTRlWG9pTENKcFpDSTZJamt4TmpRMlpqbGhMV0kwWlRrdE5HRmpZ
UzFpWm1VekxUZzRPVEppTTJVMU9HWmxOeUlzSW01bGRDSTZJbmR6SWl3aWNHRjBhQ0k2SWk5eVlY
a2lMQ0p3YjNKMElqbzBORE1zSW5Ceklqb2lkM2QzTG5sdmRXNWxaV1F1ZDJsdUlpd2lkR3h6SWpv
aWRHeHpJaXdpZEhsd1pTSTZJbUYxZEc4aUxDSnpaV04xY21sMGVTSTZJbUYxZEc4aUxDSnphMmx3
TFdObGNuUXRkbVZ5YVdaNUlqcDBjblZsTENKemJta2lPaUlpZlE9PQp2bWVzczovL2V5SjJJam9p
TWlJc0luQnpJam9pZDNkM0xubHZkVzVsWldRdWQybHVJaXdpWVdSa0lqb2laMmN4TG5SaGJtZHNk
UzU0ZVhvaUxDSndiM0owSWpvaU9EQWlMQ0pwWkNJNklqQmtZakJoTkRjNUxUZzVPVE10TkdVMVlp
MWhNREF5TFRZeU9XVTVaVEJpTkRCbE5TSXNJbUZwWkNJNklqQWlMQ0p6WTNraU9pSmhkWFJ2SWl3
aWJtVjBJam9pZDNNaUxDSjBlWEJsSWpvaWJtOXVaU0lzSW1odmMzUWlPaUp2TURjdWRHZG1ZV3Ro
TG1OdmJTSXNJbkJoZEdnaU9pSXZZWEJwTDNZekwyUnZkMjVzYjJGa0xtZGxkRVpwYkdVaUxDSjBi
SE1pT2lJaUxDSnpibWtpT2lJaUxDSmhiSEJ1SWpvaUluMD0Kdm1lc3M6Ly9leUpoWkdRaU9pSXhP
RFV1TWpVd0xqSXlNQzR4TXpRaUxDSmhhV1FpT2lJMk5DSXNJbVZ1WTNKNWNIUnBiMjRpT2lKaGRY
UnZJaXdpYUc5emRDSTZJbmQzZHk0MU5qYzFPVEEzTWk1NGVYb2lMQ0pwWkNJNklqUXhPREEwT0dG
bUxXRXlPVE10TkdJNU9TMDVZakJqTFRrNFkyRXpOVGd3WkdReU5DSXNJbTVsZENJNkluZHpJaXdp
Y0dGMGFDSTZJaTl3WVhSb0x6TXlNVEV4TXpJeU1URXpNU0lzSW5CdmNuUWlPaUkwTkRNaUxDSndj
eUk2SW5kM2R5NTViM1Z1WldWa0xuZHBiaUlzSW5ObFkzVnlhWFI1SWpvaVlYVjBieUlzSW5OcmFY
QXRZMlZ5ZEMxMlpYSnBabmtpT21aaGJITmxMQ0owYkhNaU9pSjBiSE1pTENKMGVYQmxJam9pWkhS
c2N5SXNJblZ5YkY5bmNtOTFjQ0k2SW5RdWJXVXZjbWx3WVc5cWFXVmthV0Z1SWl3aWRpSTZJaklp
ZlE9PQp2bWVzczovL2V5SjJJam9pTWlJc0luQnpJam9pZDNkM0xubHZkVzVsWldRdWQybHVJaXdp
WVdSa0lqb2lORFV1TmpRdU1qSXVOaUlzSW5CdmNuUWlPaUkwTkRNaUxDSjBlWEJsSWpvaWJtOXVa
U0lzSW1sa0lqb2lNV1kwTXpJeVpURXRNR1UzWlMwMFlXWXlMV05qTURrdE9EUTJOalpoWXpFMU5q
RTJJaXdpWVdsa0lqb2lNQ0lzSW01bGRDSTZJbmR6SWl3aWNHRjBhQ0k2SWk4aUxDSm9iM04wSWpv
aWR6RXVPREF3T0RjMkxuaDVlaUlzSW5Sc2N5STZJblJzY3lKOQp2bWVzczovL2V5SjJJam9pTWlJ
c0luQnpJam9pZDNkM0xubHZkVzVsWldRdWQybHVJaXdpWVdSa0lqb2lNVGs0TGpReExqSXhNaTR4
TWpJaUxDSndiM0owSWpvaU5EUXpJaXdpZEhsd1pTSTZJbTV2Ym1VaUxDSnBaQ0k2SW1aalptRmxZ
emt4TFRZd09UWXRORFJrT0MwNU5UWmpMVGM0Tmpoa09XVTROelJpTVNJc0ltRnBaQ0k2SWpBaUxD
SnVaWFFpT2lKM2N5SXNJbkJoZEdnaU9pSXZjbUY1SWl3aWFHOXpkQ0k2SW14bk1TNWpabU5rYmpF
dWVIbDZJaXdpZEd4eklqb2lkR3h6SW4wPQp2bWVzczovL2V5SmhaR1FpT2lKcmNqSXVjMkZ1Wm1W
dU1EQXhMbkJwWTNNaUxDSmhhV1FpT2pBc0ltaHZjM1FpT2lKM2QzY3ViV2xqY205emIyWjBMbU52
YlNJc0ltbGtJam9pT0RCbE9UUmhaall0WlRReVlTMDBaR0pqTFRobU5HSXRZelZtT1RsaVpqazNa
RE5rSWl3aWJtVjBJam9pZDNNaUxDSndZWFJvSWpvaUwzcG9MV051SWl3aWNHOXlkQ0k2TkRRekxD
SndjeUk2SW5kM2R5NTViM1Z1WldWa0xuZHBiaUlzSW5Sc2N5STZJblJzY3lJc0luUjVjR1VpT2lK
aGRYUnZJaXdpYzJWamRYSnBkSGtpT2lKaGRYUnZJaXdpYzJ0cGNDMWpaWEowTFhabGNtbG1lU0k2
ZEhKMVpTd2ljMjVwSWpvaUluMD0Kdm1lc3M6Ly9leUoySWpvaU1pSXNJbkJ6SWpvaWQzZDNMbmx2
ZFc1bFpXUXVkMmx1SWl3aVlXUmtJam9pTVRBMExqSTJMamt1TnpRaUxDSndiM0owSWpvaU5EUXpJ
aXdpYVdRaU9pSm1ObU14WW1GaVpTMDBNVFpsTFRRM1pERXRPRGN5Tmkwd05EazJOemhsTWpWak4y
RWlMQ0poYVdRaU9pSXdJaXdpYzJONUlqb2lZWFYwYnlJc0ltNWxkQ0k2SW5keklpd2lkSGx3WlNJ
NkltNXZibVVpTENKb2IzTjBJam9pSWl3aWNHRjBhQ0k2SW5Wek1pNTJNbkpoZVhObGNuWXVZMjl0
SWl3aWRHeHpJam9pZEd4eklpd2ljMjVwSWpvaUlpd2lZV3h3YmlJNklpSjkKdm1lc3M6Ly9leUoy
SWpvaU1pSXNJbkJ6SWpvaWQzZDNMbmx2ZFc1bFpXUXVkMmx1SWl3aVlXUmtJam9pTVRFM0xqRTJO
QzR4T0RVdU1qSXlJaXdpY0c5eWRDSTZJakUyTVRBM0lpd2lhV1FpT2lKbFpUZzJOekl3TkMwelpq
VXlMVE5tWVdZdE9HUmxOQzAyWmpReE9EQTVNemxrTjJNaUxDSmhhV1FpT2lJd0lpd2ljMk41SWpv
aVlYVjBieUlzSW01bGRDSTZJblJqY0NJc0luUjVjR1VpT2lKdWIyNWxJaXdpYUc5emRDSTZJakV4
Tnk0eE5qUXVNVGcxTGpJeU1pSXNJbkJoZEdnaU9pSXZJaXdpZEd4eklqb2lJaXdpYzI1cElqb2lJ
bjA9CnZtZXNzOi8vZXlKaFpHUWlPaUl4TWpndU1UUXVNVFF3TGpJMU5DSXNJbUZwWkNJNk1Dd2lh
Rzl6ZENJNkluWXljbUY1TWk1emMzSXRabkpsWlRJdWVIbDZJaXdpYVdRaU9pSXdORGM1WldJNVpD
MDVPVGxrTFRSaVptWXRZV1V6WmkwMFpqZGpZelEwTUdObE5EWWlMQ0p1WlhRaU9pSjNjeUlzSW5C
aGRHZ2lPaUl2Wkc5dVozUmhhWGRoYm1jdVkyOXRJaXdpY0c5eWRDSTZORFF6TENKd2N5STZJbmQz
ZHk1NWIzVnVaV1ZrTG5kcGJpSXNJblJzY3lJNkluUnNjeUlzSW5SNWNHVWlPaUpoZFhSdklpd2lj
MlZqZFhKcGRIa2lPaUpoZFhSdklpd2ljMnRwY0MxalpYSjBMWFpsY21sbWVTSTZkSEoxWlN3aWMy
NXBJam9pSW4wPQp2bWVzczovL2V5SmhaR1FpT2lKMk1uVnpNRE11YVhONFlTNTBiM0FpTENKb2Iz
TjBJam9pSWl3aWFXUWlPaUlpTENKdVpYUWlPaUozY3lJc0luQmhkR2dpT2lJdmNtRjVJaXdpY0c5
eWRDSTZJalEwTXlJc0luQnpJam9pZDNkM0xubHZkVzVsWldRdWQybHVJaXdpZEd4eklqb2lkR3h6
SWl3aWRpSTZNaXdpWVdsa0lqb3dMQ0owZVhCbElqb2libTl1WlNKOQp2bWVzczovL2V5SjJJam9p
TWlJc0luQnpJam9pZDNkM0xubHZkVzVsWldRdWQybHVJaXdpWVdSa0lqb2lNVFEwTGpJMExqRTFN
QzR4TWpZaUxDSndiM0owSWpvaU5EUXpJaXdpZEhsd1pTSTZJbTV2Ym1VaUxDSnBaQ0k2SWpneFpE
a3paall5TFRFMVlUSXRORGs1TkMxaFpHSTVMVEJpTldRNU1EWmhZV00zWlNJc0ltRnBaQ0k2SWpB
aUxDSnVaWFFpT2lKM2N5SXNJbkJoZEdnaU9pSXZJaXdpYUc5emRDSTZJaUlzSW5Sc2N5STZJblJz
Y3lKOQp2bWVzczovL2V5SjJJam9pTWlJc0luQnpJam9pZDNkM0xubHZkVzVsWldRdWQybHVJaXdp
WVdSa0lqb2lkbUYxTVM0d1ltRmtMbU52YlNJc0luQnZjblFpT2lJME5ETWlMQ0owZVhCbElqb2li
bTl1WlNJc0ltbGtJam9pT1RJM01EazBaRE10WkRZM09DMDBOell6TFRnMU9URXRaVEkwTUdRd1lt
TmhaVGczSWl3aVlXbGtJam9pTUNJc0ltNWxkQ0k2SW5keklpd2ljR0YwYUNJNklpOWphR0YwSWl3
aWFHOXpkQ0k2SW5aaGRURXVNR0poWkM1amIyMGlMQ0owYkhNaU9pSjBiSE1pZlE9PQp2bWVzczov
L2V5SjJJam9pTWlJc0luQnpJam9pZDNkM0xubHZkVzVsWldRdWQybHVJaXdpWVdSa0lqb2lNUzR4
T0RBNExtTm1JaXdpY0c5eWRDSTZJalEwTXlJc0luUjVjR1VpT2lKdWIyNWxJaXdpYVdRaU9pSm1a
bVptWm1abVppMW1abVptTFdabVptWXRabVptWmkxbVptWm1abVptWm1abVptWWlMQ0poYVdRaU9p
SXdJaXdpYm1WMElqb2lkM01pTENKd1lYUm9Jam9pTDNadFpYTnpJaXdpYUc5emRDSTZJbll5TG1O
b2FXZDFZUzUwYXlJc0luUnNjeUk2SW5Sc2N5SjkKdm1lc3M6Ly9leUpoWkdRaU9pSXhOREV1TVRB
eExqRXhOUzR4TURBaUxDSmhhV1FpT2pBc0ltaHZjM1FpT2lKc1p6RXVZMlpqWkc0eUxuaDVlaUlz
SW1sa0lqb2lNalkzWVRsbU16Z3ROREJrT0MwMFpXUTJMV0ZpTlRndFkyRm1ZelkzWlRsak9UTXpJ
aXdpYm1WMElqb2lkM01pTENKd1lYUm9Jam9pTDFaSVQwNVBSbG96SWl3aWNHOXlkQ0k2TkRRekxD
SndjeUk2SW5kM2R5NTViM1Z1WldWa0xuZHBiaUlzSW5Sc2N5STZJblJzY3lJc0luUjVjR1VpT2lK
aGRYUnZJaXdpYzJWamRYSnBkSGtpT2lKaGRYUnZJaXdpYzJ0cGNDMWpaWEowTFhabGNtbG1lU0k2
ZEhKMVpTd2ljMjVwSWpvaUluMD0Kdm1lc3M6Ly9leUoySWpvaU1pSXNJbkJ6SWpvaWQzZDNMbmx2
ZFc1bFpXUXVkMmx1SWl3aVlXUmtJam9pTVRVeUxqWTVMakl6TUM0eE56QWlMQ0p3YjNKMElqb2lP
REFpTENKMGVYQmxJam9pYm05dVpTSXNJbWxrSWpvaU5tRmhNalJrWldRdE5XWXhOUzAwT0dNM0xU
aGpZbUV0TTJVeVlURTFPV1EyWWpjM0lpd2lZV2xrSWpvaU1DSXNJbTVsZENJNkluZHpJaXdpY0dG
MGFDSTZJaThpTENKb2IzTjBJam9pTVRVeUxqWTVMakl6TUM0eE56QWlMQ0owYkhNaU9pSWlmUT09
CnZtZXNzOi8vZXlKMklqb2lNaUlzSW5Ceklqb2lkM2QzTG5sdmRXNWxaV1F1ZDJsdUlpd2lZV1Jr
SWpvaU1UUTJMakU1TUM0eUxqVTBJaXdpY0c5eWRDSTZJalEwTXlJc0ltbGtJam9pTW1FME9URTRa
R1V0WVdSalpTMDBZelJsTFdGaE1EQXRPRGhoTkRJeU4yTm1ObVZoSWl3aVlXbGtJam9pTUNJc0lu
TmplU0k2SW1GMWRHOGlMQ0p1WlhRaU9pSjNjeUlzSW5SNWNHVWlPaUp1YjI1bElpd2lhRzl6ZENJ
NklpSXNJbkJoZEdnaU9pSXhORFl1TVRrd0xqSXVOVFFpTENKMGJITWlPaUowYkhNaUxDSnpibWtp
T2lJaUxDSmhiSEJ1SWpvaUluMD0Kdm1lc3M6Ly9leUoySWpvaU1pSXNJbkJ6SWpvaWQzZDNMbmx2
ZFc1bFpXUXVkMmx1SWl3aVlXUmtJam9pYW0wdWFuTm9jM2g0ZUhrdWRHOXdJaXdpY0c5eWRDSTZJ
alEwTXlJc0luUjVjR1VpT2lKdWIyNWxJaXdpYVdRaU9pSmhZekk1WldZME1pMDNNVEF3TFRSbVpH
UXRZVFZsWlMwMVltSXdOMkl4TkRabE5qRWlMQ0poYVdRaU9pSXdJaXdpYm1WMElqb2lkM01pTENK
d1lYUm9Jam9pTDAxdmEyOXVZVTF2Wkc5cmFVMXJkakpTWlc1MGNua2lMQ0pvYjNOMElqb2lhbTB1
YW5Ob2MzaDRlSGt1ZEc5d0lpd2lkR3h6SWpvaWRHeHpJbjA9CnZtZXNzOi8vZXlKaFpHUWlPaUl5
TUM0eU16a3VNVFUzTGpFNE9TSXNJbUZwWkNJNklqQWlMQ0pvYjNOMElqb2lZWHBvYXpJdWMyOTFk
R2h3WVhKckxtbGpkU0lzSW1sa0lqb2lZVE5sT0Rjd1l6QXRNemRtTkMwMFlXRTFMVGxtWVdJdE5H
TmtPVFJrWWpObFpHSmpJaXdpYm1WMElqb2lkM01pTENKd1lYUm9Jam9pTDNKMWJpSXNJbkJ2Y25R
aU9qRXdNREU0TENKd2N5STZJbmQzZHk1NWIzVnVaV1ZrTG5kcGJpSXNJblJzY3lJNkluUnNjeUlz
SW5SNWNHVWlPaUp1YjI1bElpd2lkaUk2SWpJaWZRPT0Kdm1lc3M6Ly9leUoySWpvaU1pSXNJbkJ6
SWpvaWQzZDNMbmx2ZFc1bFpXUXVkMmx1SWl3aVlXUmtJam9pTVRBMkxqRXlMakUyT0M0eE15SXNJ
bkJ2Y25RaU9qRXpNVFUyTENKcFpDSTZJamxpWmpSalltRTBMVGxsT1dVdE5HUmhOQzA0WlRZMUxX
WTNZelE0TjJNMU16bGtaaUlzSW1GcFpDSTZNQ3dpYm1WMElqb2lkM01pTENKMGVYQmxJam9pYm05
dVpTSXNJbWh2YzNRaU9pSmhMakU0T1M1amJpSXNJbkJoZEdnaU9pSXZJaXdpZEd4eklqb2libTl1
WlNKOQp2bWVzczovL2V5SmhaR1FpT2lKNmFIVjViMjVuTG1oMVkyeHZkV1F0Wkc1ekxuaDVlaUlz
SW1GcFpDSTZNQ3dpYUc5emRDSTZJaUlzSW1sa0lqb2lOR05sTWpGaE1URXRORFJtWlMwME9ERTBM
V0UyTXprdE5HSTNZMkZtTlRBeE1ETXhJaXdpYm1WMElqb2lkM01pTENKd1lYUm9Jam9pTHlJc0lu
QnZjblFpT2pRME15d2ljSE1pT2lKM2QzY3VlVzkxYm1WbFpDNTNhVzRpTENKMGJITWlPaUowYkhN
aUxDSjBlWEJsSWpvaVlYVjBieUlzSW5ObFkzVnlhWFI1SWpvaVlYVjBieUlzSW5OcmFYQXRZMlZ5
ZEMxMlpYSnBabmtpT25SeWRXVXNJbk51YVNJNklpSjkKdm1lc3M6Ly9leUpoWkdRaU9pSmpZVEl1
ZGpKeVlYbHpaWEoyTG1OdmJTSXNJbUZwWkNJNk1Dd2lhRzl6ZENJNkltTmhNaTUyTW5KaGVYTmxj
bll1WTI5dElpd2lhV1FpT2lKbE0yVmlZVE5oWXkwMVltVmhMVFF3T1dZdFlXTTFZeTAyWXprMk5H
VXdOR1F3WXpRaUxDSnVaWFFpT2lKM2N5SXNJbkJoZEdnaU9pSXZjM05vYjJObFlXNGlMQ0p3YjNK
MElqbzRNQ3dpY0hNaU9pSjNkM2N1ZVc5MWJtVmxaQzUzYVc0aUxDSjBiSE1pT2lJaUxDSjBlWEJs
SWpvaVlYVjBieUlzSW5ObFkzVnlhWFI1SWpvaVlYVjBieUlzSW5OcmFYQXRZMlZ5ZEMxMlpYSnBa
bmtpT25SeWRXVXNJbk51YVNJNklpSjkKdm1lc3M6Ly9leUpoWkdRaU9pSTFNaTR4TXpFdU1qRTRM
akUyTWlJc0luWWlPaUl5SWl3aWNITWlPaUozZDNjdWVXOTFibVZsWkM1M2FXNGlMQ0p3YjNKMElq
bzFNakl3TXl3aWFXUWlPaUptT0dReU5HWXdOaTB4TlRFekxUTXpabU10WW1ZME9TMHpOR0ZqTWpN
eFptUTJOalVpTENKaGFXUWlPaUl5SWl3aWJtVjBJam9pZEdOd0lpd2lkSGx3WlNJNklpSXNJbWh2
YzNRaU9pSWlMQ0p3WVhSb0lqb2lMeUlzSW5Sc2N5STZJaUo5CnZtZXNzOi8vZXlKMklqb2lNaUlz
SW5Ceklqb2lkM2QzTG5sdmRXNWxaV1F1ZDJsdUlpd2lZV1JrSWpvaU1UZ3lMall4TGpRd0xqRXhO
U0lzSW5CdmNuUWlPakl6T0RRMkxDSnBaQ0k2SWprMVlXVTNNelUzTFdJMFpqVXROR1ptTlMwNU9E
aGhMV016WWpVeVpEVmxZV0ppWXlJc0ltRnBaQ0k2TUN3aWJtVjBJam9pZEdOd0lpd2lkSGx3WlNJ
NkltNXZibVVpTENKb2IzTjBJam9pSWl3aWNHRjBhQ0k2SWlJc0luUnNjeUk2SW01dmJtVWlmUT09
CnZtZXNzOi8vZXlKaFpHUWlPaUl4TmpndU1UTTRMakUzTVM0Mk5TSXNJbUZwWkNJNk1Dd2lhRzl6
ZENJNklpSXNJbWxrSWpvaU5HRm1ObVprT1dFdFpUaGlOQzAwTm1ZeUxXUmhNMkV0TWpBM1pqUTFO
emMyTlRaaklpd2libVYwSWpvaWRHTndJaXdpY0dGMGFDSTZJaUlzSW5CdmNuUWlPalEwTXl3aWNI
TWlPaUozZDNjdWVXOTFibVZsWkM1M2FXNGlMQ0owYkhNaU9pSjBiSE1pTENKMGVYQmxJam9pWVhW
MGJ5SXNJbk5sWTNWeWFYUjVJam9pWVhWMGJ5SXNJbk5yYVhBdFkyVnlkQzEyWlhKcFpua2lPblJ5
ZFdVc0luTnVhU0k2SWlKOQp2bWVzczovL2V5SjJJam9pTWlJc0luQnpJam9pZDNkM0xubHZkVzVs
WldRdWQybHVJaXdpWVdSa0lqb2lNVFF4TGpFd01TNHhNVFF1TVRBd0lpd2ljRzl5ZENJNklqUTBN
eUlzSW1sa0lqb2lORFkzT1dZd01HVXRPVEJqWlMwME16QmtMVGszTVRRdE5tRXhPVE0yTjJKaE1U
RXlJaXdpWVdsa0lqb2lNQ0lzSW5OamVTSTZJbUYxZEc4aUxDSnVaWFFpT2lKM2N5SXNJblI1Y0dV
aU9pSnViMjVsSWl3aWFHOXpkQ0k2SW5ZeWNtRjVNUzU2YUhWcWFXTnVNaTV2Y21jaUxDSndZWFJv
SWpvaUwyUnZibWQwWVdsM1lXNW5MbU52YlNJc0luUnNjeUk2SW5Sc2N5SXNJbk51YVNJNklpSXNJ
bUZzY0c0aU9pSWlmUT09CnZtZXNzOi8vZXlKMklqb2lNaUlzSW5Ceklqb2lkM2QzTG5sdmRXNWxa
V1F1ZDJsdUlpd2lZV1JrSWpvaU1UUXhMakV3TVM0eE1UUXVNalVpTENKd2IzSjBJam9pTkRReklp
d2lhV1FpT2lJNU1UWTBObVk1WVMxaU5HVTVMVFJoWTJFdFltWmxNeTA0T0RreVlqTmxOVGhtWlRj
aUxDSmhhV1FpT2lJd0lpd2ljMk41SWpvaVlYVjBieUlzSW01bGRDSTZJbmR6SWl3aWRIbHdaU0k2
SW01dmJtVWlMQ0pvYjNOMElqb2liR2N6TUM1alptTmtiak11ZUhsNklpd2ljR0YwYUNJNklpOXlZ
WGtpTENKMGJITWlPaUowYkhNaUxDSnpibWtpT2lJaWZRPT0Kdm1lc3M6Ly9leUpoWkdRaU9pSnJj
akV1YzJGdVptVnVNREF4TG5CcFkzTWlMQ0poYVdRaU9qQXNJbWh2YzNRaU9pSjNkM2N1YldsamNt
OXpiMlowTG1OdmJTSXNJbWxrSWpvaU9EQmxPVFJoWmpZdFpUUXlZUzAwWkdKakxUaG1OR0l0WXpW
bU9UbGlaamszWkROa0lpd2libVYwSWpvaWQzTWlMQ0p3WVhSb0lqb2lMM3BvTFdOdUlpd2ljRzl5
ZENJNk5EUXpMQ0p3Y3lJNkluZDNkeTU1YjNWdVpXVmtMbmRwYmlJc0luUnNjeUk2SW5Sc2N5SXNJ
blI1Y0dVaU9pSmhkWFJ2SWl3aWMyVmpkWEpwZEhraU9pSmhkWFJ2SWl3aWMydHBjQzFqWlhKMExY
WmxjbWxtZVNJNmRISjFaU3dpYzI1cElqb2lJbjA9CnZtZXNzOi8vZXlKaFpHUWlPaUl4TURRdU1U
a3VNakl1TWpRNUlpd2lZV2xrSWpvd0xDSm9iM04wSWpvaWNtRnJjMjFoY25RdVpHOXdZVzFwYm1V
dVoyRWlMQ0pwWkNJNkltVTRaRGRsWWpJekxXUTNPV1V0TkRKbFl5MW1aakprTFRobE1EZzNNV05s
WXpGbVl5SXNJbTVsZENJNkluZHpJaXdpY0dGMGFDSTZJaThpTENKd2IzSjBJam80TUN3aWNITWlP
aUozZDNjdWVXOTFibVZsWkM1M2FXNGlMQ0owYkhNaU9pSWlMQ0owZVhCbElqb2lZWFYwYnlJc0lu
TmxZM1Z5YVhSNUlqb2lZWFYwYnlJc0luTnJhWEF0WTJWeWRDMTJaWEpwWm5raU9uUnlkV1VzSW5O
dWFTSTZJaUo5CnZtZXNzOi8vZXlKd2N5STZJbmQzZHk1NWIzVnVaV1ZrTG5kcGJpSXNJbUZrWkNJ
NkluZDNkeTVyWlhKdVpXeHpMbUpwWkNJc0luQnZjblFpT2lJME5ETWlMQ0pwWkNJNklqWmpOMk0x
WlROaExUY3pZV1F0TkRZM1lTMHhNalF4TFRJd05qazROMlJoWVRBMFppSXNJbUZwWkNJNklqQWlM
Q0p1WlhRaU9pSjNjeUlzSW5SNWNHVWlPaUp1YjI1bElpd2lhRzl6ZENJNklpOTNjeUlzSW5Sc2N5
STZJblJzY3lKOQo=
dm1lc3M6Ly9leUp3Y3lJNkluZDNkeTU1YjNWdVpXVmtMbmRwYmlJc0ltRmtaQ0k2SW5kM2R5NXJa
WEp1Wld4ekxtSnBaQ0lzSW5CdmNuUWlPaUk0TUNJc0ltbGtJam9pTWpWbFl6TTVaamN0TjJOa1pD
MDBZek5qTFdKak0yTXROakJsT1dFNE9USTNZalJoSWl3aVlXbGtJam9pTUNJc0ltNWxkQ0k2SW5k
eklpd2lkSGx3WlNJNkltNXZibVVpTENKb2IzTjBJam9pTDNkeklpd2lkR3h6SWpvaWJtOXVaU0o5
CnZtZXNzOi8vZXlKaFpHUWlPaUl6TkM0eE5EVXVNVFExTGpjMklpd2lZV2xrSWpvd0xDSm9iM04w
SWpvaVkyeGhjMmcyTG5OemNpMW1jbVZsTG5oNWVpSXNJbWxrSWpvaU5XWTJOR1poTmpVdE4ySXhO
QzAwT1dNMUxUazFOR1F0WVdFeE5XTTJZbVpqWVdOa0lpd2libVYwSWpvaWQzTWlMQ0p3WVhSb0lq
b2lMMlJ2Ym1kMFlXbDNZVzVuTG1OdmJTSXNJbkJ2Y25RaU9qUTBNeXdpY0hNaU9pSjNkM2N1ZVc5
MWJtVmxaQzUzYVc0aUxDSjBiSE1pT2lKMGJITWlMQ0owZVhCbElqb2lZWFYwYnlJc0luTmxZM1Z5
YVhSNUlqb2lZWFYwYnlJc0luTnJhWEF0WTJWeWRDMTJaWEpwWm5raU9uUnlkV1VzSW5OdWFTSTZJ
aUo5CnZtZXNzOi8vZXlKMklqb2lNaUlzSW5Ceklqb2lkM2QzTG5sdmRXNWxaV1F1ZDJsdUlpd2lZ
V1JrSWpvaU1UVTFMakkwT0M0eU5ERXVOVElpTENKd2IzSjBJam9pTkRReklpd2lhV1FpT2lJNE1X
UTVNMlkyTWkweE5XRXlMVFE1T1RRdFlXUmlPUzB3WWpWa09UQTJZV0ZqTjJVaUxDSmhhV1FpT2lJ
d0lpd2ljMk41SWpvaVlYVjBieUlzSW01bGRDSTZJbmR6SWl3aWRIbHdaU0k2SW01dmJtVWlMQ0pv
YjNOMElqb2lNVFUxTGpJME9DNHlOREV1TlRJaUxDSndZWFJvSWpvaUx5SXNJblJzY3lJNkluUnNj
eUlzSW5OdWFTSTZJaUlzSW1Gc2NHNGlPaUlpZlE9PQp2bWVzczovL2V5SjJJam9pTWlJc0luQnpJ
am9pZDNkM0xubHZkVzVsWldRdWQybHVJaXdpWVdSa0lqb2lNVEU1TGpJek55NDBNeTR5TVRjaUxD
SndiM0owSWpvaU5EUXpJaXdpZEhsd1pTSTZJbTV2Ym1VaUxDSnBaQ0k2SWpneFpEa3paall5TFRF
MVlUSXRORGs1TkMxaFpHSTVMVEJpTldRNU1EWmhZV00zWlNJc0ltRnBaQ0k2SWpBaUxDSnVaWFFp
T2lKM2N5SXNJbkJoZEdnaU9pSXZJaXdpYUc5emRDSTZJblJuZFc1cGRuTjBZWEl1TVRZNExURXpP
QzA1TkMweE9UUXVjM05zYVhBdWFXOGlMQ0owYkhNaU9pSjBiSE1pZlE9PQp2bWVzczovL2V5Smha
R1FpT2lJME5pNHhPREl1TVRBM0xqRXpNQ0lzSW5ZaU9qSXNJbkJ6SWpvaWQzZDNMbmx2ZFc1bFpX
UXVkMmx1SWl3aWNHOXlkQ0k2SWpRME15SXNJbWxrSWpvaU9UVTBPV0V5WTJZdE1USTVZaTAwTTJF
eExUZzRaR0l0WldZM1pqWTBPR1JsTnpSaElpd2lZV2xrSWpvaU5qUWlMQ0p6WTNraU9pSmhkWFJ2
SWl3aWJtVjBJam9pZDNNaUxDSjBlWEJsSWpvaUlpd2lhRzl6ZENJNkluZDNkeTQzTmpjek9EWTVP
UzU0ZVhvaUxDSjBiSE1pT2lKMGJITWlMQ0p3WVhSb0lqb2lMM0JoZEdndk1EUXhOakk1TVRFd056
RXlJbjA9CnZtZXNzOi8vZXlKMklqb2lNaUlzSW5Ceklqb2lkM2QzTG5sdmRXNWxaV1F1ZDJsdUlp
d2lZV1JrSWpvaU1URTNMalV3TGpFM01pNDRPU0lzSW5CdmNuUWlPakU1T0RnNUxDSnBaQ0k2SWpn
NE16Qm1PV0poTFdJek1EQXROREU1WmkwNU1tWmpMV1JrTldJMVlqZ3laR0UyWmlJc0ltRnBaQ0k2
TUN3aWJtVjBJam9pZEdOd0lpd2lkSGx3WlNJNkltNXZibVVpTENKb2IzTjBJam9pSWl3aWNHRjBh
Q0k2SWlJc0luUnNjeUk2SW01dmJtVWlmUT09CnZtZXNzOi8vZXlKaFpHUWlPaUl4T1RndU5ERXVN
akF6TGpNaUxDSmhhV1FpT2pBc0ltaHZjM1FpT2lKc1p6RXVZMlpqWkc0ekxuaDVlaUlzSW1sa0lq
b2lNek5oWVRVM1pHWXRNV001TXkwME16RTRMVGxtWTJVdFpUZzFNRFF6TjJWbE56Z3hJaXdpYm1W
MElqb2lkM01pTENKd1lYUm9Jam9pTDJSdmJtZDBZV2wzWVc1bkxtTnZiU0lzSW5CdmNuUWlPalEw
TXl3aWNITWlPaUozZDNjdWVXOTFibVZsWkM1M2FXNGlMQ0owYkhNaU9pSjBiSE1pTENKMGVYQmxJ
am9pWVhWMGJ5SXNJbk5sWTNWeWFYUjVJam9pWVhWMGJ5SXNJbk5yYVhBdFkyVnlkQzEyWlhKcFpu
a2lPblJ5ZFdVc0luTnVhU0k2SWlKOQp2bWVzczovL2V5SmhaR1FpT2lKMk1uVnpNREl1YVhONFlT
NTBiM0FpTENKb2IzTjBJam9pSWl3aWFXUWlPaUlpTENKdVpYUWlPaUozY3lJc0luQmhkR2dpT2lJ
dmNtRjVJaXdpY0c5eWRDSTZJalEwTXlJc0luQnpJam9pZDNkM0xubHZkVzVsWldRdWQybHVJaXdp
ZEd4eklqb2lkR3h6SWl3aWRpSTZNaXdpWVdsa0lqb3dMQ0owZVhCbElqb2libTl1WlNKOQp2bWVz
czovL2V5SjJJam9pTWlJc0luQnpJam9pZDNkM0xubHZkVzVsWldRdWQybHVJaXdpWVdSa0lqb2lO
RGt1TWpNMUxqY3pMakV5TlNJc0luQnZjblFpT2pnd0xDSnBaQ0k2SWpobFkyTXhZak0wTFRVMU56
SXROR05qTlMwNE56ZzNMV1UzTm1VMll6STVZMlExWWlJc0ltRnBaQ0k2TUN3aWJtVjBJam9pZEdO
d0lpd2lkSGx3WlNJNkltaDBkSEFpTENKb2IzTjBJam9pSWl3aWNHRjBhQ0k2SWk4aUxDSjBiSE1p
T2lKdWIyNWxJbjA9CnZtZXNzOi8vZXlKb2IzTjBJam9pSWl3aWNHRjBhQ0k2SWk5blpYUjNaV0Yw
YUdWeUlpd2ljRzl5ZENJNklqUTBNeUlzSW5Sc2N5STZJblJzY3lJc0luQnpJam9pZDNkM0xubHZk
VzVsWldRdWQybHVJaXdpYVdRaU9pSXdaRGcyWkdFd01pMDJZekV4TFRFeFpXUXRPREZoWkMwd01E
QXdNVGN3TWpJd01EZ2lMQ0poWkdRaU9pSmhiM0F1YzNObWNtVmxMbkoxSWl3aWRpSTZJaklpTENK
aGFXUWlPaUkyTkNJc0ltNWxkQ0k2SW5keklpd2lkSGx3WlNJNkltNXZibVVpZlE9PQp2bWVzczov
L2V5SmhaR1FpT2lKalpHNHVZMmhwWjNWaExuUnJJaXdpWVdsa0lqb3dMQ0pvYjNOMElqb2lkakl1
WTJocFozVmhMblJySWl3aWFXUWlPaUptWm1abVptWm1aaTFtWm1abUxXWm1abVl0Wm1abVppMW1a
bVptWm1abVptWm1abVlpTENKdVpYUWlPaUozY3lJc0luQmhkR2dpT2lJdmRtMWxjM01pTENKd2Iz
SjBJam8wTkRNc0luQnpJam9pZDNkM0xubHZkVzVsWldRdWQybHVJaXdpZEd4eklqb2lkR3h6SWl3
aWRIbHdaU0k2SW1GMWRHOGlMQ0p6WldOMWNtbDBlU0k2SW1GMWRHOGlMQ0p6YTJsd0xXTmxjblF0
ZG1WeWFXWjVJanAwY25WbExDSnpibWtpT2lKMk1pNWphR2xuZFdFdWRHc2lmUT09CnZtZXNzOi8v
ZXlKMklqb2lNaUlzSW5Ceklqb2lkM2QzTG5sdmRXNWxaV1F1ZDJsdUlpd2lZV1JrSWpvaU1UWXhM
ak0xTGpFeUxqRWlMQ0p3YjNKMElqb2lORFF6SWl3aWFXUWlPaUkyTlRJeE9HWmxPQzFrT1dNeUxU
UmxNRGN0T1RWaVlpMWpZalpsTXpjNVlUUTBNR0lpTENKaGFXUWlPaUl3SWl3aWMyTjVJam9pWVhW
MGJ5SXNJbTVsZENJNkluZHpJaXdpZEhsd1pTSTZJaUlzSW1odmMzUWlPaUl3TURKb2JtZG9MbkJo
WjJWekxtUmxkaUlzSW5CaGRHZ2lPaUl2TmpVeU1UaG1aVGd0WkRsak1pMDBaVEEzTFRrMVltSXRZ
MkkyWlRNM09XRTBOREJpTFhadElpd2lkR3h6SWpvaWRHeHpJbjA9CnZtZXNzOi8vZXlKaFpHUWlP
aUl4TmpjdU1URTBMalkzTGpJMUlpd2lZV2xrSWpvd0xDSm9iM04wSWpvaU1EQTFaR2RrWmk1d1lX
ZGxjeTVrWlhZaUxDSnBaQ0k2SWpZMU1qRTRabVU0TFdRNVl6SXROR1V3TnkwNU5XSmlMV05pTm1V
ek56bGhORFF3WWlJc0ltNWxkQ0k2SW5keklpd2ljR0YwYUNJNklpODJOVEl4T0dabE9DMWtPV015
TFRSbE1EY3RPVFZpWWkxallqWmxNemM1WVRRME1HSXRkbTBpTENKd2IzSjBJam8wTkRNc0luQnpJ
am9pZDNkM0xubHZkVzVsWldRdWQybHVJaXdpZEd4eklqb2lkR3h6SWl3aWRIbHdaU0k2SW1GMWRH
OGlMQ0p6WldOMWNtbDBlU0k2SW1GMWRHOGlMQ0p6YTJsd0xXTmxjblF0ZG1WeWFXWjVJanAwY25W
bExDSnpibWtpT2lJaWZRPT0Kdm1lc3M6Ly9leUoySWpvaU1pSXNJbkJ6SWpvaWQzZDNMbmx2ZFc1
bFpXUXVkMmx1SWl3aVlXUmtJam9pTVRjeUxqWTBMakUwT0M0eE1URWlMQ0p3YjNKMElqb2lORFF6
SWl3aWFXUWlPaUptTXpNNU5UZGxPQzB6TnpKbExUUm1ZbUV0T1RsbFpDMW1OR1JpTXpKalkyVTVa
VFVpTENKaGFXUWlPaUl3SWl3aWMyTjVJam9pWVhWMGJ5SXNJbTVsZENJNkluZHpJaXdpZEhsd1pT
STZJbTV2Ym1VaUxDSm9iM04wSWpvaVpuSXlMbU5tWTJSdU5DNTRlWG9pTENKd1lYUm9Jam9pTDNK
aGVTSXNJblJzY3lJNkluUnNjeUlzSW5OdWFTSTZJaUo5CnZtZXNzOi8vZXlKMklqb2lNaUlzSW5C
eklqb2lkM2QzTG5sdmRXNWxaV1F1ZDJsdUlpd2lZV1JrSWpvaWNHOTNaWEp6WlhKMmFXTmxMbU52
YlNJc0luQnZjblFpT2lJME5ETWlMQ0pwWkNJNklqQTNOalJoTlRrNExUZ3lZelF0TkdJME1TMWlZ
VEV3TFRVMU1XRTJNalZpWldWa05TSXNJbUZwWkNJNklqQWlMQ0p6WTNraU9pSmhkWFJ2SWl3aWJt
VjBJam9pZDNNaUxDSjBlWEJsSWpvaWJtOXVaU0lzSW1odmMzUWlPaUlpTENKd1lYUm9Jam9pZFdz
eUxuWXljbUY1YzJWeWRpNWpiMjBpTENKMGJITWlPaUowYkhNaUxDSnpibWtpT2lJaUxDSmhiSEJ1
SWpvaUluMD0Kdm1lc3M6Ly9leUoySWpvaU1pSXNJbkJ6SWpvaWQzZDNMbmx2ZFc1bFpXUXVkMmx1
SWl3aVlXUmtJam9pTVRRMkxqVTJMakV3TkM0eU16WWlMQ0p3YjNKMElqb2lORFF6SWl3aWFXUWlP
aUk0TVdRNU0yWTJNaTB4TldFeUxUUTVPVFF0WVdSaU9TMHdZalZrT1RBMllXRmpOMlVpTENKaGFX
UWlPaUl3SWl3aWMyTjVJam9pWVhWMGJ5SXNJbTVsZENJNkluZHpJaXdpZEhsd1pTSTZJbTV2Ym1V
aUxDSm9iM04wSWpvaU1UUTJMalUyTGpFd05DNHlNellpTENKd1lYUm9Jam9pTHlJc0luUnNjeUk2
SW5Sc2N5SXNJbk51YVNJNklpSXNJbUZzY0c0aU9pSWlmUT09CnZtZXNzOi8vZXlKMklqb2lNaUlz
SW5Ceklqb2lkM2QzTG5sdmRXNWxaV1F1ZDJsdUlpd2lZV1JrSWpvaU1UY3lMalkwTGpFMU1DNHhO
ekFpTENKd2IzSjBJam9pTkRReklpd2lhV1FpT2lJMk5USXhPR1psT0Mxa09XTXlMVFJsTURjdE9U
VmlZaTFqWWpabE16YzVZVFEwTUdJaUxDSmhhV1FpT2lJd0lpd2ljMk41SWpvaVlYVjBieUlzSW01
bGRDSTZJbmR6SWl3aWRIbHdaU0k2SWlJc0ltaHZjM1FpT2lJd01ERm1jbWN1Y0dGblpYTXVaR1Yy
SWl3aWNHRjBhQ0k2SWk4Mk5USXhPR1psT0Mxa09XTXlMVFJsTURjdE9UVmlZaTFqWWpabE16YzVZ
VFEwTUdJdGRtMGlMQ0owYkhNaU9pSjBiSE1pZlE9PQp2bWVzczovL2V5SmhaR1FpT2lJeE16a3VN
VFl5TGpReExqTTVJaXdpWVdsa0lqb3dMQ0pvYjNOMElqb2lNVE01TGpFMk1pNDBNUzR6T1NJc0lt
bGtJam9pTlRnek1qVmhOVFV0WW1RNU1pMDBOREUzTFdGbU1URXRPREZsWVRkak56a3pPR1UwSWl3
aWJtVjBJam9pZDNNaUxDSndZWFJvSWpvaUwycGpibVlpTENKd2IzSjBJam95TXpRek1pd2ljSE1p
T2lKM2QzY3VlVzkxYm1WbFpDNTNhVzRpTENKMGJITWlPaUlpTENKMGVYQmxJam9pWVhWMGJ5SXNJ
bk5sWTNWeWFYUjVJam9pWVhWMGJ5SXNJbk5yYVhBdFkyVnlkQzEyWlhKcFpua2lPblJ5ZFdVc0lu
TnVhU0k2SWlKOQp2bWVzczovL2V5SmhaR1FpT2lJeE9UZ3VOREV1TWpFeUxqRTFOU0lzSW1GcFpD
STZNQ3dpYUc5emRDSTZJbXhuTVM1alptTmtiakl1ZUhsNklpd2lhV1FpT2lJeU5qZGhPV1l6T0Mw
ME1HUTRMVFJsWkRZdFlXSTFPQzFqWVdaak5qZGxPV001TXpNaUxDSnVaWFFpT2lKM2N5SXNJbkJo
ZEdnaU9pSXZWa2hQVGs5R1dqTWlMQ0p3YjNKMElqbzBORE1zSW5Ceklqb2lkM2QzTG5sdmRXNWxa
V1F1ZDJsdUlpd2lkR3h6SWpvaWRHeHpJaXdpZEhsd1pTSTZJbUYxZEc4aUxDSnpaV04xY21sMGVT
STZJbUYxZEc4aUxDSnphMmx3TFdObGNuUXRkbVZ5YVdaNUlqcDBjblZsTENKemJta2lPaUlpZlE9
PQp2bWVzczovL2V5SjJJam9pTWlJc0luQnpJam9pZDNkM0xubHZkVzVsWldRdWQybHVJaXdpWVdS
a0lqb2lNVFF4TGpFd01TNHhNVFF1TVRNeklpd2ljRzl5ZENJNklqUTBNeUlzSW1sa0lqb2labU5t
WVdWak9URXROakE1TmkwME5HUTRMVGsxTm1NdE56ZzJPR1E1WlRnM05HSXhJaXdpWVdsa0lqb2lN
Q0lzSW5OamVTSTZJbUYxZEc4aUxDSnVaWFFpT2lKM2N5SXNJblI1Y0dVaU9pSnViMjVsSWl3aWFH
OXpkQ0k2SW14bk1TNWpabU5rYmpFdWVIbDZJaXdpY0dGMGFDSTZJaTl5WVhraUxDSjBiSE1pT2lK
MGJITWlMQ0p6Ym1raU9pSWlmUT09CnZtZXNzOi8vZXlKMklqb2lNaUlzSW5Ceklqb2lkM2QzTG5s
dmRXNWxaV1F1ZDJsdUlpd2lZV1JrSWpvaU1USTBMakl5TVM0eE16RXVNVGMySWl3aWNHOXlkQ0k2
TlRBM09UY3NJbWxrSWpvaVptRTBZalptT0dZdE1USTJOQzAwTldWakxUazJOVEV0TmpFMk1HTXhN
bU5oWW1NMUlpd2lZV2xrSWpvd0xDSnVaWFFpT2lKMFkzQWlMQ0owZVhCbElqb2lhSFIwY0NJc0lt
aHZjM1FpT2lJaUxDSndZWFJvSWpvaUx5SXNJblJzY3lJNkltNXZibVVpZlE9PQp2bWVzczovL2V5
SjJJam9pTWlJc0luQnpJam9pZDNkM0xubHZkVzVsWldRdWQybHVJaXdpWVdSa0lqb2lNVFF4TGpF
d01TNHhNVFV1TVRJd0lpd2ljRzl5ZENJNklqUTBNeUlzSW5SNWNHVWlPaUp1YjI1bElpd2lhV1Fp
T2lJNU1UWTBObVk1WVMxaU5HVTVMVFJoWTJFdFltWmxNeTA0T0RreVlqTmxOVGhtWlRjaUxDSmhh
V1FpT2lJd0lpd2libVYwSWpvaWQzTWlMQ0p3WVhSb0lqb2lMM0poZVNJc0ltaHZjM1FpT2lKc1p6
TXdMbU5tWTJSdU15NTRlWG9pTENKMGJITWlPaUowYkhNaWZRPT0Kdm1lc3M6Ly9leUpoWkdRaU9p
STFNUzQ0T1M0eE1EQXVNVEFpTENKaGFXUWlPalkwTENKb2IzTjBJam9pSWl3aWFXUWlPaUk0TTJF
ME1qUmtPQzAwWW1OaUxUUmpaV1V0WWpBeE5pMHlZemhtTVdSaU5HRTVNakVpTENKdVpYUWlPaUoz
Y3lJc0luQmhkR2dpT2lJdmNHRjBhQzh5TkRNMU16VXpNakk1TURZaUxDSndiM0owSWpvME5ETXNJ
bkJ6SWpvaWQzZDNMbmx2ZFc1bFpXUXVkMmx1SWl3aWRHeHpJam9pZEd4eklpd2lkSGx3WlNJNklt
RjFkRzhpTENKelpXTjFjbWwwZVNJNkltRjFkRzhpTENKemEybHdMV05sY25RdGRtVnlhV1o1SWpw
MGNuVmxMQ0p6Ym1raU9pSWlmUT09CnZtZXNzOi8vZXlKaFpHUWlPaUl5TXk0eU1qUXVNekF1TnpB
aUxDSmhhV1FpT2lJMk5DSXNJbVZ1WTNKNWNIUnBiMjRpT2lKaGRYUnZJaXdpYUc5emRDSTZJbmQz
ZHk0Mk56UXhOalUyTWk1NGVYb2lMQ0pwWkNJNklqUXhPREEwT0dGbUxXRXlPVE10TkdJNU9TMDVZ
akJqTFRrNFkyRXpOVGd3WkdReU5DSXNJbTVsZENJNkluZHpJaXdpY0dGMGFDSTZJaTl3WVhSb0x6
TXlNVEV4TXpJeU1URXpNU0lzSW5CdmNuUWlPaUkwTkRNaUxDSndjeUk2SW5kM2R5NTViM1Z1WldW
a0xuZHBiaUlzSW5ObFkzVnlhWFI1SWpvaVlYVjBieUlzSW5OcmFYQXRZMlZ5ZEMxMlpYSnBabmtp
T21aaGJITmxMQ0owYkhNaU9pSjBiSE1pTENKMGVYQmxJam9pWkhSc2N5SXNJblZ5YkY5bmNtOTFj
Q0k2SW5RdWJXVXZjbWx3WVc5cWFXVmthV0Z1SWl3aWRpSTZJaklpZlE9PQp2bWVzczovL2V5SjJJ
am9pTWlJc0luQnpJam9pZDNkM0xubHZkVzVsWldRdWQybHVJaXdpWVdSa0lqb2lNVGs0TGpReExq
SXdNeTR5SWl3aWNHOXlkQ0k2SWpRME15SXNJblI1Y0dVaU9pSnViMjVsSWl3aWFXUWlPaUl4Tnpa
aU5UazRaaTAwTkRWaUxUUXhZV010T1dReVlTMDBNekJqTldNMFpHWXlObUVpTENKaGFXUWlPaUl3
SWl3aWJtVjBJam9pZDNNaUxDSndZWFJvSWpvaUwyUnZibWQwWVdsM1lXNW5MbU52YlNJc0ltaHZj
M1FpT2lKamJHRnphREV1ZEhKMWJYQXlNREl6TG01bGRDSXNJblJzY3lJNkluUnNjeUo5CnZtZXNz
Oi8vZXlKaFpHUWlPaUl4TkRFdU1UQXhMakV4TlM0eE5qQWlMQ0poYVdRaU9qQXNJbWh2YzNRaU9p
SmpiR0Z6YURZdWMzTnlMV1p5WldVdWVIbDZJaXdpYVdRaU9pSTFaalkwWm1FMk5TMDNZakUwTFRR
NVl6VXRPVFUwWkMxaFlURTFZelppWm1OaFkyUWlMQ0p1WlhRaU9pSjNjeUlzSW5CaGRHZ2lPaUl2
Wkc5dVozUmhhWGRoYm1jdVkyOXRJaXdpY0c5eWRDSTZORFF6TENKd2N5STZJbmQzZHk1NWIzVnVa
V1ZrTG5kcGJpSXNJblJzY3lJNkluUnNjeUlzSW5SNWNHVWlPaUpoZFhSdklpd2ljMlZqZFhKcGRI
a2lPaUpoZFhSdklpd2ljMnRwY0MxalpYSjBMWFpsY21sbWVTSTZkSEoxWlN3aWMyNXBJam9pSW4w
PQp2bWVzczovL2V5SjJJam9pTWlJc0luQnpJam9pZDNkM0xubHZkVzVsWldRdWQybHVJaXdpWVdS
a0lqb2lORFV1TmpRdU1qSXVOVFVpTENKd2IzSjBJam9pTkRReklpd2lkSGx3WlNJNkltNXZibVVp
TENKcFpDSTZJakV4T1Rjek1qRmpMV1ZpTlRrdE5ERTFPUzA1TlRsbUxUVmtPREZtTlROak1UYzVN
aUlzSW1GcFpDSTZJakFpTENKdVpYUWlPaUozY3lJc0luQmhkR2dpT2lJdklpd2lhRzl6ZENJNklt
Z3hMamd3TURnM05pNTRlWG9pTENKMGJITWlPaUowYkhNaWZRPT0Kdm1lc3M6Ly9leUoySWpvaU1p
SXNJbkJ6SWpvaWQzZDNMbmx2ZFc1bFpXUXVkMmx1SWl3aVlXUmtJam9pTVRReExqRXdNUzR4TVRV
dU1qQWlMQ0p3YjNKMElqb2lORFF6SWl3aWFXUWlPaUl4TnpaaU5UazRaaTAwTkRWaUxUUXhZV010
T1dReVlTMDBNekJqTldNMFpHWXlObUVpTENKaGFXUWlPaUl3SWl3aWMyTjVJam9pWVhWMGJ5SXNJ
bTVsZENJNkluZHpJaXdpZEhsd1pTSTZJbTV2Ym1VaUxDSm9iM04wSWpvaUlpd2ljR0YwYUNJNklt
TnNZWE5vTVM1MGNuVnRjREl3TWpNdWJtVjBJaXdpZEd4eklqb2lkR3h6SWl3aWMyNXBJam9pSWl3
aVlXeHdiaUk2SWlKOQp2bWVzczovL2V5SmhaR1FpT2lJeE5EUXVNVEkyTGpJeE5DNHlNVGdpTENK
aGFXUWlPakFzSW1odmMzUWlPaUlpTENKcFpDSTZJakkzTlRkbVpEWXlMV1pqWmpBdE5EazBOaTA1
WWpRMkxURmlOamszTnpReE5UYzFZaUlzSW01bGRDSTZJbmR6SWl3aWNHRjBhQ0k2SWk5dE1TSXNJ
bkJ2Y25RaU9qUTBNeXdpY0hNaU9pSjNkM2N1ZVc5MWJtVmxaQzUzYVc0aUxDSjBiSE1pT2lKMGJI
TWlMQ0owZVhCbElqb2lZWFYwYnlJc0luTmxZM1Z5YVhSNUlqb2lZWFYwYnlJc0luTnJhWEF0WTJW
eWRDMTJaWEpwWm5raU9uUnlkV1VzSW5OdWFTSTZJaUo5CnZtZXNzOi8vZXlKMklqb2lNaUlzSW5C
eklqb2lkM2QzTG5sdmRXNWxaV1F1ZDJsdUlpd2lZV1JrSWpvaU1UY3lMalkwTGpFMU5DNHlNaklp
TENKd2IzSjBJam9pTkRReklpd2lhV1FpT2lKbVkyWmhaV001TVMwMk1EazJMVFEwWkRndE9UVTJZ
eTAzT0RZNFpEbGxPRGMwWWpFaUxDSmhhV1FpT2lJd0lpd2ljMk41SWpvaVlYVjBieUlzSW01bGRD
STZJbmR6SWl3aWRIbHdaU0k2SW01dmJtVWlMQ0pvYjNOMElqb2liR2N4TG1ObVkyUnVNUzU0ZVhv
aUxDSndZWFJvSWpvaUwzSmhlU0lzSW5Sc2N5STZJblJzY3lJc0luTnVhU0k2SWlJc0ltRnNjRzRp
T2lJaWZRPT0Kdm1lc3M6Ly9leUoySWpvaU1pSXNJbkJ6SWpvaWQzZDNMbmx2ZFc1bFpXUXVkMmx1
SWl3aVlXUmtJam9pTWpFNUxqYzJMakV6TGpFMk9TSXNJbkJ2Y25RaU9pSTBORE1pTENKMGVYQmxJ
am9pYm05dVpTSXNJbWxrSWpvaU9ERmtPVE5tTmpJdE1UVmhNaTAwT1RrMExXRmtZamt0TUdJMVpE
a3dObUZoWXpkbElpd2lZV2xrSWpvaU1DSXNJbTVsZENJNkluZHpJaXdpY0dGMGFDSTZJaThpTENK
b2IzTjBJam9pZEdkMWJtbDJjM1JoY2k0eE5qZ3RNVE00TFRrMExURTVOQzV6YzJ4cGNDNXBieUlz
SW5Sc2N5STZJblJzY3lKOQp2bWVzczovL2V5SjJJam9pTWlJc0luQnpJam9pZDNkM0xubHZkVzVs
WldRdWQybHVJaXdpWVdSa0lqb2lkVzVwZG5OMFlYSXRNVEEwTFRJd09DMHhNVGN0T0RZdWJtbHdM
bWx2SWl3aWNHOXlkQ0k2SWpRME15SXNJblI1Y0dVaU9pSnViMjVsSWl3aWFXUWlPaUl6TWpoaU1q
VTBOeTFrTVRReExUUmtaalF0WVRjMlpTMDBaakZqTW1Vek5qRm1OV01pTENKaGFXUWlPaUl3SWl3
aWJtVjBJam9pZDNNaUxDSndZWFJvSWpvaUx5SXNJbWh2YzNRaU9pSjFibWwyYzNSaGNpMHhNRFF0
TWpBNExURXhOeTA0Tmk1dWFYQXVhVzhpTENKMGJITWlPaUowYkhNaWZRPT0Kdm1lc3M6Ly9leUpo
WkdRaU9pSXhNamd1TVRRdU1UWXlMalE0SWl3aVlXbGtJam93TENKb2IzTjBJam9pWTJ4aGMyZzJM
bk56Y2kxbWNtVmxMbmg1ZWlJc0ltbGtJam9pTldZMk5HWmhOalV0TjJJeE5DMDBPV00xTFRrMU5H
UXRZV0V4TldNMlltWmpZV05rSWl3aWJtVjBJam9pZDNNaUxDSndZWFJvSWpvaUwyUnZibWQwWVds
M1lXNW5MbU52YlNJc0luQnZjblFpT2pRME15d2ljSE1pT2lKM2QzY3VlVzkxYm1WbFpDNTNhVzRp
TENKMGJITWlPaUowYkhNaUxDSjBlWEJsSWpvaVlYVjBieUlzSW5ObFkzVnlhWFI1SWpvaVlYVjBi
eUlzSW5OcmFYQXRZMlZ5ZEMxMlpYSnBabmtpT25SeWRXVXNJbk51YVNJNklpSjkKdm1lc3M6Ly9l
eUoySWpvaU1pSXNJbkJ6SWpvaWQzZDNMbmx2ZFc1bFpXUXVkMmx1SWl3aVlXUmtJam9pZW1aakxu
ZHBibVJ2ZDNOMWNHUmhkR1V4TG1OdmJTSXNJbkJ2Y25RaU9pSTBORE1pTENKcFpDSTZJamhrTUdK
aVpqRXpMV1V4WldZdE5ERTVaQzFpTURVMExUSXdPREUxTnpjME1qTXpZaUlzSW1GcFpDSTZJakFp
TENKdVpYUWlPaUozY3lJc0luUjVjR1VpT2lKdWIyNWxJaXdpYUc5emRDSTZJbWhwYm1WMExtZDFi
MnhwWTJobGJtY3VZM2x2ZFNJc0luQmhkR2dpT2lJdmJXVnBlbWhwZVhWaGJpOW9hVzVsZEQ5bFpE
MHlNRFE0SWl3aWRHeHpJam9pZEd4ekluMD0Kdm1lc3M6Ly9leUpoWkdRaU9pSXhOekl1TmpRdU1U
VXpMakUxTUNJc0ltRnBaQ0k2TUN3aWFHOXpkQ0k2SW1Oc1lYTm9OaTV6YzNJdFpuSmxaUzU0ZVhv
aUxDSnBaQ0k2SWpWbU5qUm1ZVFkxTFRkaU1UUXRORGxqTlMwNU5UUmtMV0ZoTVRWak5tSm1ZMkZq
WkNJc0ltNWxkQ0k2SW5keklpd2ljR0YwYUNJNklpOWtiMjVuZEdGcGQyRnVaeTVqYjIwaUxDSndi
M0owSWpvME5ETXNJbkJ6SWpvaWQzZDNMbmx2ZFc1bFpXUXVkMmx1SWl3aWRHeHpJam9pZEd4eklp
d2lkSGx3WlNJNkltRjFkRzhpTENKelpXTjFjbWwwZVNJNkltRjFkRzhpTENKemEybHdMV05sY25R
dGRtVnlhV1o1SWpwMGNuVmxMQ0p6Ym1raU9pSWlmUT09CnZtZXNzOi8vZXlKaFpHUWlPaUowWjNW
dWFYWnpkR0Z5TFRFeE9TMHlNemN0TkRNdE9UWXVjM05zYVhBdWFXOGlMQ0poYVdRaU9qWTBMQ0pv
YjNOMElqb2lkbTR6TG5Sb1lXNW9hR0ZwZG5CdUxtNWhiV1V1ZG00aUxDSnBaQ0k2SW1RM1pqSmlO
VGt5TFRKbE5UWXROR0V4TWkwNFpqSTBMVEl3WmpVMVlqUXlNbVZtTWlJc0ltNWxkQ0k2SW5keklp
d2ljR0YwYUNJNklpOGlMQ0p3YjNKMElqbzRNQ3dpY0hNaU9pSjNkM2N1ZVc5MWJtVmxaQzUzYVc0
aUxDSjBiSE1pT2lJaUxDSjBlWEJsSWpvaVlYVjBieUlzSW5ObFkzVnlhWFI1SWpvaVlYVjBieUlz
SW5OcmFYQXRZMlZ5ZEMxMlpYSnBabmtpT25SeWRXVXNJbk51YVNJNklpSjkKdm1lc3M6Ly9leUpo
WkdRaU9pSm9lVzVsYzJOdmJuTjBjblZqZEdsdmJpNWpiMjBpTENKaGFXUWlPakFzSW1odmMzUWlP
aUp6WnpFdGRqSnlZWGt1YzNOb2EybDBMbTl5WnlJc0ltbGtJam9pWXpZM05EZGtZVFF0Wm1JeVpT
MDBZVEpoTFdKa1lqY3RPRFl4TkdKa1pEWmlNR0l6SWl3aWJtVjBJam9pZDNNaUxDSndZWFJvSWpv
aUwzTnphR3RwZEM4ME1ERTBOVEkyT1Rjdk5qTTFZalEyTkRreU1URTBNUzhpTENKd2IzSjBJam8w
TkRNc0luQnpJam9pZDNkM0xubHZkVzVsWldRdWQybHVJaXdpZEd4eklqb2lkR3h6SWl3aWRIbHda
U0k2SW1GMWRHOGlMQ0p6WldOMWNtbDBlU0k2SW1GMWRHOGlMQ0p6YTJsd0xXTmxjblF0ZG1WeWFX
WjVJanAwY25WbExDSnpibWtpT2lJaWZRPT0Kdm1lc3M6Ly9leUpoWkdRaU9pSXhNRE11TVRRM0xq
RXlOaTR4TWpjaUxDSmhhV1FpT2lJd0lpd2laVzVqY25sd2RHbHZiaUk2SW1GMWRHOGlMQ0pvYjNO
MElqb2lNVEF6TGpFME55NHhNall1TVRJM0lpd2lhV1FpT2lKak9EWXpaR1E1WkMwMU5XWXlMVFEy
TVRVdFlqRmhNUzAxTkRsa1lUQTVPRGN5TW1VaUxDSnVaWFFpT2lKM2N5SXNJbkJoZEdnaU9pSXZi
bXR3ZG5CdUxuTnBkR1VpTENKd2IzSjBJam9pT0RBaUxDSndjeUk2SW5kM2R5NTViM1Z1WldWa0xu
ZHBiaUlzSW5ObFkzVnlhWFI1SWpvaVlYVjBieUlzSW5OcmFYQXRZMlZ5ZEMxMlpYSnBabmtpT21a
aGJITmxMQ0owYkhNaU9pSWlMQ0owZVhCbElqb2libTl1WlNJc0luVnliRjluY205MWNDSTZJblF1
YldVdmNtbHdZVzlxYVdWa2FXRnVJaXdpZGlJNklqSWlmUT09CnZtZXNzOi8vZXlKMklqb2lNaUlz
SW5Ceklqb2lkM2QzTG5sdmRXNWxaV1F1ZDJsdUlpd2lZV1JrSWpvaU5EY3VPVE11TWpNeExqSXhP
Q0lzSW5CdmNuUWlPalV6TURJeUxDSnBaQ0k2SWprMVptUTNOalF5TFRJeE5qQXRORFV5T0MxbE9U
QTVMVE5rTlRJMllqVXpNekF4TXlJc0ltRnBaQ0k2TUN3aWJtVjBJam9pZDNNaUxDSjBlWEJsSWpv
aWJtOXVaU0lzSW1odmMzUWlPaUp6WkM0eE9Ea3VZMjRpTENKd1lYUm9Jam9pTHlJc0luUnNjeUk2
SW01dmJtVWlmUT09CnZtZXNzOi8vZXlKMklqb2lNaUlzSW5Ceklqb2lkM2QzTG5sdmRXNWxaV1F1
ZDJsdUlpd2lZV1JrSWpvaU5EY3VPRGd1TlRJdU1qSXdJaXdpY0c5eWRDSTZJamd3SWl3aWRIbHda
U0k2SW01dmJtVWlMQ0pwWkNJNkltTTVabVU0TXpVNUxUVTROemd0TkRReE15MWpPREJsTFRObVpt
VmhZbU0wTjJJd01pSXNJbUZwWkNJNklqQWlMQ0p1WlhRaU9pSjNjeUlzSW5CaGRHZ2lPaUl2SWl3
aWFHOXpkQ0k2SW5jdU9EQXdPRGMyTG5oNWVpSXNJblJzY3lJNklpSjkKdm1lc3M6Ly9leUoySWpv
aU1pSXNJbkJ6SWpvaWQzZDNMbmx2ZFc1bFpXUXVkMmx1SWl3aVlXUmtJam9pTVRNdU1qSTFMamM0
TGpnNUlpd2ljRzl5ZENJNklqUTBNeUlzSW1sa0lqb2lOV000TlRSbE1tVXRNakExWXkwME16QTVM
VGd6TmpNdFptWTJNR1ZoTjJJeVlURTJJaXdpWVdsa0lqb2lNQ0lzSW5OamVTSTZJbUYxZEc4aUxD
SnVaWFFpT2lKM2N5SXNJblI1Y0dVaU9pSnViMjVsSWl3aWFHOXpkQ0k2SW0xdmMzVnljV2Q2T1da
ME1YazRjbTR1TVRFME5URTNMbmg1ZWlJc0luQmhkR2dpT2lJdlkyZHBMV0pwYmk5aGNHa3ZaR0Yw
WVdac2IzY3ZJaXdpZEd4eklqb2lkR3h6SWl3aWMyNXBJam9pSW4wPQp2bWVzczovL2V5SjJJam9p
TWlJc0luQnpJam9pZDNkM0xubHZkVzVsWldRdWQybHVJaXdpWVdSa0lqb2lOall1TWpFeUxqSXdM
ak1pTENKd2IzSjBJam9pTkRReklpd2lhV1FpT2lJd05EYzVaV0k1WkMwNU9UbGtMVFJpWm1ZdFlX
VXpaaTAwWmpkall6UTBNR05sTkRZaUxDSmhhV1FpT2lJd0lpd2ljMk41SWpvaVlYVjBieUlzSW01
bGRDSTZJbmR6SWl3aWRIbHdaU0k2SW01dmJtVWlMQ0pvYjNOMElqb2lkakp5WVhreUxuTnpjaTFt
Y21WbE1pNTRlWG9pTENKd1lYUm9Jam9pTDJSdmJtZDBZV2wzWVc1bkxtTnZiU0lzSW5Sc2N5STZJ
blJzY3lJc0luTnVhU0k2SWlKOQp2bWVzczovL2V5SjJJam9pTWlJc0luQnpJam9pZDNkM0xubHZk
VzVsWldRdWQybHVJaXdpWVdSa0lqb2lNVFF4TGpFd01TNHhNVFV1TWlJc0luQnZjblFpT2lJME5E
TWlMQ0pwWkNJNkltWXpNemsxTjJVNExUTTNNbVV0TkdaaVlTMDVPV1ZrTFdZMFpHSXpNbU5qWlRs
bE5TSXNJbUZwWkNJNklqQWlMQ0p6WTNraU9pSmhkWFJ2SWl3aWJtVjBJam9pZDNNaUxDSjBlWEJs
SWpvaWJtOXVaU0lzSW1odmMzUWlPaUptY2pJdVkyWmpaRzQwTG5oNWVpSXNJbkJoZEdnaU9pSXZj
bUY1SWl3aWRHeHpJam9pZEd4eklpd2ljMjVwSWpvaUluMD0Kdm1lc3M6Ly9leUpoWkdRaU9pSXlN
QzR4T0RjdU56QXVORFlpTENKaGFXUWlPakFzSW1odmMzUWlPaUlpTENKcFpDSTZJamMwT1RZNU5q
Um1MV0kxTXpVdE5ESTJOaTA1TURObExUZzFZems0Tm1FeE5UZzBZU0lzSW01bGRDSTZJbmR6SWl3
aWNHRjBhQ0k2SWk4aUxDSndiM0owSWpvNE1Dd2ljSE1pT2lKM2QzY3VlVzkxYm1WbFpDNTNhVzRp
TENKMGJITWlPaUlpTENKMGVYQmxJam9pWVhWMGJ5SXNJbk5sWTNWeWFYUjVJam9pWVhWMGJ5SXNJ
bk5yYVhBdFkyVnlkQzEyWlhKcFpua2lPblJ5ZFdVc0luTnVhU0k2SWlKOQp2bWVzczovL2V5SjJJ
am9pTWlJc0luQnpJam9pZDNkM0xubHZkVzVsWldRdWQybHVJaXdpWVdSa0lqb2lNVEUzTGpFMk5D
NHhPRFV1TWpJeElpd2ljRzl5ZENJNklqRTJNVEV5SWl3aWFXUWlPaUpsWlRnMk56SXdOQzB6WmpV
eUxUTm1ZV1l0T0dSbE5DMDJaalF4T0RBNU16bGtOMk1pTENKaGFXUWlPaUl3SWl3aWMyTjVJam9p
WVhWMGJ5SXNJbTVsZENJNkluUmpjQ0lzSW5SNWNHVWlPaUp1YjI1bElpd2lhRzl6ZENJNklqRXhO
eTR4TmpRdU1UZzFMakl5TVNJc0luQmhkR2dpT2lJdklpd2lkR3h6SWpvaUlpd2ljMjVwSWpvaUlu
MD0Kdm1lc3M6Ly9leUoySWpvaU1pSXNJbkJ6SWpvaWQzZDNMbmx2ZFc1bFpXUXVkMmx1SWl3aVlX
UmtJam9pZDNkM0xtUnBaMmwwWVd4dlkyVmhiaTVqYjIwaUxDSndiM0owSWpvaU9EQWlMQ0pwWkNJ
NklqQmtZakJoTkRjNUxUZzVPVE10TkdVMVlpMWhNREF5TFRZeU9XVTVaVEJpTkRCbE5TSXNJbUZw
WkNJNklqQWlMQ0p6WTNraU9pSmhkWFJ2SWl3aWJtVjBJam9pZDNNaUxDSjBlWEJsSWpvaWJtOXVa
U0lzSW1odmMzUWlPaUp2TURjdWRHZG1ZV3RoTG1OdmJTSXNJbkJoZEdnaU9pSXZZWEJwTDNZekwy
UnZkMjVzYjJGa0xtZGxkRVpwYkdVaUxDSjBiSE1pT2lJaUxDSnpibWtpT2lJaUxDSmhiSEJ1SWpv
aUluMD0Kdm1lc3M6Ly9leUoySWpvaU1pSXNJbkJ6SWpvaWQzZDNMbmx2ZFc1bFpXUXVkMmx1SWl3
aVlXUmtJam9pTWpFNUxqYzJMakV6TGpFNE1DSXNJbkJ2Y25RaU9pSTBORE1pTENKcFpDSTZJalZt
TmpSbVlUWTFMVGRpTVRRdE5EbGpOUzA1TlRSa0xXRmhNVFZqTm1KbVkyRmpaQ0lzSW1GcFpDSTZJ
akFpTENKelkza2lPaUpoZFhSdklpd2libVYwSWpvaWQzTWlMQ0owZVhCbElqb2libTl1WlNJc0lt
aHZjM1FpT2lKamJHRnphRFl1YzNOeUxXWnlaV1V1ZUhsNklpd2ljR0YwYUNJNklpOWtiMjVuZEdG
cGQyRnVaeTVqYjIwaUxDSjBiSE1pT2lKMGJITWlMQ0p6Ym1raU9pSWlMQ0poYkhCdUlqb2lJbjA9
CnZtZXNzOi8vZXlKaFpHUWlPaUl4T1RndU5ERXVNakF6TGpVaUxDSmhhV1FpT2pBc0ltaHZjM1Fp
T2lKc1p6TXdMbU5tWTJSdU15NTRlWG9pTENKcFpDSTZJamt4TmpRMlpqbGhMV0kwWlRrdE5HRmpZ
UzFpWm1VekxUZzRPVEppTTJVMU9HWmxOeUlzSW01bGRDSTZJbmR6SWl3aWNHRjBhQ0k2SWk5eVlY
a2lMQ0p3YjNKMElqbzBORE1zSW5Ceklqb2lkM2QzTG5sdmRXNWxaV1F1ZDJsdUlpd2lkR3h6SWpv
aWRHeHpJaXdpZEhsd1pTSTZJbUYxZEc4aUxDSnpaV04xY21sMGVTSTZJbUYxZEc4aUxDSnphMmx3
TFdObGNuUXRkbVZ5YVdaNUlqcDBjblZsTENKemJta2lPaUlpZlE9PQp2bWVzczovL2V5SjJJam9p
TWlJc0luQnpJam9pZDNkM0xubHZkVzVsWldRdWQybHVJaXdpWVdSa0lqb2laMmN4TG5SaGJtZHNk
UzU0ZVhvaUxDSndiM0owSWpvaU9EQWlMQ0pwWkNJNklqQmtZakJoTkRjNUxUZzVPVE10TkdVMVlp
MWhNREF5TFRZeU9XVTVaVEJpTkRCbE5TSXNJbUZwWkNJNklqQWlMQ0p6WTNraU9pSmhkWFJ2SWl3
aWJtVjBJam9pZDNNaUxDSjBlWEJsSWpvaWJtOXVaU0lzSW1odmMzUWlPaUp2TURjdWRHZG1ZV3Ro
TG1OdmJTSXNJbkJoZEdnaU9pSXZZWEJwTDNZekwyUnZkMjVzYjJGa0xtZGxkRVpwYkdVaUxDSjBi
SE1pT2lJaUxDSnpibWtpT2lJaUxDSmhiSEJ1SWpvaUluMD0Kdm1lc3M6Ly9leUoySWpvaU1pSXNJ
bkJ6SWpvaWQzZDNMbmx2ZFc1bFpXUXVkMmx1SWl3aVlXUmtJam9pTVRrNExqUXhMakl4TWk0eE1q
SWlMQ0p3YjNKMElqb2lORFF6SWl3aWRIbHdaU0k2SW01dmJtVWlMQ0pwWkNJNkltWmpabUZsWXpr
eExUWXdPVFl0TkRSa09DMDVOVFpqTFRjNE5qaGtPV1U0TnpSaU1TSXNJbUZwWkNJNklqQWlMQ0p1
WlhRaU9pSjNjeUlzSW5CaGRHZ2lPaUl2Y21GNUlpd2lhRzl6ZENJNklteG5NUzVqWm1Oa2JqRXVl
SGw2SWl3aWRHeHpJam9pZEd4ekluMD0Kdm1lc3M6Ly9leUoySWpvaU1pSXNJbkJ6SWpvaWQzZDNM
bmx2ZFc1bFpXUXVkMmx1SWl3aVlXUmtJam9pTkRVdU5qUXVNakl1TmlJc0luQnZjblFpT2lJME5E
TWlMQ0owZVhCbElqb2libTl1WlNJc0ltbGtJam9pTVdZME16SXlaVEV0TUdVM1pTMDBZV1l5TFdO
ak1Ea3RPRFEyTmpaaFl6RTFOakUySWl3aVlXbGtJam9pTUNJc0ltNWxkQ0k2SW5keklpd2ljR0Yw
YUNJNklpOGlMQ0pvYjNOMElqb2lkekV1T0RBd09EYzJMbmg1ZWlJc0luUnNjeUk2SW5Sc2N5SjkK
dm1lc3M6Ly9leUpoWkdRaU9pSXhPRFV1TWpVd0xqSXlNQzR4TXpRaUxDSmhhV1FpT2lJMk5DSXNJ
bVZ1WTNKNWNIUnBiMjRpT2lKaGRYUnZJaXdpYUc5emRDSTZJbmQzZHk0MU5qYzFPVEEzTWk1NGVY
b2lMQ0pwWkNJNklqUXhPREEwT0dGbUxXRXlPVE10TkdJNU9TMDVZakJqTFRrNFkyRXpOVGd3WkdR
eU5DSXNJbTVsZENJNkluZHpJaXdpY0dGMGFDSTZJaTl3WVhSb0x6TXlNVEV4TXpJeU1URXpNU0lz
SW5CdmNuUWlPaUkwTkRNaUxDSndjeUk2SW5kM2R5NTViM1Z1WldWa0xuZHBiaUlzSW5ObFkzVnlh
WFI1SWpvaVlYVjBieUlzSW5OcmFYQXRZMlZ5ZEMxMlpYSnBabmtpT21aaGJITmxMQ0owYkhNaU9p
SjBiSE1pTENKMGVYQmxJam9pWkhSc2N5SXNJblZ5YkY5bmNtOTFjQ0k2SW5RdWJXVXZjbWx3WVc5
cWFXVmthV0Z1SWl3aWRpSTZJaklpZlE9PQp2bWVzczovL2V5SjJJam9pTWlJc0luQnpJam9pZDNk
M0xubHZkVzVsWldRdWQybHVJaXdpWVdSa0lqb2lNVEUzTGpFMk5DNHhPRFV1TWpJeUlpd2ljRzl5
ZENJNklqRTJNVEEzSWl3aWFXUWlPaUpsWlRnMk56SXdOQzB6WmpVeUxUTm1ZV1l0T0dSbE5DMDJa
alF4T0RBNU16bGtOMk1pTENKaGFXUWlPaUl3SWl3aWMyTjVJam9pWVhWMGJ5SXNJbTVsZENJNklu
UmpjQ0lzSW5SNWNHVWlPaUp1YjI1bElpd2lhRzl6ZENJNklqRXhOeTR4TmpRdU1UZzFMakl5TWlJ
c0luQmhkR2dpT2lJdklpd2lkR3h6SWpvaUlpd2ljMjVwSWpvaUluMD0Kdm1lc3M6Ly9leUoySWpv
aU1pSXNJbkJ6SWpvaWQzZDNMbmx2ZFc1bFpXUXVkMmx1SWl3aVlXUmtJam9pTVRBMExqSTJMamt1
TnpRaUxDSndiM0owSWpvaU5EUXpJaXdpYVdRaU9pSm1ObU14WW1GaVpTMDBNVFpsTFRRM1pERXRP
RGN5Tmkwd05EazJOemhsTWpWak4yRWlMQ0poYVdRaU9pSXdJaXdpYzJONUlqb2lZWFYwYnlJc0lt
NWxkQ0k2SW5keklpd2lkSGx3WlNJNkltNXZibVVpTENKb2IzTjBJam9pSWl3aWNHRjBhQ0k2SW5W
ek1pNTJNbkpoZVhObGNuWXVZMjl0SWl3aWRHeHpJam9pZEd4eklpd2ljMjVwSWpvaUlpd2lZV3h3
YmlJNklpSjkKdm1lc3M6Ly9leUpoWkdRaU9pSnJjakl1YzJGdVptVnVNREF4TG5CcFkzTWlMQ0po
YVdRaU9qQXNJbWh2YzNRaU9pSjNkM2N1YldsamNtOXpiMlowTG1OdmJTSXNJbWxrSWpvaU9EQmxP
VFJoWmpZdFpUUXlZUzAwWkdKakxUaG1OR0l0WXpWbU9UbGlaamszWkROa0lpd2libVYwSWpvaWQz
TWlMQ0p3WVhSb0lqb2lMM3BvTFdOdUlpd2ljRzl5ZENJNk5EUXpMQ0p3Y3lJNkluZDNkeTU1YjNW
dVpXVmtMbmRwYmlJc0luUnNjeUk2SW5Sc2N5SXNJblI1Y0dVaU9pSmhkWFJ2SWl3aWMyVmpkWEpw
ZEhraU9pSmhkWFJ2SWl3aWMydHBjQzFqWlhKMExYWmxjbWxtZVNJNmRISjFaU3dpYzI1cElqb2lJ
bjA9CnZtZXNzOi8vZXlKaFpHUWlPaUl4TWpndU1UUXVNVFF3TGpJMU5DSXNJbUZwWkNJNk1Dd2lh
Rzl6ZENJNkluWXljbUY1TWk1emMzSXRabkpsWlRJdWVIbDZJaXdpYVdRaU9pSXdORGM1WldJNVpD
MDVPVGxrTFRSaVptWXRZV1V6WmkwMFpqZGpZelEwTUdObE5EWWlMQ0p1WlhRaU9pSjNjeUlzSW5C
aGRHZ2lPaUl2Wkc5dVozUmhhWGRoYm1jdVkyOXRJaXdpY0c5eWRDSTZORFF6TENKd2N5STZJbmQz
ZHk1NWIzVnVaV1ZrTG5kcGJpSXNJblJzY3lJNkluUnNjeUlzSW5SNWNHVWlPaUpoZFhSdklpd2lj
MlZqZFhKcGRIa2lPaUpoZFhSdklpd2ljMnRwY0MxalpYSjBMWFpsY21sbWVTSTZkSEoxWlN3aWMy
NXBJam9pSW4wPQp2bWVzczovL2V5SjJJam9pTWlJc0luQnpJam9pZDNkM0xubHZkVzVsWldRdWQy
bHVJaXdpWVdSa0lqb2lNVFEwTGpJMExqRTFNQzR4TWpZaUxDSndiM0owSWpvaU5EUXpJaXdpZEhs
d1pTSTZJbTV2Ym1VaUxDSnBaQ0k2SWpneFpEa3paall5TFRFMVlUSXRORGs1TkMxaFpHSTVMVEJp
TldRNU1EWmhZV00zWlNJc0ltRnBaQ0k2SWpBaUxDSnVaWFFpT2lKM2N5SXNJbkJoZEdnaU9pSXZJ
aXdpYUc5emRDSTZJaUlzSW5Sc2N5STZJblJzY3lKOQp2bWVzczovL2V5SmhaR1FpT2lKMk1uVnpN
RE11YVhONFlTNTBiM0FpTENKb2IzTjBJam9pSWl3aWFXUWlPaUlpTENKdVpYUWlPaUozY3lJc0lu
QmhkR2dpT2lJdmNtRjVJaXdpY0c5eWRDSTZJalEwTXlJc0luQnpJam9pZDNkM0xubHZkVzVsWldR
dWQybHVJaXdpZEd4eklqb2lkR3h6SWl3aWRpSTZNaXdpWVdsa0lqb3dMQ0owZVhCbElqb2libTl1
WlNKOQp2bWVzczovL2V5SjJJam9pTWlJc0luQnpJam9pZDNkM0xubHZkVzVsWldRdWQybHVJaXdp
WVdSa0lqb2lkbUYxTVM0d1ltRmtMbU52YlNJc0luQnZjblFpT2lJME5ETWlMQ0owZVhCbElqb2li
bTl1WlNJc0ltbGtJam9pT1RJM01EazBaRE10WkRZM09DMDBOell6TFRnMU9URXRaVEkwTUdRd1lt
TmhaVGczSWl3aVlXbGtJam9pTUNJc0ltNWxkQ0k2SW5keklpd2ljR0YwYUNJNklpOWphR0YwSWl3
aWFHOXpkQ0k2SW5aaGRURXVNR0poWkM1amIyMGlMQ0owYkhNaU9pSjBiSE1pZlE9PQp2bWVzczov
L2V5SmhaR1FpT2lJeE5ERXVNVEF4TGpFeE5TNHhNREFpTENKaGFXUWlPakFzSW1odmMzUWlPaUpz
WnpFdVkyWmpaRzR5TG5oNWVpSXNJbWxrSWpvaU1qWTNZVGxtTXpndE5EQmtPQzAwWldRMkxXRmlO
VGd0WTJGbVl6WTNaVGxqT1RNeklpd2libVYwSWpvaWQzTWlMQ0p3WVhSb0lqb2lMMVpJVDA1UFJs
b3pJaXdpY0c5eWRDSTZORFF6TENKd2N5STZJbmQzZHk1NWIzVnVaV1ZrTG5kcGJpSXNJblJzY3lJ
NkluUnNjeUlzSW5SNWNHVWlPaUpoZFhSdklpd2ljMlZqZFhKcGRIa2lPaUpoZFhSdklpd2ljMnRw
Y0MxalpYSjBMWFpsY21sbWVTSTZkSEoxWlN3aWMyNXBJam9pSW4wPQp2bWVzczovL2V5SjJJam9p
TWlJc0luQnpJam9pZDNkM0xubHZkVzVsWldRdWQybHVJaXdpWVdSa0lqb2lNUzR4T0RBNExtTm1J
aXdpY0c5eWRDSTZJalEwTXlJc0luUjVjR1VpT2lKdWIyNWxJaXdpYVdRaU9pSm1abVptWm1abVpp
MW1abVptTFdabVptWXRabVptWmkxbVptWm1abVptWm1abVptWWlMQ0poYVdRaU9pSXdJaXdpYm1W
MElqb2lkM01pTENKd1lYUm9Jam9pTDNadFpYTnpJaXdpYUc5emRDSTZJbll5TG1Ob2FXZDFZUzUw
YXlJc0luUnNjeUk2SW5Sc2N5SjkKdm1lc3M6Ly9leUoySWpvaU1pSXNJbkJ6SWpvaWQzZDNMbmx2
ZFc1bFpXUXVkMmx1SWl3aVlXUmtJam9pYW0wdWFuTm9jM2g0ZUhrdWRHOXdJaXdpY0c5eWRDSTZJ
alEwTXlJc0luUjVjR1VpT2lKdWIyNWxJaXdpYVdRaU9pSmhZekk1WldZME1pMDNNVEF3TFRSbVpH
UXRZVFZsWlMwMVltSXdOMkl4TkRabE5qRWlMQ0poYVdRaU9pSXdJaXdpYm1WMElqb2lkM01pTENK
d1lYUm9Jam9pTDAxdmEyOXVZVTF2Wkc5cmFVMXJkakpTWlc1MGNua2lMQ0pvYjNOMElqb2lhbTB1
YW5Ob2MzaDRlSGt1ZEc5d0lpd2lkR3h6SWpvaWRHeHpJbjA9CnZtZXNzOi8vZXlKMklqb2lNaUlz
SW5Ceklqb2lkM2QzTG5sdmRXNWxaV1F1ZDJsdUlpd2lZV1JrSWpvaU1UUTJMakU1TUM0eUxqVTBJ
aXdpY0c5eWRDSTZJalEwTXlJc0ltbGtJam9pTW1FME9URTRaR1V0WVdSalpTMDBZelJsTFdGaE1E
QXRPRGhoTkRJeU4yTm1ObVZoSWl3aVlXbGtJam9pTUNJc0luTmplU0k2SW1GMWRHOGlMQ0p1WlhR
aU9pSjNjeUlzSW5SNWNHVWlPaUp1YjI1bElpd2lhRzl6ZENJNklpSXNJbkJoZEdnaU9pSXhORFl1
TVRrd0xqSXVOVFFpTENKMGJITWlPaUowYkhNaUxDSnpibWtpT2lJaUxDSmhiSEJ1SWpvaUluMD0K
dm1lc3M6Ly9leUoySWpvaU1pSXNJbkJ6SWpvaWQzZDNMbmx2ZFc1bFpXUXVkMmx1SWl3aVlXUmtJ
am9pTVRVeUxqWTVMakl6TUM0eE56QWlMQ0p3YjNKMElqb2lPREFpTENKMGVYQmxJam9pYm05dVpT
SXNJbWxrSWpvaU5tRmhNalJrWldRdE5XWXhOUzAwT0dNM0xUaGpZbUV0TTJVeVlURTFPV1EyWWpj
M0lpd2lZV2xrSWpvaU1DSXNJbTVsZENJNkluZHpJaXdpY0dGMGFDSTZJaThpTENKb2IzTjBJam9p
TVRVeUxqWTVMakl6TUM0eE56QWlMQ0owYkhNaU9pSWlmUT09CnZtZXNzOi8vZXlKaFpHUWlPaUl5
TUM0eU16a3VNVFUzTGpFNE9TSXNJbUZwWkNJNklqQWlMQ0pvYjNOMElqb2lZWHBvYXpJdWMyOTFk
R2h3WVhKckxtbGpkU0lzSW1sa0lqb2lZVE5sT0Rjd1l6QXRNemRtTkMwMFlXRTFMVGxtWVdJdE5H
TmtPVFJrWWpObFpHSmpJaXdpYm1WMElqb2lkM01pTENKd1lYUm9Jam9pTDNKMWJpSXNJbkJ2Y25R
aU9qRXdNREU0TENKd2N5STZJbmQzZHk1NWIzVnVaV1ZrTG5kcGJpSXNJblJzY3lJNkluUnNjeUlz
SW5SNWNHVWlPaUp1YjI1bElpd2lkaUk2SWpJaWZRPT0Kdm1lc3M6Ly9leUoySWpvaU1pSXNJbkJ6
SWpvaWQzZDNMbmx2ZFc1bFpXUXVkMmx1SWl3aVlXUmtJam9pTVRBMkxqRXlMakUyT0M0eE15SXNJ
bkJ2Y25RaU9qRXpNVFUyTENKcFpDSTZJamxpWmpSalltRTBMVGxsT1dVdE5HUmhOQzA0WlRZMUxX
WTNZelE0TjJNMU16bGtaaUlzSW1GcFpDSTZNQ3dpYm1WMElqb2lkM01pTENKMGVYQmxJam9pYm05
dVpTSXNJbWh2YzNRaU9pSmhMakU0T1M1amJpSXNJbkJoZEdnaU9pSXZJaXdpZEd4eklqb2libTl1
WlNKOQp2bWVzczovL2V5SmhaR1FpT2lJMU1pNHhNekV1TWpFNExqRTJNaUlzSW5ZaU9pSXlJaXdp
Y0hNaU9pSjNkM2N1ZVc5MWJtVmxaQzUzYVc0aUxDSndiM0owSWpvMU1qSXdNeXdpYVdRaU9pSm1P
R1F5TkdZd05pMHhOVEV6TFRNelptTXRZbVkwT1Mwek5HRmpNak14Wm1RMk5qVWlMQ0poYVdRaU9p
SXlJaXdpYm1WMElqb2lkR053SWl3aWRIbHdaU0k2SWlJc0ltaHZjM1FpT2lJaUxDSndZWFJvSWpv
aUx5SXNJblJzY3lJNklpSjkKdm1lc3M6Ly9leUoySWpvaU1pSXNJbkJ6SWpvaWQzZDNMbmx2ZFc1
bFpXUXVkMmx1SWl3aVlXUmtJam9pTVRneUxqWXhMalF3TGpFeE5TSXNJbkJ2Y25RaU9qSXpPRFEy
TENKcFpDSTZJamsxWVdVM016VTNMV0kwWmpVdE5HWm1OUzA1T0RoaExXTXpZalV5WkRWbFlXSmlZ
eUlzSW1GcFpDSTZNQ3dpYm1WMElqb2lkR053SWl3aWRIbHdaU0k2SW01dmJtVWlMQ0pvYjNOMElq
b2lJaXdpY0dGMGFDSTZJaUlzSW5Sc2N5STZJbTV2Ym1VaWZRPT0Kdm1lc3M6Ly9leUoySWpvaU1p
SXNJbkJ6SWpvaWQzZDNMbmx2ZFc1bFpXUXVkMmx1SWl3aVlXUmtJam9pTVRReExqRXdNUzR4TVRR
dU1UQXdJaXdpY0c5eWRDSTZJalEwTXlJc0ltbGtJam9pTkRZM09XWXdNR1V0T1RCalpTMDBNekJr
TFRrM01UUXRObUV4T1RNMk4ySmhNVEV5SWl3aVlXbGtJam9pTUNJc0luTmplU0k2SW1GMWRHOGlM
Q0p1WlhRaU9pSjNjeUlzSW5SNWNHVWlPaUp1YjI1bElpd2lhRzl6ZENJNkluWXljbUY1TVM1NmFI
VnFhV051TWk1dmNtY2lMQ0p3WVhSb0lqb2lMMlJ2Ym1kMFlXbDNZVzVuTG1OdmJTSXNJblJzY3lJ
NkluUnNjeUlzSW5OdWFTSTZJaUlzSW1Gc2NHNGlPaUlpZlE9PQp2bWVzczovL2V5SjJJam9pTWlJ
c0luQnpJam9pZDNkM0xubHZkVzVsWldRdWQybHVJaXdpWVdSa0lqb2lNVFF4TGpFd01TNHhNVFF1
TWpVaUxDSndiM0owSWpvaU5EUXpJaXdpYVdRaU9pSTVNVFkwTm1ZNVlTMWlOR1U1TFRSaFkyRXRZ
bVpsTXkwNE9Ea3lZak5sTlRobVpUY2lMQ0poYVdRaU9pSXdJaXdpYzJONUlqb2lZWFYwYnlJc0lt
NWxkQ0k2SW5keklpd2lkSGx3WlNJNkltNXZibVVpTENKb2IzTjBJam9pYkdjek1DNWpabU5rYmpN
dWVIbDZJaXdpY0dGMGFDSTZJaTl5WVhraUxDSjBiSE1pT2lKMGJITWlMQ0p6Ym1raU9pSWlmUT09
CnZtZXNzOi8vZXlKaFpHUWlPaUpyY2pFdWMyRnVabVZ1TURBeExuQnBZM01pTENKaGFXUWlPakFz
SW1odmMzUWlPaUozZDNjdWJXbGpjbTl6YjJaMExtTnZiU0lzSW1sa0lqb2lPREJsT1RSaFpqWXRa
VFF5WVMwMFpHSmpMVGhtTkdJdFl6Vm1PVGxpWmprM1pETmtJaXdpYm1WMElqb2lkM01pTENKd1lY
Um9Jam9pTDNwb0xXTnVJaXdpY0c5eWRDSTZORFF6TENKd2N5STZJbmQzZHk1NWIzVnVaV1ZrTG5k
cGJpSXNJblJzY3lJNkluUnNjeUlzSW5SNWNHVWlPaUpoZFhSdklpd2ljMlZqZFhKcGRIa2lPaUpo
ZFhSdklpd2ljMnRwY0MxalpYSjBMWFpsY21sbWVTSTZkSEoxWlN3aWMyNXBJam9pSW4wPQp2bWVz
czovL2V5SmhaR1FpT2lJeE1EUXVNVGt1TWpJdU1qUTVJaXdpWVdsa0lqb3dMQ0pvYjNOMElqb2lj
bUZyYzIxaGNuUXVaRzl3WVcxcGJtVXVaMkVpTENKcFpDSTZJbVU0WkRkbFlqSXpMV1EzT1dVdE5E
SmxZeTFtWmpKa0xUaGxNRGczTVdObFl6Rm1ZeUlzSW01bGRDSTZJbmR6SWl3aWNHRjBhQ0k2SWk4
aUxDSndiM0owSWpvNE1Dd2ljSE1pT2lKM2QzY3VlVzkxYm1WbFpDNTNhVzRpTENKMGJITWlPaUlp
TENKMGVYQmxJam9pWVhWMGJ5SXNJbk5sWTNWeWFYUjVJam9pWVhWMGJ5SXNJbk5yYVhBdFkyVnlk
QzEyWlhKcFpua2lPblJ5ZFdVc0luTnVhU0k2SWlKOQp2bWVzczovL2V5SndjeUk2SW5kM2R5NTVi
M1Z1WldWa0xuZHBiaUlzSW1Ga1pDSTZJbmQzZHk1clpYSnVaV3h6TG1KcFpDSXNJbkJ2Y25RaU9p
STBORE1pTENKcFpDSTZJalpqTjJNMVpUTmhMVGN6WVdRdE5EWTNZUzB4TWpReExUSXdOams0TjJS
aFlUQTBaaUlzSW1GcFpDSTZJakFpTENKdVpYUWlPaUozY3lJc0luUjVjR1VpT2lKdWIyNWxJaXdp
YUc5emRDSTZJaTkzY3lJc0luUnNjeUk2SW5Sc2N5SjkK
